2021-01-13 16:24:41,502 interview.performance 13 INFO     0.11402249336242676 /resume/add/ {'apply_position': '音视频工程师', 'city': '上海'}
2021-01-13 16:25:30,202 interview.performance 13 INFO     0.12952613830566406 /resume/add/ {'apply_position': '音视频工程师', 'city': '上海'}
2021-01-13 16:25:49,958 interview.performance 13 INFO     0.034543514251708984 /resume/add/ {'apply_position': '音视频工程师', 'city': '上海'}
2021-01-13 17:06:08,167 interview.performance 15 INFO     0.10863184928894043 / {}
2021-01-13 17:07:01,171 interview.performance 15 INFO     0.015999317169189453 / {}
2021-01-13 17:07:02,570 interview.performance 15 INFO     0.009003639221191406 / {}
2021-01-13 17:17:29,834 interview.performance 15 INFO     0.04594683647155762 / {}
2021-01-13 17:18:38,192 interview.performance 15 INFO     0.02099895477294922 / {}
2021-01-13 17:24:00,396 interview.performance 15 INFO     0.027188777923583984 / {}
2021-01-13 17:24:03,803 interview.performance 15 INFO     0.12157034873962402 /i18n/setlang/ {}
2021-01-13 17:24:03,840 interview.performance 15 INFO     0.014747858047485352 / {}
2021-01-13 17:24:04,861 interview.performance 15 INFO     0.10315704345703125 /i18n/setlang/ {}
2021-01-13 17:24:04,892 interview.performance 15 INFO     0.012156963348388672 / {}
2021-01-13 17:24:07,259 interview.performance 15 INFO     0.11176061630249023 /i18n/setlang/ {}
2021-01-13 17:24:07,290 interview.performance 15 INFO     0.012000322341918945 / {}
2021-01-13 17:24:08,615 interview.performance 15 INFO     0.104095458984375 /i18n/setlang/ {}
2021-01-13 17:24:08,647 interview.performance 15 INFO     0.013010740280151367 / {}
2021-01-13 17:24:09,793 interview.performance 15 INFO     0.07799983024597168 /i18n/setlang/ {}
2021-01-13 17:24:09,832 interview.performance 15 INFO     0.010046005249023438 / {}
2021-01-13 17:24:19,583 interview.performance 15 INFO     0.45360422134399414 /i18n/setlang/ {}
2021-01-13 17:24:19,619 interview.performance 15 INFO     0.012349128723144531 / {}
2021-01-13 17:24:20,249 interview.performance 15 INFO     0.08614230155944824 /i18n/setlang/ {}
2021-01-13 17:24:20,282 interview.performance 15 INFO     0.012995481491088867 / {}
2021-01-13 17:25:41,011 interview.performance 15 INFO     0.04381084442138672 / {}
2021-01-13 17:25:43,005 interview.performance 15 INFO     0.016019582748413086 / {}
2021-01-13 17:25:43,790 interview.performance 15 INFO     0.1095738410949707 /i18n/setlang/ {}
2021-01-13 17:25:43,823 interview.performance 15 INFO     0.012014627456665039 / {}
2021-01-13 17:25:46,073 interview.performance 15 INFO     0.12449812889099121 /i18n/setlang/ {}
2021-01-13 17:25:46,120 interview.performance 15 INFO     0.01867198944091797 / {}
2021-01-13 17:25:50,507 interview.performance 15 INFO     0.11466050148010254 /i18n/setlang/ {}
2021-01-13 17:25:50,536 interview.performance 15 INFO     0.010687589645385742 / {}
2021-01-13 17:26:13,573 interview.performance 15 INFO     0.10376906394958496 /i18n/setlang/ {}
2021-01-13 17:26:13,613 interview.performance 15 INFO     0.018281936645507812 / {}
2021-01-13 17:26:21,143 interview.performance 15 INFO     2.3727262020111084 /admin/ {}
2021-01-13 17:26:24,151 interview.performance 15 INFO     0.02805805206298828 /admin/auth/ {}
2021-01-13 17:26:25,045 interview.performance 15 INFO     0.13347792625427246 /admin/auth/group/ {}
2021-01-13 17:26:25,111 interview.performance 15 INFO     0.014000892639160156 /admin/jsi18n/ {}
2021-01-13 17:26:26,114 interview.performance 15 INFO     0.01900649070739746 /admin/auth/ {}
2021-01-13 17:26:26,837 interview.performance 15 INFO     0.02414226531982422 /admin/ {}
2021-01-13 17:26:27,999 interview.performance 15 INFO     0.16574740409851074 /admin/interview/candidate/ {}
2021-01-13 17:26:28,087 interview.performance 15 INFO     0.0135345458984375 /admin/jsi18n/ {}
2021-01-13 17:26:30,515 interview.performance 15 INFO     0.020747661590576172 /admin/ {}
2021-01-13 17:28:22,206 interview.performance 15 INFO     0.009631872177124023 / {}
2021-01-13 17:28:26,287 interview.performance 15 INFO     0.10123777389526367 /i18n/setlang/ {}
2021-01-13 17:28:26,328 interview.performance 15 INFO     0.015997886657714844 / {}
2021-01-14 13:30:43,380 interview.performance 15 INFO     0.09896445274353027 / {}
2021-01-14 13:30:43,739 interview.performance 15 INFO     0.10499978065490723 /favicon.ico {}
2021-01-14 13:30:57,621 interview.performance 15 INFO     0.0 /sentry-debug {}
2021-01-14 13:30:59,843 interview.performance 15 INFO     2.197068214416504 /sentry-debug/ {}
2021-01-14 13:32:41,893 interview.performance 15 INFO     0.06485795974731445 /admin/ {}
2021-01-14 13:32:42,659 interview.performance 15 INFO     0.023999452590942383 /admin/ {}
2021-01-14 13:32:45,789 interview.performance 15 INFO     0.25630974769592285 /admin/interview/candidate/ {}
2021-01-14 13:32:45,901 interview.performance 15 INFO     0.02834320068359375 /admin/jsi18n/ {}
2021-01-14 13:34:18,739 interview.performance 15 INFO     0.11126017570495605 /admin/interview/candidate/ {}
2021-01-14 14:49:56,720 interview.performance 38 INFO     0.43056225776672363 /admin/interview/candidate/5/change/ {}
2021-01-14 14:49:56,814 interview.performance 38 INFO     0.013003826141357422 /admin/jsi18n/ {}
2021-01-14 14:49:58,198 interview.performance 38 INFO     0.19653797149658203 /admin/interview/candidate/ {}
2021-01-14 14:50:19,312 interview.performance 38 INFO     0.0 /resume/9 {}
2021-01-14 14:50:19,366 interview.performance 55 WARNING  url:http://127.0.0.1:8000/resume/9/ ** msg:Http404('没有找到符合查询的 简历') ````Traceback (most recent call last):
  File "C:\Users\sqw12\.virtualenvs\Django_rapid_program-979I0A3D\lib\site-packages\django\views\generic\detail.py", line 52, in get_object
    obj = queryset.get()
  File "C:\Users\sqw12\.virtualenvs\Django_rapid_program-979I0A3D\lib\site-packages\django\db\models\query.py", line 431, in get
    self.model._meta.object_name
jobs.models.Resume.DoesNotExist: Resume matching query does not exist.

During handling of the above exception, another exception occurred:

Traceback (most recent call last):
  File "C:\Users\sqw12\.virtualenvs\Django_rapid_program-979I0A3D\lib\site-packages\django\core\handlers\base.py", line 181, in _get_response
    response = wrapped_callback(request, *callback_args, **callback_kwargs)
  File "C:\Users\sqw12\.virtualenvs\Django_rapid_program-979I0A3D\lib\site-packages\sentry_sdk\integrations\django\views.py", line 67, in sentry_wrapped_callback
    return callback(request, *args, **kwargs)
  File "C:\Users\sqw12\.virtualenvs\Django_rapid_program-979I0A3D\lib\site-packages\django\views\generic\base.py", line 70, in view
    return self.dispatch(request, *args, **kwargs)
  File "C:\Users\sqw12\.virtualenvs\Django_rapid_program-979I0A3D\lib\site-packages\django\views\generic\base.py", line 98, in dispatch
    return handler(request, *args, **kwargs)
  File "C:\Users\sqw12\.virtualenvs\Django_rapid_program-979I0A3D\lib\site-packages\django\views\generic\detail.py", line 106, in get
    self.object = self.get_object()
  File "C:\Users\sqw12\.virtualenvs\Django_rapid_program-979I0A3D\lib\site-packages\django\views\generic\detail.py", line 55, in get_object
    {'verbose_name': queryset.model._meta.verbose_name})
django.http.response.Http404: 没有找到符合查询的 简历
````
2021-01-14 14:50:19,675 interview.performance 38 INFO     0.33974123001098633 /resume/9/ {}
2021-01-14 14:52:01,883 interview.performance 38 INFO     0.03423500061035156 / {}
2021-01-14 15:00:58,826 interview.performance 38 INFO     0.0019981861114501953 /detail_resume/2 {}
2021-01-14 15:00:58,872 interview.performance 38 INFO     0.01199650764465332 /detail_resume/2/ {}
2021-01-14 15:03:52,151 interview.performance 38 INFO     0.041376590728759766 / {}
2021-01-14 15:03:57,325 interview.performance 38 INFO     0.1356494426727295 /accounts/logout/ {}
2021-01-14 15:03:58,457 interview.performance 38 INFO     0.025005578994750977 /accounts/login/ {}
2021-01-14 15:04:00,475 interview.performance 38 INFO     0.05458807945251465 /accounts/register/ {}
2021-01-14 15:04:33,378 interview.performance 38 INFO     0.7027268409729004 /accounts/register/ {}
2021-01-14 15:04:33,409 interview.performance 38 INFO     0.012001991271972656 / {}
2021-01-14 15:04:37,715 interview.performance 38 INFO     0.010350942611694336 /joblist/ {}
2021-01-14 15:04:40,113 interview.performance 38 INFO     0.0574953556060791 /job/2/ {}
2021-01-14 15:04:41,303 interview.performance 38 INFO     0.10621953010559082 /resume/add/ {'apply_position': '高级移动开发工程师', 'city': '北京'}
2021-01-14 15:06:33,835 interview.performance 38 INFO     0.10100769996643066 /resume/add/ {'apply_position': '高级移动开发工程师', 'city': '北京'}
2021-01-14 15:06:33,876 interview.performance 38 INFO     0.010337114334106445 /joblist/ {}
2021-01-14 15:06:39,471 interview.performance 38 INFO     0.009998798370361328 /admin/ {}
2021-01-14 15:06:39,640 interview.performance 38 INFO     0.1467418670654297 /admin/login/ {'next': '/admin/'}
2021-01-14 15:06:42,733 interview.performance 38 INFO     0.0030002593994140625 /admin/ {}
2021-01-14 15:06:42,780 interview.performance 38 INFO     0.01583123207092285 /admin/login/ {'next': '/admin/'}
2021-01-14 15:06:45,947 interview.performance 38 INFO     0.37361764907836914 /admin/login/ {'next': '/admin/'}
2021-01-14 15:06:45,999 interview.performance 38 INFO     0.02443718910217285 /admin/ {}
2021-01-14 15:06:47,855 interview.performance 38 INFO     0.17548394203186035 /admin/interview/candidate/ {}
2021-01-14 15:06:47,915 interview.performance 38 INFO     0.012470722198486328 /admin/jsi18n/ {}
2021-01-14 15:06:54,244 interview.performance 38 INFO     0.01971602439880371 /admin/ {}
2021-01-14 15:06:56,145 interview.performance 38 INFO     0.050864458084106445 /admin/jobs/resume/ {}
2021-01-14 15:06:56,223 interview.performance 38 INFO     0.011138677597045898 /admin/jsi18n/ {}
2021-01-14 15:07:01,669 interview.performance 38 INFO     0.10015201568603516 /admin/jobs/resume/ {}
2021-01-14 15:07:01,739 interview.performance 38 INFO     0.0485072135925293 /admin/jobs/resume/ {}
2021-01-14 15:07:01,791 interview.performance 38 INFO     0.010001420974731445 /admin/jsi18n/ {}
2021-01-14 15:07:03,477 interview.performance 38 INFO     0.025197505950927734 /admin/ {}
2021-01-14 15:07:04,682 interview.performance 38 INFO     0.07236504554748535 /admin/auth/user/ {}
2021-01-14 15:07:04,742 interview.performance 38 INFO     0.008836030960083008 /admin/jsi18n/ {}
2021-01-14 15:07:06,107 interview.performance 38 INFO     0.024956941604614258 /admin/ {}
2021-01-14 15:07:07,414 interview.performance 38 INFO     0.14120745658874512 /admin/interview/candidate/ {}
2021-01-14 15:07:07,468 interview.performance 38 INFO     0.010605335235595703 /admin/jsi18n/ {}
2021-01-14 15:07:18,969 interview.performance 38 INFO     0.001001596450805664 /resume/3 {}
2021-01-14 15:07:19,051 interview.performance 38 INFO     0.05667996406555176 /resume/3/ {}
2021-01-14 15:08:13,351 interview.performance 38 INFO     0.0 /detail_resume/3 {}
2021-01-14 15:08:13,390 interview.performance 38 INFO     0.0040204524993896484 /detail_resume/3/ {}
2021-01-14 15:08:32,548 interview.performance 38 INFO     0.002006053924560547 /detail_resume/3/ {}
2021-01-14 15:28:19,596 interview.performance 38 INFO     0.17858099937438965 /admin/ {}
2021-01-14 15:28:20,147 interview.performance 38 INFO     0.027077913284301758 /admin/ {}
2021-01-14 15:28:36,590 interview.performance 38 INFO     0.011577129364013672 /create_hr_user/ {}
2021-01-14 15:29:58,543 interview.performance 38 INFO     0.28986024856567383 /create_hr_user/ {}
2021-01-14 15:30:23,545 interview.performance 38 INFO     0.08286499977111816 /admin/auth/user/ {}
2021-01-14 15:30:23,612 interview.performance 38 INFO     0.014000177383422852 /admin/jsi18n/ {}
2021-01-14 15:38:18,386 interview.performance 38 INFO     0.2527930736541748 /create_hr_user/ {}
2021-01-14 15:38:30,906 interview.performance 38 INFO     0.06592917442321777 /admin/auth/user/ {}
2021-01-14 15:38:30,952 interview.performance 38 INFO     0.00786733627319336 /admin/jsi18n/ {}
2021-01-14 15:40:38,841 interview.performance 38 INFO     0.02149176597595215 /create_hr_user/ {}
2021-01-14 15:41:50,394 interview.performance 38 INFO     0.18889069557189941 /admin/ {}
2021-01-14 15:41:56,432 interview.performance 38 INFO     0.008026361465454102 /create_hr_user/ {}
2021-01-14 15:42:13,414 interview.performance 38 INFO     0.008200407028198242 /create_hr_user/ {}
2021-01-14 15:42:19,757 interview.performance 38 INFO     0.010841846466064453 /create_hr_user/ {}
2021-01-14 15:42:25,189 interview.performance 38 INFO     0.004111528396606445 /create_hr_user/ {}
2021-01-14 15:42:29,574 interview.performance 38 INFO     0.0029878616333007812 /create_hr_user/ {}
2021-01-14 15:42:31,795 interview.performance 38 INFO     0.0069997310638427734 /create_hr_user/ {}
2021-01-14 15:42:35,539 interview.performance 38 INFO     0.00299835205078125 /create_hr_user/ {}
2021-01-14 15:42:39,997 interview.performance 38 INFO     0.007693767547607422 /create_hr_user/ {}
2021-01-14 15:42:41,963 interview.performance 38 INFO     0.007039546966552734 /create_hr_user/ {}
2021-01-14 15:42:59,138 interview.performance 38 INFO     0.008708000183105469 /create_hr_user/ {}
2021-01-14 15:42:59,904 interview.performance 38 INFO     0.011281251907348633 /create_hr_user/ {}
2021-01-14 15:43:00,202 interview.performance 38 INFO     0.012999773025512695 /create_hr_user/ {}
2021-01-14 15:43:00,443 interview.performance 38 INFO     0.011998653411865234 /create_hr_user/ {}
2021-01-14 15:43:00,811 interview.performance 38 INFO     0.013512849807739258 /create_hr_user/ {}
2021-01-14 15:43:01,079 interview.performance 38 INFO     0.014755725860595703 /create_hr_user/ {}
2021-01-14 15:43:04,309 interview.performance 38 INFO     0.0019788742065429688 /create_hr_user/ {}
2021-01-14 15:43:06,107 interview.performance 38 INFO     0.003992319107055664 /create_hr_user/ {}
2021-01-14 15:43:07,829 interview.performance 38 INFO     0.009098291397094727 /create_hr_user/ {}
2021-01-14 15:59:24,727 interview.performance 38 INFO     0.026007890701293945 /aip {}
2021-01-14 15:59:29,273 interview.performance 38 INFO     0.0 /api {}
2021-01-14 15:59:29,340 interview.performance 38 INFO     0.043992042541503906 /api/ {}
2021-01-14 15:59:33,538 interview.performance 38 INFO     0.04933524131774902 /api/users/ {}
2021-01-14 15:59:35,815 interview.performance 38 INFO     0.04966092109680176 /api/jobs/ {}
2021-01-14 15:59:48,733 interview.performance 38 INFO     0.04504990577697754 /api/jobs/ {}
2021-01-14 15:59:50,604 interview.performance 38 INFO     0.05308723449707031 /api/jobs/1/ {}
2021-01-14 15:59:52,487 interview.performance 38 INFO     0.04767942428588867 /api/jobs/1/ {}
2021-01-14 16:01:30,620 interview.performance 38 INFO     0.007731437683105469 /api/ {'format': 'json'}
2021-01-14 16:01:44,202 interview.performance 38 INFO     0.09665393829345703 /api-auth/logout/ {'next': '/api/'}
2021-01-14 16:01:44,233 interview.performance 38 INFO     0.010024309158325195 /api/ {}
2021-01-14 16:01:45,491 interview.performance 38 INFO     0.013763666152954102 /api-auth/login/ {'next': '/api/'}
2021-01-14 16:01:50,041 interview.performance 38 INFO     0.5075013637542725 /api-auth/login/ {}
2021-01-14 16:01:50,077 interview.performance 38 INFO     0.013907909393310547 /api/ {}
2021-01-14 16:01:56,047 interview.performance 38 INFO     0.0482025146484375 /api/jobs/ {}
2021-01-14 16:10:12,218 interview.performance 38 INFO     0.1881084442138672 /admin/ {}
2021-01-14 16:10:15,339 interview.performance 38 INFO     0.16709160804748535 /admin/interview/candidate/ {}
2021-01-14 16:10:15,403 interview.performance 38 INFO     0.011001110076904297 /admin/jsi18n/ {}
2021-01-14 16:10:16,854 interview.performance 38 INFO     0.004991769790649414 /resume/2/ {}
2021-01-14 16:10:36,263 interview.performance 38 INFO     0.008999824523925781 /resume/2/ {}
2021-01-14 16:12:51,463 interview.performance 38 INFO     0.07415246963500977 /resume/2/ {}
2021-01-14 16:14:09,902 interview.performance 38 INFO     0.18393754959106445 /admin/ {}
2021-01-14 16:14:12,633 interview.performance 38 INFO     0.05195283889770508 /admin/jobs/job/ {}
2021-01-14 16:14:12,695 interview.performance 38 INFO     0.016635656356811523 /admin/jsi18n/ {}
2021-01-14 16:14:17,530 interview.performance 38 INFO     0.04200339317321777 /admin/jobs/job/2/change/ {}
2021-01-14 16:14:29,389 interview.performance 38 INFO     0.01642632484436035 / {}
2021-01-14 16:14:30,586 interview.performance 38 INFO     0.016043663024902344 /job/1/ {}
2021-01-14 16:19:18,180 interview.performance 38 INFO     0.012920618057250977 /job/1/ {}
2021-01-14 16:19:37,859 interview.performance 38 INFO     0.05411362648010254 /joblist/ {}
2021-01-14 16:19:42,791 interview.performance 38 INFO     0.01641225814819336 /job/2/ {}
2021-01-14 16:19:48,252 interview.performance 38 INFO     0.0025987625122070312 /job/2/ {}
2021-01-14 18:30:21,427 interview.performance 38 INFO     0.1274402141571045 / {}
2021-01-14 18:30:42,652 interview.performance 38 INFO     0.052121877670288086 /job/2/ {}
2021-01-14 18:30:56,056 interview.performance 38 INFO     2.1929898262023926 /admin/ {}
2021-01-14 18:30:56,098 interview.performance 38 INFO     0.03800010681152344 /admin/ {}
2021-01-14 18:30:59,009 interview.performance 38 INFO     0.18134665489196777 /admin/interview/candidate/ {}
2021-01-14 18:30:59,104 interview.performance 38 INFO     0.022617578506469727 /admin/jsi18n/ {}
2021-01-14 18:31:12,925 interview.performance 38 INFO     6.233999967575073 /admin/interview/candidate/ {}
2021-01-14 18:31:13,110 interview.performance 38 INFO     0.16305208206176758 /admin/interview/candidate/ {}
2021-01-15 13:20:32,181 interview.performance 38 INFO     0.20800113677978516 / {}
2021-01-15 13:20:32,681 interview.performance 38 INFO     0.1640009880065918 /favicon.ico {}
2021-01-15 13:26:19,380 interview.performance 38 INFO     0.1176145076751709 /admin/ {}
2021-01-15 13:26:19,917 interview.performance 38 INFO     0.026673555374145508 /admin/ {}
2021-01-15 13:26:32,857 interview.performance 38 INFO     0.12501287460327148 /admin/django_celery_beat/intervalschedule/ {}
2021-01-15 13:26:32,959 interview.performance 38 INFO     0.028388500213623047 /admin/jsi18n/ {}
2021-01-15 13:26:36,782 interview.performance 38 INFO     0.025692224502563477 /admin/ {}
2021-01-15 13:26:54,158 interview.performance 38 INFO     0.051053524017333984 /admin/django_celery_beat/crontabschedule/ {}
2021-01-15 13:26:58,141 interview.performance 38 INFO     0.13054466247558594 /admin/django_celery_beat/crontabschedule/1/change/ {}
2021-01-15 13:27:00,276 interview.performance 38 INFO     0.0466456413269043 /admin/django_celery_beat/crontabschedule/ {}
2021-01-15 13:27:02,814 interview.performance 38 INFO     0.025969266891479492 /admin/ {}
2021-01-15 13:27:05,938 interview.performance 38 INFO     0.07908248901367188 /admin/django_celery_beat/periodictask/ {}
2021-01-15 13:27:13,641 interview.performance 38 INFO     0.15181493759155273 /admin/django_celery_beat/periodictask/add/ {}
2021-01-15 13:27:41,603 interview.performance 38 INFO     0.031002521514892578 /admin/django_celery_beat/ {}
2021-01-15 13:28:16,096 interview.performance 38 INFO     0.03454470634460449 /admin/ {}
2021-01-15 13:47:04,835 interview.performance 38 INFO     0.09099650382995605 /admin/ {}
2021-01-15 13:47:06,840 interview.performance 38 INFO     0.05899953842163086 /admin/django_celery_beat/intervalschedule/ {}
2021-01-15 13:47:07,043 interview.performance 38 INFO     0.012006998062133789 /admin/jsi18n/ {}
2021-01-15 13:47:08,249 interview.performance 38 INFO     0.0270078182220459 /admin/ {}
2021-01-15 13:47:09,346 interview.performance 38 INFO     0.041045427322387695 /admin/django_celery_beat/intervalschedule/ {}
2021-01-15 13:47:10,273 interview.performance 38 INFO     0.024007558822631836 /admin/ {}
2021-01-15 13:47:11,487 interview.performance 38 INFO     0.03403472900390625 /admin/django_celery_beat/clockedschedule/ {}
2021-01-15 13:47:12,287 interview.performance 38 INFO     0.0279996395111084 /admin/ {}
2021-01-15 13:47:13,183 interview.performance 38 INFO     0.02399921417236328 /admin/django_celery_beat/ {}
2021-01-15 13:47:15,176 interview.performance 38 INFO     0.05900406837463379 /admin/django_celery_beat/periodictask/ {}
2021-01-15 13:47:27,313 interview.performance 38 INFO     0.02404618263244629 /admin/django_celery_beat/ {}
2021-01-15 14:03:40,031 interview.performance 38 INFO     0.07892680168151855 /admin/django_celery_beat/ {}
2021-01-15 14:03:40,885 interview.performance 38 INFO     0.026424407958984375 /admin/ {}
2021-01-15 14:03:44,016 interview.performance 38 INFO     0.06339287757873535 /admin/django_celery_beat/periodictask/ {}
2021-01-15 14:03:44,090 interview.performance 38 INFO     0.013120412826538086 /admin/jsi18n/ {}
2021-01-15 14:03:46,768 interview.performance 38 INFO     0.026803255081176758 /admin/ {}
2021-01-15 14:15:00,224 interview.performance 55 WARNING  url:http://127.0.0.1:8000/admin/jobs/resume/ ** msg:OperationalError('no such column: jobs_resume.picture') ````Traceback (most recent call last):
  File "C:\Users\sqw12\.virtualenvs\Django_rapid_program-979I0A3D\lib\site-packages\django\db\backends\utils.py", line 84, in _execute
    return self.cursor.execute(sql, params)
  File "C:\Users\sqw12\.virtualenvs\Django_rapid_program-979I0A3D\lib\site-packages\django\db\backends\sqlite3\base.py", line 413, in execute
    return Database.Cursor.execute(self, query, params)
sqlite3.OperationalError: no such column: jobs_resume.picture

The above exception was the direct cause of the following exception:

Traceback (most recent call last):
  File "C:\Users\sqw12\.virtualenvs\Django_rapid_program-979I0A3D\lib\site-packages\django\core\handlers\base.py", line 181, in _get_response
    response = wrapped_callback(request, *callback_args, **callback_kwargs)
  File "C:\Users\sqw12\.virtualenvs\Django_rapid_program-979I0A3D\lib\site-packages\sentry_sdk\integrations\django\views.py", line 67, in sentry_wrapped_callback
    return callback(request, *args, **kwargs)
  File "C:\Users\sqw12\.virtualenvs\Django_rapid_program-979I0A3D\lib\site-packages\django\contrib\admin\options.py", line 614, in wrapper
    return self.admin_site.admin_view(view)(*args, **kwargs)
  File "C:\Users\sqw12\.virtualenvs\Django_rapid_program-979I0A3D\lib\site-packages\django\utils\decorators.py", line 130, in _wrapped_view
    response = view_func(request, *args, **kwargs)
  File "C:\Users\sqw12\.virtualenvs\Django_rapid_program-979I0A3D\lib\site-packages\django\views\decorators\cache.py", line 44, in _wrapped_view_func
    response = view_func(request, *args, **kwargs)
  File "C:\Users\sqw12\.virtualenvs\Django_rapid_program-979I0A3D\lib\site-packages\django\contrib\admin\sites.py", line 233, in inner
    return view(request, *args, **kwargs)
  File "C:\Users\sqw12\.virtualenvs\Django_rapid_program-979I0A3D\lib\site-packages\django\utils\decorators.py", line 43, in _wrapper
    return bound_method(*args, **kwargs)
  File "C:\Users\sqw12\.virtualenvs\Django_rapid_program-979I0A3D\lib\site-packages\django\utils\decorators.py", line 130, in _wrapped_view
    response = view_func(request, *args, **kwargs)
  File "C:\Users\sqw12\.virtualenvs\Django_rapid_program-979I0A3D\lib\site-packages\django\contrib\admin\options.py", line 1811, in changelist_view
    'selection_note': _('0 of %(cnt)s selected') % {'cnt': len(cl.result_list)},
  File "C:\Users\sqw12\.virtualenvs\Django_rapid_program-979I0A3D\lib\site-packages\django\db\models\query.py", line 269, in __len__
    self._fetch_all()
  File "C:\Users\sqw12\.virtualenvs\Django_rapid_program-979I0A3D\lib\site-packages\django\db\models\query.py", line 1308, in _fetch_all
    self._result_cache = list(self._iterable_class(self))
  File "C:\Users\sqw12\.virtualenvs\Django_rapid_program-979I0A3D\lib\site-packages\django\db\models\query.py", line 53, in __iter__
    results = compiler.execute_sql(chunked_fetch=self.chunked_fetch, chunk_size=self.chunk_size)
  File "C:\Users\sqw12\.virtualenvs\Django_rapid_program-979I0A3D\lib\site-packages\django\db\models\sql\compiler.py", line 1156, in execute_sql
    cursor.execute(sql, params)
  File "C:\Users\sqw12\.virtualenvs\Django_rapid_program-979I0A3D\lib\site-packages\django\db\backends\utils.py", line 98, in execute
    return super().execute(sql, params)
  File "C:\Users\sqw12\.virtualenvs\Django_rapid_program-979I0A3D\lib\site-packages\sentry_sdk\integrations\django\__init__.py", line 489, in execute
    return real_execute(self, sql, params)
  File "C:\Users\sqw12\.virtualenvs\Django_rapid_program-979I0A3D\lib\site-packages\django\db\backends\utils.py", line 66, in execute
    return self._execute_with_wrappers(sql, params, many=False, executor=self._execute)
  File "C:\Users\sqw12\.virtualenvs\Django_rapid_program-979I0A3D\lib\site-packages\django\db\backends\utils.py", line 75, in _execute_with_wrappers
    return executor(sql, params, many, context)
  File "C:\Users\sqw12\.virtualenvs\Django_rapid_program-979I0A3D\lib\site-packages\django\db\backends\utils.py", line 84, in _execute
    return self.cursor.execute(sql, params)
  File "C:\Users\sqw12\.virtualenvs\Django_rapid_program-979I0A3D\lib\site-packages\django\db\utils.py", line 90, in __exit__
    raise dj_exc_value.with_traceback(traceback) from exc_value
  File "C:\Users\sqw12\.virtualenvs\Django_rapid_program-979I0A3D\lib\site-packages\django\db\backends\utils.py", line 84, in _execute
    return self.cursor.execute(sql, params)
  File "C:\Users\sqw12\.virtualenvs\Django_rapid_program-979I0A3D\lib\site-packages\django\db\backends\sqlite3\base.py", line 413, in execute
    return Database.Cursor.execute(self, query, params)
django.db.utils.OperationalError: no such column: jobs_resume.picture
````
2021-01-15 14:15:00,639 interview.performance 38 INFO     0.5737524032592773 /admin/jobs/resume/ {}
2021-01-15 14:15:07,534 interview.performance 38 INFO     0.04296469688415527 /admin/ {}
2021-01-15 14:15:10,079 interview.performance 55 WARNING  url:http://127.0.0.1:8000/admin/jobs/resume/ ** msg:OperationalError('no such column: jobs_resume.picture') ````Traceback (most recent call last):
  File "C:\Users\sqw12\.virtualenvs\Django_rapid_program-979I0A3D\lib\site-packages\django\db\backends\utils.py", line 84, in _execute
    return self.cursor.execute(sql, params)
  File "C:\Users\sqw12\.virtualenvs\Django_rapid_program-979I0A3D\lib\site-packages\django\db\backends\sqlite3\base.py", line 413, in execute
    return Database.Cursor.execute(self, query, params)
sqlite3.OperationalError: no such column: jobs_resume.picture

The above exception was the direct cause of the following exception:

Traceback (most recent call last):
  File "C:\Users\sqw12\.virtualenvs\Django_rapid_program-979I0A3D\lib\site-packages\django\core\handlers\base.py", line 181, in _get_response
    response = wrapped_callback(request, *callback_args, **callback_kwargs)
  File "C:\Users\sqw12\.virtualenvs\Django_rapid_program-979I0A3D\lib\site-packages\sentry_sdk\integrations\django\views.py", line 67, in sentry_wrapped_callback
    return callback(request, *args, **kwargs)
  File "C:\Users\sqw12\.virtualenvs\Django_rapid_program-979I0A3D\lib\site-packages\django\contrib\admin\options.py", line 614, in wrapper
    return self.admin_site.admin_view(view)(*args, **kwargs)
  File "C:\Users\sqw12\.virtualenvs\Django_rapid_program-979I0A3D\lib\site-packages\django\utils\decorators.py", line 130, in _wrapped_view
    response = view_func(request, *args, **kwargs)
  File "C:\Users\sqw12\.virtualenvs\Django_rapid_program-979I0A3D\lib\site-packages\django\views\decorators\cache.py", line 44, in _wrapped_view_func
    response = view_func(request, *args, **kwargs)
  File "C:\Users\sqw12\.virtualenvs\Django_rapid_program-979I0A3D\lib\site-packages\django\contrib\admin\sites.py", line 233, in inner
    return view(request, *args, **kwargs)
  File "C:\Users\sqw12\.virtualenvs\Django_rapid_program-979I0A3D\lib\site-packages\django\utils\decorators.py", line 43, in _wrapper
    return bound_method(*args, **kwargs)
  File "C:\Users\sqw12\.virtualenvs\Django_rapid_program-979I0A3D\lib\site-packages\django\utils\decorators.py", line 130, in _wrapped_view
    response = view_func(request, *args, **kwargs)
  File "C:\Users\sqw12\.virtualenvs\Django_rapid_program-979I0A3D\lib\site-packages\django\contrib\admin\options.py", line 1811, in changelist_view
    'selection_note': _('0 of %(cnt)s selected') % {'cnt': len(cl.result_list)},
  File "C:\Users\sqw12\.virtualenvs\Django_rapid_program-979I0A3D\lib\site-packages\django\db\models\query.py", line 269, in __len__
    self._fetch_all()
  File "C:\Users\sqw12\.virtualenvs\Django_rapid_program-979I0A3D\lib\site-packages\django\db\models\query.py", line 1308, in _fetch_all
    self._result_cache = list(self._iterable_class(self))
  File "C:\Users\sqw12\.virtualenvs\Django_rapid_program-979I0A3D\lib\site-packages\django\db\models\query.py", line 53, in __iter__
    results = compiler.execute_sql(chunked_fetch=self.chunked_fetch, chunk_size=self.chunk_size)
  File "C:\Users\sqw12\.virtualenvs\Django_rapid_program-979I0A3D\lib\site-packages\django\db\models\sql\compiler.py", line 1156, in execute_sql
    cursor.execute(sql, params)
  File "C:\Users\sqw12\.virtualenvs\Django_rapid_program-979I0A3D\lib\site-packages\django\db\backends\utils.py", line 98, in execute
    return super().execute(sql, params)
  File "C:\Users\sqw12\.virtualenvs\Django_rapid_program-979I0A3D\lib\site-packages\sentry_sdk\integrations\django\__init__.py", line 489, in execute
    return real_execute(self, sql, params)
  File "C:\Users\sqw12\.virtualenvs\Django_rapid_program-979I0A3D\lib\site-packages\django\db\backends\utils.py", line 66, in execute
    return self._execute_with_wrappers(sql, params, many=False, executor=self._execute)
  File "C:\Users\sqw12\.virtualenvs\Django_rapid_program-979I0A3D\lib\site-packages\django\db\backends\utils.py", line 75, in _execute_with_wrappers
    return executor(sql, params, many, context)
  File "C:\Users\sqw12\.virtualenvs\Django_rapid_program-979I0A3D\lib\site-packages\django\db\backends\utils.py", line 84, in _execute
    return self.cursor.execute(sql, params)
  File "C:\Users\sqw12\.virtualenvs\Django_rapid_program-979I0A3D\lib\site-packages\django\db\utils.py", line 90, in __exit__
    raise dj_exc_value.with_traceback(traceback) from exc_value
  File "C:\Users\sqw12\.virtualenvs\Django_rapid_program-979I0A3D\lib\site-packages\django\db\backends\utils.py", line 84, in _execute
    return self.cursor.execute(sql, params)
  File "C:\Users\sqw12\.virtualenvs\Django_rapid_program-979I0A3D\lib\site-packages\django\db\backends\sqlite3\base.py", line 413, in execute
    return Database.Cursor.execute(self, query, params)
django.db.utils.OperationalError: no such column: jobs_resume.picture
````
2021-01-15 14:15:10,271 interview.performance 38 INFO     0.19950413703918457 /admin/jobs/resume/ {}
2021-01-15 14:15:25,930 interview.performance 38 INFO     0.0010056495666503906 /resume/add {}
2021-01-15 14:15:25,995 interview.performance 55 WARNING  url:http://127.0.0.1:8000/resume/add/ ** msg:FieldError('Unknown field(s) (attachement) specified for Resume') ````Traceback (most recent call last):
  File "C:\Users\sqw12\.virtualenvs\Django_rapid_program-979I0A3D\lib\site-packages\django\core\handlers\base.py", line 181, in _get_response
    response = wrapped_callback(request, *callback_args, **callback_kwargs)
  File "C:\Users\sqw12\.virtualenvs\Django_rapid_program-979I0A3D\lib\site-packages\sentry_sdk\integrations\django\views.py", line 67, in sentry_wrapped_callback
    return callback(request, *args, **kwargs)
  File "C:\Users\sqw12\.virtualenvs\Django_rapid_program-979I0A3D\lib\site-packages\django\views\generic\base.py", line 70, in view
    return self.dispatch(request, *args, **kwargs)
  File "C:\Users\sqw12\.virtualenvs\Django_rapid_program-979I0A3D\lib\site-packages\django\contrib\auth\mixins.py", line 52, in dispatch
    return super().dispatch(request, *args, **kwargs)
  File "C:\Users\sqw12\.virtualenvs\Django_rapid_program-979I0A3D\lib\site-packages\django\views\generic\base.py", line 98, in dispatch
    return handler(request, *args, **kwargs)
  File "C:\Users\sqw12\.virtualenvs\Django_rapid_program-979I0A3D\lib\site-packages\django\views\generic\edit.py", line 168, in get
    return super().get(request, *args, **kwargs)
  File "C:\Users\sqw12\.virtualenvs\Django_rapid_program-979I0A3D\lib\site-packages\django\views\generic\edit.py", line 133, in get
    return self.render_to_response(self.get_context_data())
  File "C:\Users\sqw12\.virtualenvs\Django_rapid_program-979I0A3D\lib\site-packages\django\views\generic\edit.py", line 66, in get_context_data
    kwargs['form'] = self.get_form()
  File "C:\Users\sqw12\.virtualenvs\Django_rapid_program-979I0A3D\lib\site-packages\django\views\generic\edit.py", line 32, in get_form
    form_class = self.get_form_class()
  File "C:\Users\sqw12\.virtualenvs\Django_rapid_program-979I0A3D\lib\site-packages\django\views\generic\edit.py", line 101, in get_form_class
    return model_forms.modelform_factory(model, fields=self.fields)
  File "C:\Users\sqw12\.virtualenvs\Django_rapid_program-979I0A3D\lib\site-packages\django\forms\models.py", line 555, in modelform_factory
    return type(form)(class_name, (form,), form_class_attrs)
  File "C:\Users\sqw12\.virtualenvs\Django_rapid_program-979I0A3D\lib\site-packages\django\forms\models.py", line 268, in __new__
    raise FieldError(message)
django.core.exceptions.FieldError: Unknown field(s) (attachement) specified for Resume
````
2021-01-15 14:15:26,179 interview.performance 38 INFO     0.22468113899230957 /resume/add/ {}
2021-01-15 14:15:45,026 interview.performance 38 INFO     0.04700803756713867 / {}
2021-01-15 14:15:48,922 interview.performance 38 INFO     0.012000322341918945 /joblist/ {}
2021-01-15 14:15:52,351 interview.performance 38 INFO     0.05621695518493652 /job/1/ {}
2021-01-15 14:15:53,740 interview.performance 55 WARNING  url:http://127.0.0.1:8000/resume/add/?apply_position=%E9%9F%B3%E8%A7%86%E9%A2%91%E5%B7%A5%E7%A8%8B%E5%B8%88&city=%E4%B8%8A%E6%B5%B7 ** msg:FieldError('Unknown field(s) (attachement) specified for Resume') ````Traceback (most recent call last):
  File "C:\Users\sqw12\.virtualenvs\Django_rapid_program-979I0A3D\lib\site-packages\django\core\handlers\base.py", line 181, in _get_response
    response = wrapped_callback(request, *callback_args, **callback_kwargs)
  File "C:\Users\sqw12\.virtualenvs\Django_rapid_program-979I0A3D\lib\site-packages\sentry_sdk\integrations\django\views.py", line 67, in sentry_wrapped_callback
    return callback(request, *args, **kwargs)
  File "C:\Users\sqw12\.virtualenvs\Django_rapid_program-979I0A3D\lib\site-packages\django\views\generic\base.py", line 70, in view
    return self.dispatch(request, *args, **kwargs)
  File "C:\Users\sqw12\.virtualenvs\Django_rapid_program-979I0A3D\lib\site-packages\django\contrib\auth\mixins.py", line 52, in dispatch
    return super().dispatch(request, *args, **kwargs)
  File "C:\Users\sqw12\.virtualenvs\Django_rapid_program-979I0A3D\lib\site-packages\django\views\generic\base.py", line 98, in dispatch
    return handler(request, *args, **kwargs)
  File "C:\Users\sqw12\.virtualenvs\Django_rapid_program-979I0A3D\lib\site-packages\django\views\generic\edit.py", line 168, in get
    return super().get(request, *args, **kwargs)
  File "C:\Users\sqw12\.virtualenvs\Django_rapid_program-979I0A3D\lib\site-packages\django\views\generic\edit.py", line 133, in get
    return self.render_to_response(self.get_context_data())
  File "C:\Users\sqw12\.virtualenvs\Django_rapid_program-979I0A3D\lib\site-packages\django\views\generic\edit.py", line 66, in get_context_data
    kwargs['form'] = self.get_form()
  File "C:\Users\sqw12\.virtualenvs\Django_rapid_program-979I0A3D\lib\site-packages\django\views\generic\edit.py", line 32, in get_form
    form_class = self.get_form_class()
  File "C:\Users\sqw12\.virtualenvs\Django_rapid_program-979I0A3D\lib\site-packages\django\views\generic\edit.py", line 101, in get_form_class
    return model_forms.modelform_factory(model, fields=self.fields)
  File "C:\Users\sqw12\.virtualenvs\Django_rapid_program-979I0A3D\lib\site-packages\django\forms\models.py", line 555, in modelform_factory
    return type(form)(class_name, (form,), form_class_attrs)
  File "C:\Users\sqw12\.virtualenvs\Django_rapid_program-979I0A3D\lib\site-packages\django\forms\models.py", line 268, in __new__
    raise FieldError(message)
django.core.exceptions.FieldError: Unknown field(s) (attachement) specified for Resume
````
2021-01-15 14:15:53,918 interview.performance 38 INFO     0.18572139739990234 /resume/add/ {'apply_position': '音视频工程师', 'city': '上海'}
2021-01-15 14:15:56,299 interview.performance 38 INFO     0.11512565612792969 /accounts/logout/ {}
2021-01-15 14:15:57,625 interview.performance 38 INFO     0.02904534339904785 /accounts/login/ {}
2021-01-15 14:16:05,874 interview.performance 38 INFO     0.4812188148498535 /accounts/login/ {}
2021-01-15 14:16:05,905 interview.performance 38 INFO     0.012997865676879883 / {}
2021-01-15 14:16:06,858 interview.performance 38 INFO     0.016005277633666992 /job/1/ {}
2021-01-15 14:16:08,074 interview.performance 55 WARNING  url:http://127.0.0.1:8000/resume/add/?apply_position=%E9%9F%B3%E8%A7%86%E9%A2%91%E5%B7%A5%E7%A8%8B%E5%B8%88&city=%E4%B8%8A%E6%B5%B7 ** msg:FieldError('Unknown field(s) (attachement) specified for Resume') ````Traceback (most recent call last):
  File "C:\Users\sqw12\.virtualenvs\Django_rapid_program-979I0A3D\lib\site-packages\django\core\handlers\base.py", line 181, in _get_response
    response = wrapped_callback(request, *callback_args, **callback_kwargs)
  File "C:\Users\sqw12\.virtualenvs\Django_rapid_program-979I0A3D\lib\site-packages\sentry_sdk\integrations\django\views.py", line 67, in sentry_wrapped_callback
    return callback(request, *args, **kwargs)
  File "C:\Users\sqw12\.virtualenvs\Django_rapid_program-979I0A3D\lib\site-packages\django\views\generic\base.py", line 70, in view
    return self.dispatch(request, *args, **kwargs)
  File "C:\Users\sqw12\.virtualenvs\Django_rapid_program-979I0A3D\lib\site-packages\django\contrib\auth\mixins.py", line 52, in dispatch
    return super().dispatch(request, *args, **kwargs)
  File "C:\Users\sqw12\.virtualenvs\Django_rapid_program-979I0A3D\lib\site-packages\django\views\generic\base.py", line 98, in dispatch
    return handler(request, *args, **kwargs)
  File "C:\Users\sqw12\.virtualenvs\Django_rapid_program-979I0A3D\lib\site-packages\django\views\generic\edit.py", line 168, in get
    return super().get(request, *args, **kwargs)
  File "C:\Users\sqw12\.virtualenvs\Django_rapid_program-979I0A3D\lib\site-packages\django\views\generic\edit.py", line 133, in get
    return self.render_to_response(self.get_context_data())
  File "C:\Users\sqw12\.virtualenvs\Django_rapid_program-979I0A3D\lib\site-packages\django\views\generic\edit.py", line 66, in get_context_data
    kwargs['form'] = self.get_form()
  File "C:\Users\sqw12\.virtualenvs\Django_rapid_program-979I0A3D\lib\site-packages\django\views\generic\edit.py", line 32, in get_form
    form_class = self.get_form_class()
  File "C:\Users\sqw12\.virtualenvs\Django_rapid_program-979I0A3D\lib\site-packages\django\views\generic\edit.py", line 101, in get_form_class
    return model_forms.modelform_factory(model, fields=self.fields)
  File "C:\Users\sqw12\.virtualenvs\Django_rapid_program-979I0A3D\lib\site-packages\django\forms\models.py", line 555, in modelform_factory
    return type(form)(class_name, (form,), form_class_attrs)
  File "C:\Users\sqw12\.virtualenvs\Django_rapid_program-979I0A3D\lib\site-packages\django\forms\models.py", line 268, in __new__
    raise FieldError(message)
django.core.exceptions.FieldError: Unknown field(s) (attachement) specified for Resume
````
2021-01-15 14:16:08,254 interview.performance 38 INFO     0.18913698196411133 /resume/add/ {'apply_position': '音视频工程师', 'city': '上海'}
2021-01-15 14:16:56,345 interview.performance 38 INFO     0.15106463432312012 /resume/add/ {'apply_position': '音视频工程师', 'city': '上海'}
2021-01-15 14:17:29,087 interview.performance 38 INFO     0.03340888023376465 /admin/ {}
2021-01-15 14:17:29,281 interview.performance 38 INFO     0.17088079452514648 /admin/login/ {'next': '/admin/'}
2021-01-15 14:17:29,610 interview.performance 38 INFO     0.0050199031829833984 /admin/ {}
2021-01-15 14:17:29,650 interview.performance 38 INFO     0.020400285720825195 /admin/login/ {'next': '/admin/'}
2021-01-15 14:17:33,454 interview.performance 38 INFO     0.3969271183013916 /admin/login/ {'next': '/admin/'}
2021-01-15 14:17:33,505 interview.performance 38 INFO     0.031186342239379883 /admin/ {}
2021-01-15 14:17:44,716 interview.performance 55 WARNING  url:http://127.0.0.1:8000/admin/jobs/resume/ ** msg:OperationalError('no such column: jobs_resume.picture') ````Traceback (most recent call last):
  File "C:\Users\sqw12\.virtualenvs\Django_rapid_program-979I0A3D\lib\site-packages\django\db\backends\utils.py", line 84, in _execute
    return self.cursor.execute(sql, params)
  File "C:\Users\sqw12\.virtualenvs\Django_rapid_program-979I0A3D\lib\site-packages\django\db\backends\sqlite3\base.py", line 413, in execute
    return Database.Cursor.execute(self, query, params)
sqlite3.OperationalError: no such column: jobs_resume.picture

The above exception was the direct cause of the following exception:

Traceback (most recent call last):
  File "C:\Users\sqw12\.virtualenvs\Django_rapid_program-979I0A3D\lib\site-packages\django\core\handlers\base.py", line 181, in _get_response
    response = wrapped_callback(request, *callback_args, **callback_kwargs)
  File "C:\Users\sqw12\.virtualenvs\Django_rapid_program-979I0A3D\lib\site-packages\sentry_sdk\integrations\django\views.py", line 67, in sentry_wrapped_callback
    return callback(request, *args, **kwargs)
  File "C:\Users\sqw12\.virtualenvs\Django_rapid_program-979I0A3D\lib\site-packages\django\contrib\admin\options.py", line 614, in wrapper
    return self.admin_site.admin_view(view)(*args, **kwargs)
  File "C:\Users\sqw12\.virtualenvs\Django_rapid_program-979I0A3D\lib\site-packages\django\utils\decorators.py", line 130, in _wrapped_view
    response = view_func(request, *args, **kwargs)
  File "C:\Users\sqw12\.virtualenvs\Django_rapid_program-979I0A3D\lib\site-packages\django\views\decorators\cache.py", line 44, in _wrapped_view_func
    response = view_func(request, *args, **kwargs)
  File "C:\Users\sqw12\.virtualenvs\Django_rapid_program-979I0A3D\lib\site-packages\django\contrib\admin\sites.py", line 233, in inner
    return view(request, *args, **kwargs)
  File "C:\Users\sqw12\.virtualenvs\Django_rapid_program-979I0A3D\lib\site-packages\django\utils\decorators.py", line 43, in _wrapper
    return bound_method(*args, **kwargs)
  File "C:\Users\sqw12\.virtualenvs\Django_rapid_program-979I0A3D\lib\site-packages\django\utils\decorators.py", line 130, in _wrapped_view
    response = view_func(request, *args, **kwargs)
  File "C:\Users\sqw12\.virtualenvs\Django_rapid_program-979I0A3D\lib\site-packages\django\contrib\admin\options.py", line 1811, in changelist_view
    'selection_note': _('0 of %(cnt)s selected') % {'cnt': len(cl.result_list)},
  File "C:\Users\sqw12\.virtualenvs\Django_rapid_program-979I0A3D\lib\site-packages\django\db\models\query.py", line 269, in __len__
    self._fetch_all()
  File "C:\Users\sqw12\.virtualenvs\Django_rapid_program-979I0A3D\lib\site-packages\django\db\models\query.py", line 1308, in _fetch_all
    self._result_cache = list(self._iterable_class(self))
  File "C:\Users\sqw12\.virtualenvs\Django_rapid_program-979I0A3D\lib\site-packages\django\db\models\query.py", line 53, in __iter__
    results = compiler.execute_sql(chunked_fetch=self.chunked_fetch, chunk_size=self.chunk_size)
  File "C:\Users\sqw12\.virtualenvs\Django_rapid_program-979I0A3D\lib\site-packages\django\db\models\sql\compiler.py", line 1156, in execute_sql
    cursor.execute(sql, params)
  File "C:\Users\sqw12\.virtualenvs\Django_rapid_program-979I0A3D\lib\site-packages\django\db\backends\utils.py", line 98, in execute
    return super().execute(sql, params)
  File "C:\Users\sqw12\.virtualenvs\Django_rapid_program-979I0A3D\lib\site-packages\sentry_sdk\integrations\django\__init__.py", line 489, in execute
    return real_execute(self, sql, params)
  File "C:\Users\sqw12\.virtualenvs\Django_rapid_program-979I0A3D\lib\site-packages\django\db\backends\utils.py", line 66, in execute
    return self._execute_with_wrappers(sql, params, many=False, executor=self._execute)
  File "C:\Users\sqw12\.virtualenvs\Django_rapid_program-979I0A3D\lib\site-packages\django\db\backends\utils.py", line 75, in _execute_with_wrappers
    return executor(sql, params, many, context)
  File "C:\Users\sqw12\.virtualenvs\Django_rapid_program-979I0A3D\lib\site-packages\django\db\backends\utils.py", line 84, in _execute
    return self.cursor.execute(sql, params)
  File "C:\Users\sqw12\.virtualenvs\Django_rapid_program-979I0A3D\lib\site-packages\django\db\utils.py", line 90, in __exit__
    raise dj_exc_value.with_traceback(traceback) from exc_value
  File "C:\Users\sqw12\.virtualenvs\Django_rapid_program-979I0A3D\lib\site-packages\django\db\backends\utils.py", line 84, in _execute
    return self.cursor.execute(sql, params)
  File "C:\Users\sqw12\.virtualenvs\Django_rapid_program-979I0A3D\lib\site-packages\django\db\backends\sqlite3\base.py", line 413, in execute
    return Database.Cursor.execute(self, query, params)
django.db.utils.OperationalError: no such column: jobs_resume.picture
````
2021-01-15 14:17:45,013 interview.performance 38 INFO     0.31375622749328613 /admin/jobs/resume/ {}
2021-01-15 14:17:49,044 interview.performance 38 INFO     0.02373790740966797 /admin/ {}
2021-01-15 14:17:51,149 interview.performance 55 WARNING  url:http://127.0.0.1:8000/admin/jobs/resume/ ** msg:OperationalError('no such column: jobs_resume.picture') ````Traceback (most recent call last):
  File "C:\Users\sqw12\.virtualenvs\Django_rapid_program-979I0A3D\lib\site-packages\django\db\backends\utils.py", line 84, in _execute
    return self.cursor.execute(sql, params)
  File "C:\Users\sqw12\.virtualenvs\Django_rapid_program-979I0A3D\lib\site-packages\django\db\backends\sqlite3\base.py", line 413, in execute
    return Database.Cursor.execute(self, query, params)
sqlite3.OperationalError: no such column: jobs_resume.picture

The above exception was the direct cause of the following exception:

Traceback (most recent call last):
  File "C:\Users\sqw12\.virtualenvs\Django_rapid_program-979I0A3D\lib\site-packages\django\core\handlers\base.py", line 181, in _get_response
    response = wrapped_callback(request, *callback_args, **callback_kwargs)
  File "C:\Users\sqw12\.virtualenvs\Django_rapid_program-979I0A3D\lib\site-packages\sentry_sdk\integrations\django\views.py", line 67, in sentry_wrapped_callback
    return callback(request, *args, **kwargs)
  File "C:\Users\sqw12\.virtualenvs\Django_rapid_program-979I0A3D\lib\site-packages\django\contrib\admin\options.py", line 614, in wrapper
    return self.admin_site.admin_view(view)(*args, **kwargs)
  File "C:\Users\sqw12\.virtualenvs\Django_rapid_program-979I0A3D\lib\site-packages\django\utils\decorators.py", line 130, in _wrapped_view
    response = view_func(request, *args, **kwargs)
  File "C:\Users\sqw12\.virtualenvs\Django_rapid_program-979I0A3D\lib\site-packages\django\views\decorators\cache.py", line 44, in _wrapped_view_func
    response = view_func(request, *args, **kwargs)
  File "C:\Users\sqw12\.virtualenvs\Django_rapid_program-979I0A3D\lib\site-packages\django\contrib\admin\sites.py", line 233, in inner
    return view(request, *args, **kwargs)
  File "C:\Users\sqw12\.virtualenvs\Django_rapid_program-979I0A3D\lib\site-packages\django\utils\decorators.py", line 43, in _wrapper
    return bound_method(*args, **kwargs)
  File "C:\Users\sqw12\.virtualenvs\Django_rapid_program-979I0A3D\lib\site-packages\django\utils\decorators.py", line 130, in _wrapped_view
    response = view_func(request, *args, **kwargs)
  File "C:\Users\sqw12\.virtualenvs\Django_rapid_program-979I0A3D\lib\site-packages\django\contrib\admin\options.py", line 1811, in changelist_view
    'selection_note': _('0 of %(cnt)s selected') % {'cnt': len(cl.result_list)},
  File "C:\Users\sqw12\.virtualenvs\Django_rapid_program-979I0A3D\lib\site-packages\django\db\models\query.py", line 269, in __len__
    self._fetch_all()
  File "C:\Users\sqw12\.virtualenvs\Django_rapid_program-979I0A3D\lib\site-packages\django\db\models\query.py", line 1308, in _fetch_all
    self._result_cache = list(self._iterable_class(self))
  File "C:\Users\sqw12\.virtualenvs\Django_rapid_program-979I0A3D\lib\site-packages\django\db\models\query.py", line 53, in __iter__
    results = compiler.execute_sql(chunked_fetch=self.chunked_fetch, chunk_size=self.chunk_size)
  File "C:\Users\sqw12\.virtualenvs\Django_rapid_program-979I0A3D\lib\site-packages\django\db\models\sql\compiler.py", line 1156, in execute_sql
    cursor.execute(sql, params)
  File "C:\Users\sqw12\.virtualenvs\Django_rapid_program-979I0A3D\lib\site-packages\django\db\backends\utils.py", line 98, in execute
    return super().execute(sql, params)
  File "C:\Users\sqw12\.virtualenvs\Django_rapid_program-979I0A3D\lib\site-packages\sentry_sdk\integrations\django\__init__.py", line 489, in execute
    return real_execute(self, sql, params)
  File "C:\Users\sqw12\.virtualenvs\Django_rapid_program-979I0A3D\lib\site-packages\django\db\backends\utils.py", line 66, in execute
    return self._execute_with_wrappers(sql, params, many=False, executor=self._execute)
  File "C:\Users\sqw12\.virtualenvs\Django_rapid_program-979I0A3D\lib\site-packages\django\db\backends\utils.py", line 75, in _execute_with_wrappers
    return executor(sql, params, many, context)
  File "C:\Users\sqw12\.virtualenvs\Django_rapid_program-979I0A3D\lib\site-packages\django\db\backends\utils.py", line 84, in _execute
    return self.cursor.execute(sql, params)
  File "C:\Users\sqw12\.virtualenvs\Django_rapid_program-979I0A3D\lib\site-packages\django\db\utils.py", line 90, in __exit__
    raise dj_exc_value.with_traceback(traceback) from exc_value
  File "C:\Users\sqw12\.virtualenvs\Django_rapid_program-979I0A3D\lib\site-packages\django\db\backends\utils.py", line 84, in _execute
    return self.cursor.execute(sql, params)
  File "C:\Users\sqw12\.virtualenvs\Django_rapid_program-979I0A3D\lib\site-packages\django\db\backends\sqlite3\base.py", line 413, in execute
    return Database.Cursor.execute(self, query, params)
django.db.utils.OperationalError: no such column: jobs_resume.picture
````
2021-01-15 14:17:51,363 interview.performance 38 INFO     0.22277474403381348 /admin/jobs/resume/ {}
2021-01-15 14:18:45,223 interview.performance 38 INFO     0.05599570274353027 /admin/jobs/resume/ {}
2021-01-15 14:18:45,313 interview.performance 38 INFO     0.015000104904174805 /admin/jsi18n/ {}
2021-01-15 14:18:47,371 interview.performance 38 INFO     0.06600093841552734 /admin/jobs/resume/3/change/ {}
2021-01-15 14:18:51,385 interview.performance 38 INFO     0.08604741096496582 /admin/jobs/resume/ {}
2021-01-15 14:18:54,532 interview.performance 38 INFO     0.05904698371887207 /admin/jobs/resume/add/ {}
2021-01-15 14:18:59,051 interview.performance 38 INFO     0.04606223106384277 /admin/jobs/resume/ {}
2021-01-15 14:19:00,313 interview.performance 38 INFO     0.03801774978637695 /admin/ {}
2021-01-15 14:20:10,974 interview.performance 38 INFO     0.10196447372436523 /admin/jobs/job/ {}
2021-01-15 14:20:12,049 interview.performance 38 INFO     0.025005340576171875 /admin/ {}
2021-01-15 14:20:13,186 interview.performance 38 INFO     0.04904007911682129 /admin/jobs/resume/ {}
2021-01-15 14:20:14,344 interview.performance 38 INFO     0.07799887657165527 /admin/jobs/resume/3/change/ {}
2021-01-15 14:20:16,711 interview.performance 38 INFO     0.04905247688293457 /admin/jobs/resume/ {}
2021-01-15 14:24:23,214 interview.performance 38 INFO     0.14832115173339844 /admin/jobs/resume/3/change/ {}
2021-01-15 14:24:37,661 interview.performance 38 INFO     0.28513097763061523 /admin/jobs/resume/3/change/ {}
2021-01-15 14:24:37,746 interview.performance 38 INFO     0.055910587310791016 /admin/jobs/resume/ {}
2021-01-15 14:24:40,004 interview.performance 38 INFO     0.053163766860961914 /admin/jobs/resume/ {}
2021-01-15 14:25:04,066 interview.performance 38 INFO     0.11100292205810547 /admin/jobs/resume/ {}
2021-01-15 14:25:04,138 interview.performance 38 INFO     0.0019998550415039062 /media/images/37864.jpg {}
2021-01-15 14:25:07,059 interview.performance 38 INFO     0.07399964332580566 /admin/jobs/resume/3/change/ {}
2021-01-15 14:25:13,041 interview.performance 38 INFO     0.047989845275878906 /admin/jobs/resume/ {}
2021-01-15 16:31:16,238 interview.performance 38 INFO     0.21413159370422363 /admin/jobs/resume/ {}
2021-01-15 16:31:16,315 interview.performance 38 INFO     0.014998197555541992 /admin/jsi18n/ {}
2021-01-15 16:31:16,348 interview.performance 38 INFO     0.0029625892639160156 /media/images/37864.jpg {}
2021-01-15 16:31:20,861 interview.performance 38 INFO     0.10632085800170898 /admin/jobs/resume/3/change/ {}
2021-01-15 16:31:28,185 interview.performance 38 INFO     0.34392285346984863 /admin/jobs/resume/3/change/ {}
2021-01-15 16:31:28,253 interview.performance 38 INFO     0.04912543296813965 /admin/jobs/resume/ {}
2021-01-15 17:23:57,310 interview.performance 38 INFO     0.37032270431518555 /admin/ {}
2021-01-15 17:24:01,514 interview.performance 38 INFO     0.06462788581848145 /admin/ {}
2021-01-15 17:24:10,250 interview.performance 38 INFO     0.04020857810974121 /admin/ {}
2021-01-15 17:25:16,504 interview.performance 38 INFO     0.3230001926422119 / {}
2021-01-15 17:25:21,643 interview.performance 38 INFO     0.05300593376159668 /admin/ {}
2021-01-15 17:25:22,157 interview.performance 38 INFO     0.04695773124694824 /admin/ {}
2021-01-15 17:25:26,952 interview.performance 38 INFO     0.042038917541503906 /admin/ {}
2021-01-15 17:26:43,699 interview.performance 38 INFO     0.24004197120666504 /admin/ {}
2021-01-15 17:26:48,896 interview.performance 38 INFO     0.04199385643005371 /admin/ {}
2021-01-15 17:26:49,142 interview.performance 38 INFO     0.03894948959350586 /favicon.ico {}
2021-01-15 17:26:51,826 interview.performance 38 INFO     0.036040306091308594 /admin/ {}
2021-01-15 17:26:51,991 interview.performance 38 INFO     0.020997285842895508 /favicon.ico {}
2021-01-15 17:26:52,688 interview.performance 38 INFO     0.04200553894042969 /admin/ {}
2021-01-15 17:26:52,883 interview.performance 38 INFO     0.041001319885253906 /favicon.ico {}
2021-01-15 17:26:52,896 interview.performance 38 INFO     0.05298900604248047 /admin/ {}
2021-01-15 17:26:53,104 interview.performance 38 INFO     0.03600001335144043 /admin/ {}
2021-01-15 17:26:53,309 interview.performance 38 INFO     0.05800032615661621 /admin/ {}
2021-01-15 17:26:53,464 interview.performance 38 INFO     0.043000221252441406 /admin/ {}
2021-01-15 17:26:53,596 interview.performance 38 INFO     0.05199122428894043 /admin/ {}
2021-01-15 17:26:53,757 interview.performance 38 INFO     0.021009206771850586 /favicon.ico {}
2021-01-15 17:27:09,019 interview.performance 38 INFO     0.022043228149414062 /__debug__/ {}
2021-01-15 17:27:33,289 interview.performance 38 INFO     0.0010099411010742188 /__debug__/history_sidebar {}
2021-01-15 17:27:33,324 interview.performance 55 WARNING  url:http://127.0.0.1:8000/__debug__/history_sidebar/ ** msg:Http404() ````Traceback (most recent call last):
  File "C:\Users\sqw12\.virtualenvs\Django_rapid_program-979I0A3D\lib\site-packages\django\core\handlers\base.py", line 181, in _get_response
    response = wrapped_callback(request, *callback_args, **callback_kwargs)
  File "C:\Users\sqw12\.virtualenvs\Django_rapid_program-979I0A3D\lib\site-packages\sentry_sdk\integrations\django\views.py", line 67, in sentry_wrapped_callback
    return callback(request, *args, **kwargs)
  File "C:\Users\sqw12\.virtualenvs\Django_rapid_program-979I0A3D\lib\site-packages\debug_toolbar\decorators.py", line 13, in inner
    raise Http404
django.http.response.Http404
````
2021-01-15 17:27:33,512 interview.performance 38 INFO     0.20468783378601074 /__debug__/history_sidebar/ {}
2021-01-15 17:30:18,523 interview.performance 55 WARNING  url:http://127.0.0.1:8000/__debug__/history_sidebar/ ** msg:Http404() ````Traceback (most recent call last):
  File "C:\Users\sqw12\.virtualenvs\Django_rapid_program-979I0A3D\lib\site-packages\django\core\handlers\base.py", line 181, in _get_response
    response = wrapped_callback(request, *callback_args, **callback_kwargs)
  File "C:\Users\sqw12\.virtualenvs\Django_rapid_program-979I0A3D\lib\site-packages\sentry_sdk\integrations\django\views.py", line 67, in sentry_wrapped_callback
    return callback(request, *args, **kwargs)
  File "C:\Users\sqw12\.virtualenvs\Django_rapid_program-979I0A3D\lib\site-packages\debug_toolbar\decorators.py", line 13, in inner
    raise Http404
django.http.response.Http404
````
2021-01-15 17:30:18,698 interview.performance 38 INFO     0.3691127300262451 /__debug__/history_sidebar/ {}
2021-01-15 17:30:22,990 interview.performance 38 INFO     0.08200955390930176 /admin/ {}
2021-01-15 17:30:23,555 interview.performance 38 INFO     0.04000258445739746 /admin/ {}
2021-01-15 17:32:00,981 interview.performance 38 INFO     0.36197710037231445 /admin/ {}
2021-01-15 17:35:28,853 interview.performance 38 INFO     0.5740675926208496 / {}
2021-01-15 17:35:31,895 interview.performance 38 INFO     0.36499857902526855 /admin/ {}
2021-01-15 17:35:32,399 interview.performance 38 INFO     0.3049924373626709 /admin/ {}
2021-01-16 18:28:09,930 interview.performance 38 INFO     0.22480487823486328 / {}
2021-01-16 18:28:10,380 interview.performance 38 INFO     0.12248086929321289 /favicon.ico {}
2021-01-16 18:28:19,608 interview.performance 38 INFO     0.10920429229736328 /admin/ {}
2021-01-16 18:28:19,887 interview.performance 38 INFO     0.10205698013305664 /favicon.ico {}
2021-01-16 18:29:38,006 interview.performance 38 INFO     0.2644617557525635 /admin/ {}
2021-01-16 18:29:38,222 interview.performance 38 INFO     0.19817709922790527 /admin/login/ {'next': '/admin/'}
2021-01-16 18:29:38,618 interview.performance 38 INFO     0.10309791564941406 /favicon.ico {}
2021-01-16 18:29:42,210 interview.performance 38 INFO     0.4632718563079834 /admin/login/ {'next': '/admin/'}
2021-01-16 18:29:42,464 interview.performance 38 INFO     0.23599791526794434 /admin/ {}
2021-01-16 18:31:15,010 interview.performance 38 INFO     0.20061111450195312 /admin/ {}
2021-01-16 18:31:19,370 interview.performance 38 INFO     0.09165620803833008 /__debug__/render_panel/ {'store_id': 'de6a955832ba41cca8e16c0f7956a548', 'panel_id': 'HeadersPanel'}
2021-01-16 18:31:29,271 interview.performance 38 INFO     1.4863760471343994 /admin/interview/candidate/ {}
2021-01-16 18:31:30,753 interview.performance 38 INFO     1.9449269771575928 /admin/interview/candidate/ {}
2021-01-16 18:31:31,052 interview.performance 38 INFO     0.22537994384765625 /admin/jsi18n/ {}
2021-01-16 18:31:38,290 interview.performance 38 INFO     0.4391348361968994 /__debug__/render_panel/ {'store_id': 'a5d533e37bbf470f8c2b7f0b0cfc60a4', 'panel_id': 'SQLPanel'}
2021-01-16 18:34:48,371 interview.performance 38 INFO     0.2552649974822998 / {}
2021-01-17 17:30:41,576 interview.performance 38 INFO     0.3850390911102295 /admin/ {}
2021-01-17 17:31:38,825 interview.performance 38 INFO     0.040067195892333984 /__debug__/render_panel/ {'store_id': '632a28278f9540eea6e0cec8306fab39', 'panel_id': 'TemplatesPanel'}
2021-01-17 17:31:48,860 interview.performance 38 INFO     0.0402219295501709 /__debug__/render_panel/ {'store_id': '632a28278f9540eea6e0cec8306fab39', 'panel_id': 'CachePanel'}
2021-01-17 17:32:04,240 interview.performance 38 INFO     0.047429800033569336 /__debug__/render_panel/ {'store_id': '632a28278f9540eea6e0cec8306fab39', 'panel_id': 'SignalsPanel'}
2021-01-17 17:35:32,685 interview.performance 38 INFO     0.38439512252807617 /admin/ {}
2021-01-17 17:35:44,994 interview.performance 38 INFO     0.30927491188049316 /admin/jobs/resume/ {}
2021-01-17 17:35:45,260 interview.performance 38 INFO     0.19495010375976562 /admin/jsi18n/ {}
2021-01-17 17:36:06,672 interview.performance 38 INFO     0.24643397331237793 /admin/ {}
2021-01-17 17:36:07,201 interview.performance 38 INFO     0.3171820640563965 /admin/jobs/resume/ {}
2021-01-17 17:36:30,168 interview.performance 38 INFO     1.5892138481140137 /admin/interview/candidate/ {}
2021-01-17 17:36:54,433 interview.performance 38 INFO     0.6224262714385986 /admin/interview/candidate/3/change/ {}
2021-01-17 17:37:49,557 interview.performance 38 INFO     0.22422385215759277 /admin/ {}
2021-01-17 17:37:49,940 interview.performance 38 INFO     0.19817709922790527 /admin/interview/candidate/ {}
2021-01-18 11:20:10,654 interview.performance 38 INFO     0.14074325561523438 /job/1/ {}
2021-01-18 11:20:10,677 interview.performance 38 INFO     0.010999917984008789 /joblist/ {}
