2021-01-11 17:22:29,437 django.utils.autoreload 617 INFO     Watching for file changes with StatReloader
2021-01-11 17:22:47,274 django_python3_ldap.ldap 181 INFO     LDAP connect succeeded
2021-01-11 17:22:47,274 django_python3_ldap.ldap 181 INFO     LDAP connect succeeded
2021-01-11 17:22:47,372 django_python3_ldap.ldap 76 INFO     LDAP user lookup succeeded
2021-01-11 17:22:47,372 django_python3_ldap.ldap 76 INFO     LDAP user lookup succeeded
2021-01-11 17:25:29,417 django.utils.autoreload 240 INFO     D:\PythonProject\Django_rapid_program\recruitment\interview\admin.py changed, reloading.
2021-01-11 17:25:30,379 django.utils.autoreload 617 INFO     Watching for file changes with StatReloader
2021-01-11 17:25:51,730 django.utils.autoreload 240 INFO     D:\PythonProject\Django_rapid_program\recruitment\interview\admin.py changed, reloading.
2021-01-11 17:25:52,760 django.utils.autoreload 617 INFO     Watching for file changes with StatReloader
2021-01-11 17:26:50,100 django.utils.autoreload 240 INFO     D:\PythonProject\Django_rapid_program\recruitment\interview\admin.py changed, reloading.
2021-01-11 17:26:51,042 django.utils.autoreload 617 INFO     Watching for file changes with StatReloader
2021-01-11 17:27:14,519 django.utils.autoreload 240 INFO     D:\PythonProject\Django_rapid_program\recruitment\interview\admin.py changed, reloading.
2021-01-11 17:27:15,498 django.utils.autoreload 617 INFO     Watching for file changes with StatReloader
2021-01-11 17:32:34,885 interview.admin 49 INFO     admin exported 5 candidate records
2021-01-11 17:39:05,838 django.utils.autoreload 240 INFO     D:\PythonProject\Django_rapid_program\recruitment\manage.py changed, reloading.
2021-01-11 17:39:53,878 django.utils.autoreload 617 INFO     Watching for file changes with StatReloader
2021-01-11 17:40:46,910 django.utils.autoreload 240 INFO     D:\PythonProject\Django_rapid_program\recruitment\settings\base.py changed, reloading.
2021-01-11 17:40:47,783 django.utils.autoreload 617 INFO     Watching for file changes with StatReloader
2021-01-11 17:40:57,515 django.utils.autoreload 240 INFO     D:\PythonProject\Django_rapid_program\recruitment\settings\base.py changed, reloading.
2021-01-11 17:40:58,508 django.utils.autoreload 617 INFO     Watching for file changes with StatReloader
2021-01-11 17:49:42,600 django.utils.autoreload 617 INFO     Watching for file changes with StatReloader
2021-01-11 17:49:45,985 django.request 230 WARNING  Not Found: /
2021-01-11 17:50:01,305 django.security.SuspiciousSession 131 WARNING  Session data corrupted
2021-01-11 17:50:01,344 django.security.SuspiciousSession 131 WARNING  Session data corrupted
2021-01-11 17:50:04,643 django.security.SuspiciousSession 131 WARNING  Session data corrupted
2021-01-11 17:50:04,645 django_python3_ldap.ldap 184 WARNING  LDAP bind failed: invalid server address
2021-01-11 17:50:04,645 django_python3_ldap.ldap 184 WARNING  LDAP bind failed: invalid server address
2021-01-11 17:51:17,914 django.utils.autoreload 240 INFO     D:\PythonProject\Django_rapid_program\recruitment\manage.py changed, reloading.
2021-01-11 17:51:18,909 django.utils.autoreload 617 INFO     Watching for file changes with StatReloader
2021-01-12 13:11:42,190 django.utils.autoreload 617 INFO     Watching for file changes with StatReloader
2021-01-12 13:11:51,242 django.request 230 WARNING  Not Found: /
2021-01-12 13:11:51,499 django.request 230 WARNING  Not Found: /favicon.ico
2021-01-12 13:14:57,845 django.utils.autoreload 240 INFO     D:\PythonProject\Django_rapid_program\recruitment\interview\models.py changed, reloading.
2021-01-12 13:14:59,039 django.utils.autoreload 617 INFO     Watching for file changes with StatReloader
2021-01-12 13:16:32,221 django.utils.autoreload 240 INFO     D:\PythonProject\Django_rapid_program\recruitment\interview\models.py changed, reloading.
2021-01-12 13:16:33,504 django.utils.autoreload 617 INFO     Watching for file changes with StatReloader
2021-01-12 13:16:42,161 django.utils.autoreload 240 INFO     D:\PythonProject\Django_rapid_program\recruitment\interview\models.py changed, reloading.
2021-01-12 13:16:43,127 django.utils.autoreload 617 INFO     Watching for file changes with StatReloader
2021-01-12 13:17:46,890 django.utils.autoreload 240 INFO     D:\PythonProject\Django_rapid_program\recruitment\interview\admin.py changed, reloading.
2021-01-12 13:17:47,958 django.utils.autoreload 617 INFO     Watching for file changes with StatReloader
2021-01-12 13:20:14,023 django.utils.autoreload 240 INFO     D:\PythonProject\Django_rapid_program\recruitment\interview\models.py changed, reloading.
2021-01-12 13:20:14,974 django.utils.autoreload 617 INFO     Watching for file changes with StatReloader
2021-01-12 13:21:29,259 django.utils.autoreload 240 INFO     D:\PythonProject\Django_rapid_program\recruitment\interview\models.py changed, reloading.
2021-01-12 13:21:30,148 django.utils.autoreload 617 INFO     Watching for file changes with StatReloader
2021-01-12 13:22:07,230 django.utils.autoreload 240 INFO     D:\PythonProject\Django_rapid_program\recruitment\interview\models.py changed, reloading.
2021-01-12 13:22:08,147 django.utils.autoreload 617 INFO     Watching for file changes with StatReloader
2021-01-12 13:22:40,953 django.utils.autoreload 240 INFO     D:\PythonProject\Django_rapid_program\recruitment\interview\models.py changed, reloading.
2021-01-12 13:22:41,894 django.utils.autoreload 617 INFO     Watching for file changes with StatReloader
2021-01-12 13:23:29,543 django.utils.autoreload 240 INFO     D:\PythonProject\Django_rapid_program\recruitment\interview\models.py changed, reloading.
2021-01-12 13:23:30,458 django.utils.autoreload 617 INFO     Watching for file changes with StatReloader
2021-01-12 13:26:50,523 django.utils.autoreload 240 INFO     D:\PythonProject\Django_rapid_program\recruitment\interview\admin.py changed, reloading.
2021-01-12 13:26:51,751 django.utils.autoreload 617 INFO     Watching for file changes with StatReloader
2021-01-12 13:28:23,500 django.utils.autoreload 240 INFO     D:\PythonProject\Django_rapid_program\recruitment\interview\admin.py changed, reloading.
2021-01-12 13:28:24,409 django.utils.autoreload 617 INFO     Watching for file changes with StatReloader
2021-01-12 13:29:10,873 django.request 230 WARNING  Not Found: /favicon.ico
2021-01-12 13:32:01,292 django.utils.autoreload 240 INFO     D:\PythonProject\Django_rapid_program\recruitment\interview\admin.py changed, reloading.
2021-01-12 13:32:02,276 django.utils.autoreload 617 INFO     Watching for file changes with StatReloader
2021-01-12 13:35:04,196 django.utils.autoreload 240 INFO     D:\PythonProject\Django_rapid_program\recruitment\interview\admin.py changed, reloading.
2021-01-12 13:35:05,284 django.utils.autoreload 617 INFO     Watching for file changes with StatReloader
2021-01-12 13:35:20,409 django.utils.autoreload 240 INFO     D:\PythonProject\Django_rapid_program\recruitment\interview\admin.py changed, reloading.
2021-01-12 13:35:21,388 django.utils.autoreload 617 INFO     Watching for file changes with StatReloader
2021-01-12 13:36:23,208 django.utils.autoreload 240 INFO     D:\PythonProject\Django_rapid_program\recruitment\interview\admin.py changed, reloading.
2021-01-12 13:36:24,149 django.utils.autoreload 617 INFO     Watching for file changes with StatReloader
2021-01-12 13:36:34,838 django.utils.autoreload 240 INFO     D:\PythonProject\Django_rapid_program\recruitment\interview\admin.py changed, reloading.
2021-01-12 13:36:35,742 django.utils.autoreload 617 INFO     Watching for file changes with StatReloader
2021-01-12 13:36:38,059 django.utils.autoreload 240 INFO     D:\PythonProject\Django_rapid_program\recruitment\interview\admin.py changed, reloading.
2021-01-12 13:36:39,105 django.utils.autoreload 617 INFO     Watching for file changes with StatReloader
2021-01-12 13:38:53,326 django.utils.autoreload 240 INFO     D:\PythonProject\Django_rapid_program\recruitment\interview\admin.py changed, reloading.
2021-01-12 13:38:54,173 django.utils.autoreload 617 INFO     Watching for file changes with StatReloader
2021-01-12 13:40:10,501 django.utils.autoreload 240 INFO     D:\PythonProject\Django_rapid_program\recruitment\interview\admin.py changed, reloading.
2021-01-12 13:40:11,396 django.utils.autoreload 617 INFO     Watching for file changes with StatReloader
2021-01-12 13:40:59,816 django.utils.autoreload 240 INFO     D:\PythonProject\Django_rapid_program\recruitment\interview\admin.py changed, reloading.
2021-01-12 13:41:01,090 django.utils.autoreload 617 INFO     Watching for file changes with StatReloader
2021-01-12 13:41:26,703 django.utils.autoreload 240 INFO     D:\PythonProject\Django_rapid_program\recruitment\interview\admin.py changed, reloading.
2021-01-12 13:41:27,707 django.utils.autoreload 617 INFO     Watching for file changes with StatReloader
2021-01-12 13:41:55,952 django_python3_ldap.ldap 184 WARNING  LDAP bind failed: invalid server address
2021-01-12 13:41:55,952 django_python3_ldap.ldap 184 WARNING  LDAP bind failed: invalid server address
2021-01-12 13:42:02,710 django_python3_ldap.ldap 184 WARNING  LDAP bind failed: invalid server address
2021-01-12 13:42:02,710 django_python3_ldap.ldap 184 WARNING  LDAP bind failed: invalid server address
2021-01-12 13:42:07,692 django_python3_ldap.ldap 184 WARNING  LDAP bind failed: invalid server address
2021-01-12 13:42:07,692 django_python3_ldap.ldap 184 WARNING  LDAP bind failed: invalid server address
2021-01-12 13:42:20,364 django_python3_ldap.ldap 184 WARNING  LDAP bind failed: invalid server address
2021-01-12 13:42:20,364 django_python3_ldap.ldap 184 WARNING  LDAP bind failed: invalid server address
2021-01-12 13:42:26,384 django_python3_ldap.ldap 184 WARNING  LDAP bind failed: invalid server address
2021-01-12 13:42:26,384 django_python3_ldap.ldap 184 WARNING  LDAP bind failed: invalid server address
2021-01-12 13:42:30,436 django_python3_ldap.ldap 184 WARNING  LDAP bind failed: invalid server address
2021-01-12 13:42:30,436 django_python3_ldap.ldap 184 WARNING  LDAP bind failed: invalid server address
2021-01-12 13:42:35,269 django_python3_ldap.ldap 184 WARNING  LDAP bind failed: invalid server address
2021-01-12 13:42:35,269 django_python3_ldap.ldap 184 WARNING  LDAP bind failed: invalid server address
2021-01-12 13:42:47,219 django_python3_ldap.ldap 184 WARNING  LDAP bind failed: invalid server address
2021-01-12 13:42:47,219 django_python3_ldap.ldap 184 WARNING  LDAP bind failed: invalid server address
2021-01-12 13:42:50,764 django.request 230 WARNING  Not Found: /
2021-01-12 13:43:13,040 django_python3_ldap.ldap 184 WARNING  LDAP bind failed: invalid server address
2021-01-12 13:43:13,040 django_python3_ldap.ldap 184 WARNING  LDAP bind failed: invalid server address
2021-01-12 13:43:17,350 django_python3_ldap.ldap 184 WARNING  LDAP bind failed: invalid server address
2021-01-12 13:43:17,350 django_python3_ldap.ldap 184 WARNING  LDAP bind failed: invalid server address
2021-01-12 13:43:20,192 django_python3_ldap.ldap 184 WARNING  LDAP bind failed: invalid server address
2021-01-12 13:43:20,192 django_python3_ldap.ldap 184 WARNING  LDAP bind failed: invalid server address
2021-01-12 13:43:56,385 django_python3_ldap.ldap 184 WARNING  LDAP bind failed: invalid server address
2021-01-12 13:43:56,385 django_python3_ldap.ldap 184 WARNING  LDAP bind failed: invalid server address
2021-01-12 13:44:14,525 django.utils.autoreload 240 INFO     D:\PythonProject\Django_rapid_program\recruitment\settings\local.py changed, reloading.
2021-01-12 13:44:15,479 django.utils.autoreload 617 INFO     Watching for file changes with StatReloader
2021-01-12 13:44:18,342 django_python3_ldap.ldap 181 INFO     LDAP connect succeeded
2021-01-12 13:44:18,342 django_python3_ldap.ldap 181 INFO     LDAP connect succeeded
2021-01-12 13:44:18,453 django_python3_ldap.ldap 76 INFO     LDAP user lookup succeeded
2021-01-12 13:44:18,453 django_python3_ldap.ldap 76 INFO     LDAP user lookup succeeded
2021-01-12 13:44:21,881 interview.admin 90 INFO     interviewer is in user's group for Tom
2021-01-12 13:44:21,885 interview.admin 90 INFO     interviewer is in user's group for Tom
2021-01-12 13:55:42,733 django.utils.autoreload 240 INFO     D:\PythonProject\Django_rapid_program\recruitment\interview\admin.py changed, reloading.
2021-01-12 13:55:43,609 django.utils.autoreload 617 INFO     Watching for file changes with StatReloader
2021-01-12 13:56:17,830 django.utils.autoreload 240 INFO     D:\PythonProject\Django_rapid_program\recruitment\interview\admin.py changed, reloading.
2021-01-12 13:56:18,714 django.utils.autoreload 617 INFO     Watching for file changes with StatReloader
2021-01-12 13:56:55,619 django.utils.autoreload 240 INFO     D:\PythonProject\Django_rapid_program\recruitment\interview\admin.py changed, reloading.
2021-01-12 13:56:56,763 django.utils.autoreload 617 INFO     Watching for file changes with StatReloader
2021-01-12 13:57:10,762 django.utils.autoreload 240 INFO     D:\PythonProject\Django_rapid_program\recruitment\interview\admin.py changed, reloading.
2021-01-12 13:57:11,726 django.utils.autoreload 617 INFO     Watching for file changes with StatReloader
2021-01-12 13:57:24,646 django.utils.autoreload 240 INFO     D:\PythonProject\Django_rapid_program\recruitment\interview\admin.py changed, reloading.
2021-01-12 13:57:25,888 django.utils.autoreload 617 INFO     Watching for file changes with StatReloader
2021-01-12 13:57:49,379 django.utils.autoreload 240 INFO     D:\PythonProject\Django_rapid_program\recruitment\interview\admin.py changed, reloading.
2021-01-12 13:57:50,369 django.utils.autoreload 617 INFO     Watching for file changes with StatReloader
2021-01-12 13:58:16,840 django.utils.autoreload 240 INFO     D:\PythonProject\Django_rapid_program\recruitment\interview\admin.py changed, reloading.
2021-01-12 13:58:17,767 django.utils.autoreload 617 INFO     Watching for file changes with StatReloader
2021-01-12 13:58:34,379 django_python3_ldap.ldap 181 INFO     LDAP connect succeeded
2021-01-12 13:58:34,379 django_python3_ldap.ldap 181 INFO     LDAP connect succeeded
2021-01-12 13:58:34,488 django_python3_ldap.ldap 76 INFO     LDAP user lookup succeeded
2021-01-12 13:58:34,488 django_python3_ldap.ldap 76 INFO     LDAP user lookup succeeded
2021-01-12 13:59:03,103 django_python3_ldap.ldap 181 INFO     LDAP connect succeeded
2021-01-12 13:59:03,103 django_python3_ldap.ldap 181 INFO     LDAP connect succeeded
2021-01-12 13:59:03,210 django_python3_ldap.ldap 76 INFO     LDAP user lookup succeeded
2021-01-12 13:59:03,210 django_python3_ldap.ldap 76 INFO     LDAP user lookup succeeded
2021-01-12 13:59:07,557 django_python3_ldap.ldap 184 WARNING  LDAP bind failed: LDAPInvalidCredentialsResult - 49 - invalidCredentials - None - None - bindResponse - None
2021-01-12 13:59:07,557 django_python3_ldap.ldap 184 WARNING  LDAP bind failed: LDAPInvalidCredentialsResult - 49 - invalidCredentials - None - None - bindResponse - None
2021-01-12 13:59:12,551 django_python3_ldap.ldap 181 INFO     LDAP connect succeeded
2021-01-12 13:59:12,551 django_python3_ldap.ldap 181 INFO     LDAP connect succeeded
2021-01-12 13:59:12,654 django_python3_ldap.ldap 76 INFO     LDAP user lookup succeeded
2021-01-12 13:59:12,654 django_python3_ldap.ldap 76 INFO     LDAP user lookup succeeded
2021-01-12 13:59:43,718 django_python3_ldap.ldap 181 INFO     LDAP connect succeeded
2021-01-12 13:59:43,718 django_python3_ldap.ldap 181 INFO     LDAP connect succeeded
2021-01-12 13:59:43,800 django_python3_ldap.ldap 76 INFO     LDAP user lookup succeeded
2021-01-12 13:59:43,800 django_python3_ldap.ldap 76 INFO     LDAP user lookup succeeded
2021-01-12 14:00:04,373 django_python3_ldap.ldap 184 WARNING  LDAP bind failed: LDAPInvalidCredentialsResult - 49 - invalidCredentials - None - None - bindResponse - None
2021-01-12 14:00:04,373 django_python3_ldap.ldap 184 WARNING  LDAP bind failed: LDAPInvalidCredentialsResult - 49 - invalidCredentials - None - None - bindResponse - None
2021-01-12 14:01:01,482 django_python3_ldap.ldap 181 INFO     LDAP connect succeeded
2021-01-12 14:01:01,482 django_python3_ldap.ldap 181 INFO     LDAP connect succeeded
2021-01-12 14:01:01,590 django_python3_ldap.ldap 76 INFO     LDAP user lookup succeeded
2021-01-12 14:01:01,590 django_python3_ldap.ldap 76 INFO     LDAP user lookup succeeded
2021-01-12 14:02:16,650 django_python3_ldap.ldap 181 INFO     LDAP connect succeeded
2021-01-12 14:02:16,650 django_python3_ldap.ldap 181 INFO     LDAP connect succeeded
2021-01-12 14:02:16,769 django_python3_ldap.ldap 76 INFO     LDAP user lookup succeeded
2021-01-12 14:02:16,769 django_python3_ldap.ldap 76 INFO     LDAP user lookup succeeded
2021-01-12 14:04:48,953 django.utils.autoreload 240 INFO     D:\PythonProject\Django_rapid_program\recruitment\interview\admin.py changed, reloading.
2021-01-12 14:04:49,873 django.utils.autoreload 617 INFO     Watching for file changes with StatReloader
2021-01-12 14:05:40,311 django.utils.autoreload 240 INFO     D:\PythonProject\Django_rapid_program\recruitment\interview\admin.py changed, reloading.
2021-01-12 14:05:41,229 django.utils.autoreload 617 INFO     Watching for file changes with StatReloader
2021-01-12 14:06:33,323 django.utils.autoreload 240 INFO     D:\PythonProject\Django_rapid_program\recruitment\interview\admin.py changed, reloading.
2021-01-12 14:06:34,245 django.utils.autoreload 617 INFO     Watching for file changes with StatReloader
2021-01-12 14:06:44,044 django.utils.autoreload 240 INFO     D:\PythonProject\Django_rapid_program\recruitment\interview\admin.py changed, reloading.
2021-01-12 14:06:44,925 django.utils.autoreload 617 INFO     Watching for file changes with StatReloader
2021-01-12 14:07:15,821 django.utils.autoreload 240 INFO     D:\PythonProject\Django_rapid_program\recruitment\interview\admin.py changed, reloading.
2021-01-12 14:07:16,738 django.utils.autoreload 617 INFO     Watching for file changes with StatReloader
2021-01-12 14:07:30,492 django_python3_ldap.ldap 181 INFO     LDAP connect succeeded
2021-01-12 14:07:30,492 django_python3_ldap.ldap 181 INFO     LDAP connect succeeded
2021-01-12 14:07:30,608 django_python3_ldap.ldap 76 INFO     LDAP user lookup succeeded
2021-01-12 14:07:30,608 django_python3_ldap.ldap 76 INFO     LDAP user lookup succeeded
2021-01-12 14:07:54,976 django_python3_ldap.ldap 181 INFO     LDAP connect succeeded
2021-01-12 14:07:54,976 django_python3_ldap.ldap 181 INFO     LDAP connect succeeded
2021-01-12 14:07:55,086 django_python3_ldap.ldap 76 INFO     LDAP user lookup succeeded
2021-01-12 14:07:55,086 django_python3_ldap.ldap 76 INFO     LDAP user lookup succeeded
2021-01-12 14:08:22,598 django.utils.autoreload 240 INFO     D:\PythonProject\Django_rapid_program\recruitment\interview\admin.py changed, reloading.
2021-01-12 14:08:23,824 django.utils.autoreload 617 INFO     Watching for file changes with StatReloader
2021-01-12 14:09:30,938 django_python3_ldap.ldap 181 INFO     LDAP connect succeeded
2021-01-12 14:09:30,938 django_python3_ldap.ldap 181 INFO     LDAP connect succeeded
2021-01-12 14:09:31,044 django_python3_ldap.ldap 76 INFO     LDAP user lookup succeeded
2021-01-12 14:09:31,044 django_python3_ldap.ldap 76 INFO     LDAP user lookup succeeded
2021-01-12 14:09:41,659 django.utils.autoreload 240 INFO     D:\PythonProject\Django_rapid_program\recruitment\interview\admin.py changed, reloading.
2021-01-12 14:09:42,774 django.utils.autoreload 617 INFO     Watching for file changes with StatReloader
2021-01-12 14:12:40,470 django.utils.autoreload 240 INFO     D:\PythonProject\Django_rapid_program\recruitment\interview\admin.py changed, reloading.
2021-01-12 14:12:41,383 django.utils.autoreload 617 INFO     Watching for file changes with StatReloader
2021-01-12 14:13:21,732 django.utils.autoreload 240 INFO     D:\PythonProject\Django_rapid_program\recruitment\interview\models.py changed, reloading.
2021-01-12 14:13:22,880 django.utils.autoreload 617 INFO     Watching for file changes with StatReloader
2021-01-12 14:13:29,398 django.utils.autoreload 240 INFO     D:\PythonProject\Django_rapid_program\recruitment\interview\models.py changed, reloading.
2021-01-12 14:13:30,325 django.utils.autoreload 617 INFO     Watching for file changes with StatReloader
2021-01-12 14:13:48,498 django.utils.autoreload 240 INFO     D:\PythonProject\Django_rapid_program\recruitment\interview\models.py changed, reloading.
2021-01-12 14:13:49,454 django.utils.autoreload 617 INFO     Watching for file changes with StatReloader
2021-01-12 14:19:34,958 django.utils.autoreload 240 INFO     D:\PythonProject\Django_rapid_program\recruitment\settings\base.py changed, reloading.
2021-01-12 14:19:35,860 django.utils.autoreload 617 INFO     Watching for file changes with StatReloader
2021-01-12 14:33:03,908 django.utils.autoreload 240 INFO     D:\PythonProject\Django_rapid_program\recruitment\recruitment\urls.py changed, reloading.
2021-01-12 14:33:04,781 django.utils.autoreload 617 INFO     Watching for file changes with StatReloader
2021-01-12 14:33:13,922 django.request 230 WARNING  Not Found: /grappelli
2021-01-12 14:44:29,593 django.utils.autoreload 240 INFO     D:\PythonProject\Django_rapid_program\recruitment\interview\admin.py changed, reloading.
2021-01-12 14:44:30,640 django.utils.autoreload 617 INFO     Watching for file changes with StatReloader
2021-01-12 14:47:47,597 django.utils.autoreload 240 INFO     D:\PythonProject\Django_rapid_program\recruitment\interview\admin.py changed, reloading.
2021-01-12 14:47:48,429 django.utils.autoreload 617 INFO     Watching for file changes with StatReloader
2021-01-12 14:55:15,397 django.utils.autoreload 240 INFO     D:\PythonProject\Django_rapid_program\recruitment\interview\admin.py changed, reloading.
2021-01-12 14:55:16,437 django.utils.autoreload 617 INFO     Watching for file changes with StatReloader
2021-01-12 14:56:21,578 django.utils.autoreload 240 INFO     D:\PythonProject\Django_rapid_program\recruitment\interview\admin.py changed, reloading.
2021-01-12 14:56:22,841 django.utils.autoreload 617 INFO     Watching for file changes with StatReloader
2021-01-12 15:02:45,163 django.utils.autoreload 240 INFO     D:\PythonProject\Django_rapid_program\recruitment\interview\admin.py changed, reloading.
2021-01-12 15:02:46,067 django.utils.autoreload 617 INFO     Watching for file changes with StatReloader
2021-01-12 15:02:55,886 django.utils.autoreload 240 INFO     D:\PythonProject\Django_rapid_program\recruitment\interview\admin.py changed, reloading.
2021-01-12 15:02:56,834 django.utils.autoreload 617 INFO     Watching for file changes with StatReloader
2021-01-12 15:03:35,725 django_python3_ldap.ldap 181 INFO     LDAP connect succeeded
2021-01-12 15:03:35,725 django_python3_ldap.ldap 181 INFO     LDAP connect succeeded
2021-01-12 15:03:35,828 django_python3_ldap.ldap 76 INFO     LDAP user lookup succeeded
2021-01-12 15:03:35,828 django_python3_ldap.ldap 76 INFO     LDAP user lookup succeeded
2021-01-12 15:04:36,736 django_python3_ldap.ldap 181 INFO     LDAP connect succeeded
2021-01-12 15:04:36,736 django_python3_ldap.ldap 181 INFO     LDAP connect succeeded
2021-01-12 15:04:36,851 django_python3_ldap.ldap 76 INFO     LDAP user lookup succeeded
2021-01-12 15:04:36,851 django_python3_ldap.ldap 76 INFO     LDAP user lookup succeeded
2021-01-12 15:04:40,807 interview.admin 123 INFO     interviewer is in user's group for sqw
2021-01-12 15:04:40,809 interview.admin 123 INFO     interviewer is in user's group for sqw
2021-01-12 15:04:51,053 django_python3_ldap.ldap 181 INFO     LDAP connect succeeded
2021-01-12 15:04:51,053 django_python3_ldap.ldap 181 INFO     LDAP connect succeeded
2021-01-12 15:04:51,151 django_python3_ldap.ldap 76 INFO     LDAP user lookup succeeded
2021-01-12 15:04:51,151 django_python3_ldap.ldap 76 INFO     LDAP user lookup succeeded
2021-01-12 15:04:53,713 interview.admin 123 INFO     interviewer is in user's group for Tom
2021-01-12 15:04:53,717 interview.admin 123 INFO     interviewer is in user's group for Tom
2021-01-12 15:05:59,345 django.utils.autoreload 240 INFO     D:\PythonProject\Django_rapid_program\recruitment\interview\admin.py changed, reloading.
2021-01-12 15:06:00,408 django.utils.autoreload 617 INFO     Watching for file changes with StatReloader
2021-01-12 15:06:03,195 interview.admin 123 INFO     interviewer is in user's group for Tom
2021-01-12 15:06:03,199 interview.admin 123 INFO     interviewer is in user's group for Tom
2021-01-12 15:06:09,827 interview.admin 123 INFO     interviewer is in user's group for Tom
2021-01-12 15:06:09,830 interview.admin 123 INFO     interviewer is in user's group for Tom
2021-01-12 15:06:46,796 django.utils.autoreload 240 INFO     D:\PythonProject\Django_rapid_program\recruitment\interview\admin.py changed, reloading.
2021-01-12 15:06:47,789 django.utils.autoreload 617 INFO     Watching for file changes with StatReloader
2021-01-12 15:06:50,172 interview.admin 124 INFO     interviewer is in user's group for Tom
2021-01-12 15:06:50,175 interview.admin 124 INFO     interviewer is in user's group for Tom
2021-01-12 15:06:52,713 interview.admin 124 INFO     interviewer is in user's group for Tom
2021-01-12 15:06:52,715 interview.admin 124 INFO     interviewer is in user's group for Tom
2021-01-12 15:07:09,710 django.utils.autoreload 240 INFO     D:\PythonProject\Django_rapid_program\recruitment\interview\admin.py changed, reloading.
2021-01-12 15:07:10,631 django.utils.autoreload 617 INFO     Watching for file changes with StatReloader
2021-01-12 15:07:14,402 interview.admin 124 INFO     interviewer is in user's group for Tom
2021-01-12 15:07:14,404 interview.admin 124 INFO     interviewer is in user's group for Tom
2021-01-12 15:13:07,303 django.utils.autoreload 240 INFO     D:\PythonProject\Django_rapid_program\recruitment\interview\admin.py changed, reloading.
2021-01-12 15:13:08,585 django.utils.autoreload 617 INFO     Watching for file changes with StatReloader
2021-01-12 15:13:31,111 django.utils.autoreload 240 INFO     D:\PythonProject\Django_rapid_program\recruitment\interview\admin.py changed, reloading.
2021-01-12 15:13:32,069 django.utils.autoreload 617 INFO     Watching for file changes with StatReloader
2021-01-12 15:14:31,670 django.utils.autoreload 240 INFO     D:\PythonProject\Django_rapid_program\recruitment\interview\admin.py changed, reloading.
2021-01-12 15:14:32,647 django.utils.autoreload 617 INFO     Watching for file changes with StatReloader
2021-01-12 15:14:50,761 django.utils.autoreload 240 INFO     D:\PythonProject\Django_rapid_program\recruitment\interview\admin.py changed, reloading.
2021-01-12 15:14:51,737 django.utils.autoreload 617 INFO     Watching for file changes with StatReloader
2021-01-12 15:15:15,626 django_python3_ldap.ldap 181 INFO     LDAP connect succeeded
2021-01-12 15:15:15,626 django_python3_ldap.ldap 181 INFO     LDAP connect succeeded
2021-01-12 15:15:15,742 django_python3_ldap.ldap 76 INFO     LDAP user lookup succeeded
2021-01-12 15:15:15,742 django_python3_ldap.ldap 76 INFO     LDAP user lookup succeeded
2021-01-12 15:15:19,367 interview.admin 125 INFO     interviewer is in user's group for sqw
2021-01-12 15:15:19,370 interview.admin 125 INFO     interviewer is in user's group for sqw
2021-01-12 15:19:53,412 django.utils.autoreload 240 INFO     D:\PythonProject\Django_rapid_program\recruitment\interview\admin.py changed, reloading.
2021-01-12 15:19:54,521 django.utils.autoreload 617 INFO     Watching for file changes with StatReloader
2021-01-12 15:20:29,933 django_python3_ldap.ldap 181 INFO     LDAP connect succeeded
2021-01-12 15:20:29,933 django_python3_ldap.ldap 181 INFO     LDAP connect succeeded
2021-01-12 15:20:30,036 django_python3_ldap.ldap 76 INFO     LDAP user lookup succeeded
2021-01-12 15:20:30,036 django_python3_ldap.ldap 76 INFO     LDAP user lookup succeeded
2021-01-12 15:20:46,131 django_python3_ldap.ldap 181 INFO     LDAP connect succeeded
2021-01-12 15:20:46,131 django_python3_ldap.ldap 181 INFO     LDAP connect succeeded
2021-01-12 15:20:46,236 django_python3_ldap.ldap 76 INFO     LDAP user lookup succeeded
2021-01-12 15:20:46,236 django_python3_ldap.ldap 76 INFO     LDAP user lookup succeeded
2021-01-12 15:21:22,877 django.utils.autoreload 240 INFO     D:\PythonProject\Django_rapid_program\recruitment\interview\admin.py changed, reloading.
2021-01-12 15:21:23,827 django.utils.autoreload 617 INFO     Watching for file changes with StatReloader
2021-01-12 15:21:35,435 django_python3_ldap.ldap 181 INFO     LDAP connect succeeded
2021-01-12 15:21:35,435 django_python3_ldap.ldap 181 INFO     LDAP connect succeeded
2021-01-12 15:21:35,537 django_python3_ldap.ldap 76 INFO     LDAP user lookup succeeded
2021-01-12 15:21:35,537 django_python3_ldap.ldap 76 INFO     LDAP user lookup succeeded
2021-01-12 15:21:52,075 interview.admin 140 INFO     interviewer is in user's group for sqw
2021-01-12 15:21:52,077 interview.admin 140 INFO     interviewer is in user's group for sqw
2021-01-12 15:22:05,958 interview.admin 140 INFO     interviewer is in user's group for sqw
2021-01-12 15:24:43,464 django.utils.autoreload 240 INFO     D:\PythonProject\Django_rapid_program\recruitment\interview\admin.py changed, reloading.
2021-01-12 15:24:44,348 django.utils.autoreload 617 INFO     Watching for file changes with StatReloader
2021-01-12 15:26:11,099 django.utils.autoreload 240 INFO     D:\PythonProject\Django_rapid_program\recruitment\interview\models.py changed, reloading.
2021-01-12 15:26:12,070 django.utils.autoreload 617 INFO     Watching for file changes with StatReloader
2021-01-12 15:26:47,283 django.utils.autoreload 240 INFO     D:\PythonProject\Django_rapid_program\recruitment\interview\models.py changed, reloading.
2021-01-12 15:26:48,284 django.utils.autoreload 617 INFO     Watching for file changes with StatReloader
2021-01-12 15:26:49,633 django.utils.autoreload 240 INFO     D:\PythonProject\Django_rapid_program\recruitment\interview\models.py changed, reloading.
2021-01-12 15:26:50,566 django.utils.autoreload 617 INFO     Watching for file changes with StatReloader
2021-01-12 15:27:47,392 django.utils.autoreload 240 INFO     D:\PythonProject\Django_rapid_program\recruitment\interview\admin.py changed, reloading.
2021-01-12 15:27:48,366 django.utils.autoreload 617 INFO     Watching for file changes with StatReloader
2021-01-12 15:28:06,532 django.utils.autoreload 240 INFO     D:\PythonProject\Django_rapid_program\recruitment\interview\admin.py changed, reloading.
2021-01-12 15:28:07,393 django.utils.autoreload 617 INFO     Watching for file changes with StatReloader
2021-01-12 15:32:14,925 django.utils.autoreload 240 INFO     D:\PythonProject\Django_rapid_program\recruitment\interview\admin.py changed, reloading.
2021-01-12 15:32:16,017 django.utils.autoreload 617 INFO     Watching for file changes with StatReloader
2021-01-12 15:33:18,461 django.utils.autoreload 240 INFO     D:\PythonProject\Django_rapid_program\recruitment\interview\admin.py changed, reloading.
2021-01-12 15:33:19,482 django.utils.autoreload 617 INFO     Watching for file changes with StatReloader
2021-01-12 15:33:37,970 django.utils.autoreload 240 INFO     D:\PythonProject\Django_rapid_program\recruitment\interview\admin.py changed, reloading.
2021-01-12 15:33:38,879 django.utils.autoreload 617 INFO     Watching for file changes with StatReloader
2021-01-12 15:35:18,810 django.request 230 WARNING  Not Found: /
2021-01-12 15:35:22,008 django.request 230 WARNING  Not Found: /
2021-01-12 15:35:49,958 django_python3_ldap.ldap 181 INFO     LDAP connect succeeded
2021-01-12 15:35:49,958 django_python3_ldap.ldap 181 INFO     LDAP connect succeeded
2021-01-12 15:35:50,065 django_python3_ldap.ldap 76 INFO     LDAP user lookup succeeded
2021-01-12 15:35:50,065 django_python3_ldap.ldap 76 INFO     LDAP user lookup succeeded
2021-01-12 15:37:29,936 django_python3_ldap.ldap 184 WARNING  LDAP bind failed: LDAPInvalidCredentialsResult - 49 - invalidCredentials - None - None - bindResponse - None
2021-01-12 15:37:29,936 django_python3_ldap.ldap 184 WARNING  LDAP bind failed: LDAPInvalidCredentialsResult - 49 - invalidCredentials - None - None - bindResponse - None
2021-01-12 15:37:35,197 django_python3_ldap.ldap 181 INFO     LDAP connect succeeded
2021-01-12 15:37:35,197 django_python3_ldap.ldap 181 INFO     LDAP connect succeeded
2021-01-12 15:37:35,301 django_python3_ldap.ldap 76 INFO     LDAP user lookup succeeded
2021-01-12 15:37:35,301 django_python3_ldap.ldap 76 INFO     LDAP user lookup succeeded
2021-01-12 15:37:49,904 interview.admin 52 INFO     Kelly exported 5 candidate records
2021-01-12 15:37:59,130 django_python3_ldap.ldap 181 INFO     LDAP connect succeeded
2021-01-12 15:37:59,130 django_python3_ldap.ldap 181 INFO     LDAP connect succeeded
2021-01-12 15:37:59,234 django_python3_ldap.ldap 76 INFO     LDAP user lookup succeeded
2021-01-12 15:37:59,234 django_python3_ldap.ldap 76 INFO     LDAP user lookup succeeded
2021-01-12 15:38:43,731 django.utils.autoreload 240 INFO     D:\PythonProject\Django_rapid_program\recruitment\interview\admin.py changed, reloading.
2021-01-12 15:38:44,712 django.utils.autoreload 617 INFO     Watching for file changes with StatReloader
2021-01-12 15:39:33,529 django.utils.autoreload 240 INFO     D:\PythonProject\Django_rapid_program\recruitment\interview\admin.py changed, reloading.
2021-01-12 15:39:34,565 django.utils.autoreload 617 INFO     Watching for file changes with StatReloader
2021-01-12 15:49:44,417 django.utils.autoreload 240 INFO     D:\PythonProject\Django_rapid_program\recruitment\settings\base.py changed, reloading.
2021-01-12 15:49:45,259 django.utils.autoreload 617 INFO     Watching for file changes with StatReloader
2021-01-12 16:30:26,533 django.utils.autoreload 617 INFO     Watching for file changes with StatReloader
2021-01-12 16:30:30,124 django.security.SuspiciousSession 131 WARNING  Session data corrupted
2021-01-12 16:30:30,164 django.security.SuspiciousSession 131 WARNING  Session data corrupted
2021-01-12 16:30:33,558 django.security.SuspiciousSession 131 WARNING  Session data corrupted
2021-01-12 16:30:37,225 django.security.SuspiciousSession 131 WARNING  Session data corrupted
2021-01-12 16:30:37,568 django_python3_ldap.ldap 184 WARNING  LDAP bind failed: ('unable to open socket', [(LDAPSocketOpenError('socket connection error while opening: [WinError 10061] 由于目标计算机积极拒绝，无法连接。'), ('::1', 389, 0, 0)), (LDAPSocketOpenError('socket connection error while opening: [WinError 10061] 由于目标计算机积极拒绝，无法连接。'), ('127.0.0.1', 389))])
2021-01-12 16:30:37,568 django_python3_ldap.ldap 184 WARNING  LDAP bind failed: ('unable to open socket', [(LDAPSocketOpenError('socket connection error while opening: [WinError 10061] 由于目标计算机积极拒绝，无法连接。'), ('::1', 389, 0, 0)), (LDAPSocketOpenError('socket connection error while opening: [WinError 10061] 由于目标计算机积极拒绝，无法连接。'), ('127.0.0.1', 389))])
2021-01-12 16:30:41,232 django_python3_ldap.ldap 184 WARNING  LDAP bind failed: ('unable to open socket', [(LDAPSocketOpenError('socket connection error while opening: [WinError 10061] 由于目标计算机积极拒绝，无法连接。'), ('::1', 389, 0, 0)), (LDAPSocketOpenError('socket connection error while opening: [WinError 10061] 由于目标计算机积极拒绝，无法连接。'), ('127.0.0.1', 389))])
2021-01-12 16:30:41,232 django_python3_ldap.ldap 184 WARNING  LDAP bind failed: ('unable to open socket', [(LDAPSocketOpenError('socket connection error while opening: [WinError 10061] 由于目标计算机积极拒绝，无法连接。'), ('::1', 389, 0, 0)), (LDAPSocketOpenError('socket connection error while opening: [WinError 10061] 由于目标计算机积极拒绝，无法连接。'), ('127.0.0.1', 389))])
2021-01-12 16:31:25,247 django.utils.autoreload 617 INFO     Watching for file changes with StatReloader
2021-01-12 16:31:42,742 django.request 230 ERROR    Internal Server Error: /admin/interview/candidate/
Traceback (most recent call last):
  File "C:\Users\sqw12\.virtualenvs\Django_rapid_program-979I0A3D\lib\site-packages\django\core\handlers\exception.py", line 47, in inner
    response = get_response(request)
  File "C:\Users\sqw12\.virtualenvs\Django_rapid_program-979I0A3D\lib\site-packages\django\core\handlers\base.py", line 181, in _get_response
    response = wrapped_callback(request, *callback_args, **callback_kwargs)
  File "C:\Users\sqw12\.virtualenvs\Django_rapid_program-979I0A3D\lib\site-packages\django\contrib\admin\options.py", line 614, in wrapper
    return self.admin_site.admin_view(view)(*args, **kwargs)
  File "C:\Users\sqw12\.virtualenvs\Django_rapid_program-979I0A3D\lib\site-packages\django\utils\decorators.py", line 130, in _wrapped_view
    response = view_func(request, *args, **kwargs)
  File "C:\Users\sqw12\.virtualenvs\Django_rapid_program-979I0A3D\lib\site-packages\django\views\decorators\cache.py", line 44, in _wrapped_view_func
    response = view_func(request, *args, **kwargs)
  File "C:\Users\sqw12\.virtualenvs\Django_rapid_program-979I0A3D\lib\site-packages\django\contrib\admin\sites.py", line 233, in inner
    return view(request, *args, **kwargs)
  File "C:\Users\sqw12\.virtualenvs\Django_rapid_program-979I0A3D\lib\site-packages\django\utils\decorators.py", line 43, in _wrapper
    return bound_method(*args, **kwargs)
  File "C:\Users\sqw12\.virtualenvs\Django_rapid_program-979I0A3D\lib\site-packages\django\utils\decorators.py", line 130, in _wrapped_view
    response = view_func(request, *args, **kwargs)
  File "C:\Users\sqw12\.virtualenvs\Django_rapid_program-979I0A3D\lib\site-packages\django\contrib\admin\options.py", line 1719, in changelist_view
    response = self.response_action(request, queryset=cl.get_queryset(request))
  File "C:\Users\sqw12\.virtualenvs\Django_rapid_program-979I0A3D\lib\site-packages\django\contrib\admin\options.py", line 1402, in response_action
    response = func(self, request, queryset)
  File "D:\PythonProject\Django_rapid_program\recruitment\interview\admin.py", line 35, in notify_interviewer
    candidates += obj.name + ";"
AttributeError: 'Candidate' object has no attribute 'name'
2021-01-12 16:32:25,014 django.utils.autoreload 240 INFO     D:\PythonProject\Django_rapid_program\recruitment\interview\admin.py changed, reloading.
2021-01-12 16:32:26,089 django.utils.autoreload 617 INFO     Watching for file changes with StatReloader
2021-01-12 16:43:01,712 django_python3_ldap.ldap 181 INFO     LDAP connect succeeded
2021-01-12 16:43:01,712 django_python3_ldap.ldap 181 INFO     LDAP connect succeeded
2021-01-12 16:43:01,732 django_python3_ldap.ldap 76 INFO     LDAP user lookup succeeded
2021-01-12 16:43:01,732 django_python3_ldap.ldap 76 INFO     LDAP user lookup succeeded
2021-01-12 16:43:01,735 django_python3_ldap.ldap 76 INFO     LDAP user lookup succeeded
2021-01-12 16:43:01,735 django_python3_ldap.ldap 76 INFO     LDAP user lookup succeeded
2021-01-12 16:43:01,736 django_python3_ldap.ldap 76 INFO     LDAP user lookup succeeded
2021-01-12 16:43:01,736 django_python3_ldap.ldap 76 INFO     LDAP user lookup succeeded
2021-01-12 16:43:01,738 django_python3_ldap.ldap 76 INFO     LDAP user lookup succeeded
2021-01-12 16:43:01,738 django_python3_ldap.ldap 76 INFO     LDAP user lookup succeeded
2021-01-12 16:43:01,743 django_python3_ldap.ldap 76 INFO     LDAP user lookup succeeded
2021-01-12 16:43:01,743 django_python3_ldap.ldap 76 INFO     LDAP user lookup succeeded
2021-01-12 16:43:01,745 django_python3_ldap.ldap 76 INFO     LDAP user lookup succeeded
2021-01-12 16:43:01,745 django_python3_ldap.ldap 76 INFO     LDAP user lookup succeeded
2021-01-12 16:45:13,174 django.utils.autoreload 240 INFO     D:\PythonProject\Django_rapid_program\recruitment\settings\base.py changed, reloading.
2021-01-12 16:45:14,394 django.utils.autoreload 617 INFO     Watching for file changes with StatReloader
2021-01-12 16:45:55,028 django.utils.autoreload 240 INFO     D:\PythonProject\Django_rapid_program\recruitment\recruitment\urls.py changed, reloading.
2021-01-12 16:45:56,184 django.utils.autoreload 617 INFO     Watching for file changes with StatReloader
2021-01-12 16:46:23,713 django.utils.autoreload 240 INFO     D:\PythonProject\Django_rapid_program\recruitment\recruitment\urls.py changed, reloading.
2021-01-12 16:46:24,880 django.utils.autoreload 617 INFO     Watching for file changes with StatReloader
2021-01-12 16:47:44,381 django.request 230 WARNING  Not Found: /accounts/profile/
2021-01-12 16:47:54,710 django.request 230 WARNING  Not Found: /accounts/profile/
2021-01-12 16:48:22,914 django.request 230 WARNING  Not Found: /accounts/ register/
2021-01-12 16:48:56,432 django.utils.autoreload 240 INFO     D:\PythonProject\Django_rapid_program\recruitment\recruitment\urls.py changed, reloading.
2021-01-12 16:48:57,519 django.utils.autoreload 617 INFO     Watching for file changes with StatReloader
2021-01-12 16:49:04,049 django.request 230 WARNING  Not Found: /accounts/profile/
2021-01-12 16:49:25,149 django.request 230 WARNING  Not Found: /accounts/profile/
2021-01-12 16:50:32,735 django.utils.autoreload 240 INFO     D:\PythonProject\Django_rapid_program\recruitment\recruitment\urls.py changed, reloading.
2021-01-12 16:50:33,875 django.utils.autoreload 617 INFO     Watching for file changes with StatReloader
2021-01-12 16:50:34,118 django.request 230 WARNING  Not Found: /accounts/profile/
2021-01-12 16:50:48,323 django.request 230 WARNING  Not Found: /accounts/profile/
2021-01-12 16:53:11,239 django_python3_ldap.ldap 184 WARNING  LDAP bind failed: LDAPInvalidCredentialsResult - 49 - invalidCredentials - None - None - bindResponse - None
2021-01-12 16:53:11,239 django_python3_ldap.ldap 184 WARNING  LDAP bind failed: LDAPInvalidCredentialsResult - 49 - invalidCredentials - None - None - bindResponse - None
2021-01-12 16:53:12,427 django.request 230 WARNING  Not Found: /
2021-01-12 16:54:25,292 django.utils.autoreload 240 INFO     D:\PythonProject\Django_rapid_program\recruitment\settings\base.py changed, reloading.
2021-01-12 16:54:26,504 django.utils.autoreload 617 INFO     Watching for file changes with StatReloader
2021-01-12 16:55:36,474 django.utils.autoreload 240 INFO     D:\PythonProject\Django_rapid_program\recruitment\jobs\urls.py changed, reloading.
2021-01-12 16:55:37,600 django.utils.autoreload 617 INFO     Watching for file changes with StatReloader
2021-01-12 16:55:43,384 django.utils.autoreload 240 INFO     D:\PythonProject\Django_rapid_program\recruitment\jobs\urls.py changed, reloading.
2021-01-12 16:55:44,424 django.utils.autoreload 617 INFO     Watching for file changes with StatReloader
2021-01-12 16:56:17,434 django_python3_ldap.ldap 184 WARNING  LDAP bind failed: LDAPInvalidCredentialsResult - 49 - invalidCredentials - None - None - bindResponse - None
2021-01-12 16:56:17,434 django_python3_ldap.ldap 184 WARNING  LDAP bind failed: LDAPInvalidCredentialsResult - 49 - invalidCredentials - None - None - bindResponse - None
2021-01-12 16:56:26,378 django_python3_ldap.ldap 181 INFO     LDAP connect succeeded
2021-01-12 16:56:26,378 django_python3_ldap.ldap 181 INFO     LDAP connect succeeded
2021-01-12 16:56:26,387 django_python3_ldap.ldap 116 WARNING  LDAP user lookup failed
2021-01-12 16:56:26,387 django_python3_ldap.ldap 116 WARNING  LDAP user lookup failed
2021-01-12 16:58:21,191 django_python3_ldap.ldap 184 WARNING  LDAP bind failed: LDAPInvalidCredentialsResult - 49 - invalidCredentials - None - None - bindResponse - None
2021-01-12 16:58:21,191 django_python3_ldap.ldap 184 WARNING  LDAP bind failed: LDAPInvalidCredentialsResult - 49 - invalidCredentials - None - None - bindResponse - None
2021-01-12 17:06:52,630 django_python3_ldap.ldap 184 WARNING  LDAP bind failed: LDAPInvalidCredentialsResult - 49 - invalidCredentials - None - None - bindResponse - None
2021-01-12 17:06:52,630 django_python3_ldap.ldap 184 WARNING  LDAP bind failed: LDAPInvalidCredentialsResult - 49 - invalidCredentials - None - None - bindResponse - None
2021-01-12 17:07:28,476 django_python3_ldap.ldap 184 WARNING  LDAP bind failed: LDAPInvalidCredentialsResult - 49 - invalidCredentials - None - None - bindResponse - None
2021-01-12 17:07:28,476 django_python3_ldap.ldap 184 WARNING  LDAP bind failed: LDAPInvalidCredentialsResult - 49 - invalidCredentials - None - None - bindResponse - None
2021-01-12 17:09:02,105 django.utils.autoreload 240 INFO     D:\PythonProject\Django_rapid_program\recruitment\jobs\views.py changed, reloading.
2021-01-12 17:09:03,516 django.utils.autoreload 617 INFO     Watching for file changes with StatReloader
2021-01-12 17:09:11,685 django.utils.autoreload 240 INFO     D:\PythonProject\Django_rapid_program\recruitment\jobs\views.py changed, reloading.
2021-01-12 17:09:13,076 django.utils.autoreload 617 INFO     Watching for file changes with StatReloader
2021-01-12 17:09:24,342 django.utils.autoreload 240 INFO     D:\PythonProject\Django_rapid_program\recruitment\jobs\views.py changed, reloading.
2021-01-12 17:09:25,572 django.utils.autoreload 617 INFO     Watching for file changes with StatReloader
2021-01-12 17:10:44,317 django_python3_ldap.ldap 184 WARNING  LDAP bind failed: LDAPInvalidCredentialsResult - 49 - invalidCredentials - None - None - bindResponse - None
2021-01-12 17:10:44,317 django_python3_ldap.ldap 184 WARNING  LDAP bind failed: LDAPInvalidCredentialsResult - 49 - invalidCredentials - None - None - bindResponse - None
2021-01-12 17:11:24,532 django.utils.autoreload 240 INFO     D:\PythonProject\Django_rapid_program\recruitment\jobs\models.py changed, reloading.
2021-01-12 17:11:25,842 django.utils.autoreload 617 INFO     Watching for file changes with StatReloader
2021-01-12 17:16:51,845 django.utils.autoreload 240 INFO     D:\PythonProject\Django_rapid_program\recruitment\jobs\models.py changed, reloading.
2021-01-12 17:16:52,967 django.utils.autoreload 617 INFO     Watching for file changes with StatReloader
2021-01-12 17:20:52,434 django.utils.autoreload 240 INFO     D:\PythonProject\Django_rapid_program\recruitment\jobs\models.py changed, reloading.
2021-01-12 17:20:53,588 django.utils.autoreload 617 INFO     Watching for file changes with StatReloader
2021-01-12 17:23:26,978 django.utils.autoreload 240 INFO     D:\PythonProject\Django_rapid_program\recruitment\jobs\admin.py changed, reloading.
2021-01-12 17:23:28,249 django.utils.autoreload 617 INFO     Watching for file changes with StatReloader
2021-01-12 17:25:21,416 django.utils.autoreload 240 INFO     D:\PythonProject\Django_rapid_program\recruitment\jobs\admin.py changed, reloading.
2021-01-12 17:25:22,869 django.utils.autoreload 617 INFO     Watching for file changes with StatReloader
2021-01-12 17:26:53,668 django.utils.autoreload 240 INFO     D:\PythonProject\Django_rapid_program\recruitment\jobs\admin.py changed, reloading.
2021-01-12 17:26:54,918 django.utils.autoreload 617 INFO     Watching for file changes with StatReloader
2021-01-12 17:28:01,416 django.utils.autoreload 240 INFO     D:\PythonProject\Django_rapid_program\recruitment\jobs\admin.py changed, reloading.
2021-01-12 17:28:02,679 django.utils.autoreload 617 INFO     Watching for file changes with StatReloader
2021-01-12 17:29:18,946 django.utils.autoreload 240 INFO     D:\PythonProject\Django_rapid_program\recruitment\jobs\admin.py changed, reloading.
2021-01-12 17:29:20,205 django.utils.autoreload 617 INFO     Watching for file changes with StatReloader
2021-01-12 17:29:53,156 django.utils.autoreload 240 INFO     D:\PythonProject\Django_rapid_program\recruitment\jobs\admin.py changed, reloading.
2021-01-12 17:29:54,222 django.utils.autoreload 617 INFO     Watching for file changes with StatReloader
2021-01-12 17:30:15,281 django.utils.autoreload 240 INFO     D:\PythonProject\Django_rapid_program\recruitment\jobs\admin.py changed, reloading.
2021-01-12 17:30:16,441 django.utils.autoreload 617 INFO     Watching for file changes with StatReloader
2021-01-12 17:31:12,147 django.utils.autoreload 240 INFO     D:\PythonProject\Django_rapid_program\recruitment\jobs\admin.py changed, reloading.
2021-01-12 17:31:13,605 django.utils.autoreload 617 INFO     Watching for file changes with StatReloader
2021-01-12 17:31:42,075 django.utils.autoreload 240 INFO     D:\PythonProject\Django_rapid_program\recruitment\jobs\admin.py changed, reloading.
2021-01-12 17:31:43,212 django.utils.autoreload 617 INFO     Watching for file changes with StatReloader
2021-01-12 17:32:16,447 django.utils.autoreload 240 INFO     D:\PythonProject\Django_rapid_program\recruitment\jobs\admin.py changed, reloading.
2021-01-12 17:32:17,662 django.utils.autoreload 617 INFO     Watching for file changes with StatReloader
2021-01-12 17:33:27,221 django.utils.autoreload 240 INFO     D:\PythonProject\Django_rapid_program\recruitment\jobs\admin.py changed, reloading.
2021-01-12 17:33:28,299 django.utils.autoreload 617 INFO     Watching for file changes with StatReloader
2021-01-12 17:33:45,838 django.utils.autoreload 240 INFO     D:\PythonProject\Django_rapid_program\recruitment\jobs\admin.py changed, reloading.
2021-01-12 17:33:46,914 django.utils.autoreload 617 INFO     Watching for file changes with StatReloader
2021-01-12 17:34:10,950 django.utils.autoreload 240 INFO     D:\PythonProject\Django_rapid_program\recruitment\jobs\admin.py changed, reloading.
2021-01-12 17:34:12,040 django.utils.autoreload 617 INFO     Watching for file changes with StatReloader
2021-01-12 17:34:48,196 django.utils.autoreload 240 INFO     D:\PythonProject\Django_rapid_program\recruitment\jobs\admin.py changed, reloading.
2021-01-12 17:34:49,233 django.utils.autoreload 617 INFO     Watching for file changes with StatReloader
2021-01-12 17:35:11,075 django.utils.autoreload 240 INFO     D:\PythonProject\Django_rapid_program\recruitment\jobs\admin.py changed, reloading.
2021-01-12 17:35:12,145 django.utils.autoreload 617 INFO     Watching for file changes with StatReloader
2021-01-12 17:36:22,511 django.utils.autoreload 240 INFO     D:\PythonProject\Django_rapid_program\recruitment\jobs\admin.py changed, reloading.
2021-01-12 17:36:23,651 django.utils.autoreload 617 INFO     Watching for file changes with StatReloader
2021-01-12 17:37:00,613 django.utils.autoreload 240 INFO     D:\PythonProject\Django_rapid_program\recruitment\jobs\admin.py changed, reloading.
2021-01-12 17:37:01,790 django.utils.autoreload 617 INFO     Watching for file changes with StatReloader
2021-01-12 17:37:53,504 django_python3_ldap.ldap 181 INFO     LDAP connect succeeded
2021-01-12 17:37:53,504 django_python3_ldap.ldap 181 INFO     LDAP connect succeeded
2021-01-12 17:37:53,513 django_python3_ldap.ldap 116 WARNING  LDAP user lookup failed
2021-01-12 17:37:53,513 django_python3_ldap.ldap 116 WARNING  LDAP user lookup failed
2021-01-12 17:38:08,012 django_python3_ldap.ldap 181 INFO     LDAP connect succeeded
2021-01-12 17:38:08,012 django_python3_ldap.ldap 181 INFO     LDAP connect succeeded
2021-01-12 17:38:08,118 django_python3_ldap.ldap 76 INFO     LDAP user lookup succeeded
2021-01-12 17:38:08,118 django_python3_ldap.ldap 76 INFO     LDAP user lookup succeeded
2021-01-12 17:38:24,304 django_python3_ldap.ldap 184 WARNING  LDAP bind failed: LDAPInvalidCredentialsResult - 49 - invalidCredentials - None - None - bindResponse - None
2021-01-12 17:38:24,304 django_python3_ldap.ldap 184 WARNING  LDAP bind failed: LDAPInvalidCredentialsResult - 49 - invalidCredentials - None - None - bindResponse - None
2021-01-12 17:38:37,242 django_python3_ldap.ldap 181 INFO     LDAP connect succeeded
2021-01-12 17:38:37,242 django_python3_ldap.ldap 181 INFO     LDAP connect succeeded
2021-01-12 17:38:37,353 django_python3_ldap.ldap 76 INFO     LDAP user lookup succeeded
2021-01-12 17:38:37,353 django_python3_ldap.ldap 76 INFO     LDAP user lookup succeeded
2021-01-12 17:39:03,945 django_python3_ldap.ldap 181 INFO     LDAP connect succeeded
2021-01-12 17:39:03,945 django_python3_ldap.ldap 181 INFO     LDAP connect succeeded
2021-01-12 17:39:03,952 django_python3_ldap.ldap 116 WARNING  LDAP user lookup failed
2021-01-12 17:39:03,952 django_python3_ldap.ldap 116 WARNING  LDAP user lookup failed
2021-01-12 17:39:27,456 django_python3_ldap.ldap 181 INFO     LDAP connect succeeded
2021-01-12 17:39:27,456 django_python3_ldap.ldap 181 INFO     LDAP connect succeeded
2021-01-12 17:39:27,554 django_python3_ldap.ldap 76 INFO     LDAP user lookup succeeded
2021-01-12 17:39:27,554 django_python3_ldap.ldap 76 INFO     LDAP user lookup succeeded
2021-01-12 17:40:50,352 django_python3_ldap.ldap 181 INFO     LDAP connect succeeded
2021-01-12 17:40:50,352 django_python3_ldap.ldap 181 INFO     LDAP connect succeeded
2021-01-12 17:40:50,360 django_python3_ldap.ldap 116 WARNING  LDAP user lookup failed
2021-01-12 17:40:50,360 django_python3_ldap.ldap 116 WARNING  LDAP user lookup failed
2021-01-12 17:40:54,043 django.request 230 ERROR    Internal Server Error: /admin/jobs/resume/add/
Traceback (most recent call last):
  File "C:\Users\sqw12\.virtualenvs\Django_rapid_program-979I0A3D\lib\site-packages\django\contrib\admin\options.py", line 709, in get_form
    return modelform_factory(self.model, **defaults)
  File "C:\Users\sqw12\.virtualenvs\Django_rapid_program-979I0A3D\lib\site-packages\django\forms\models.py", line 555, in modelform_factory
    return type(form)(class_name, (form,), form_class_attrs)
  File "C:\Users\sqw12\.virtualenvs\Django_rapid_program-979I0A3D\lib\site-packages\django\forms\models.py", line 268, in __new__
    raise FieldError(message)
django.core.exceptions.FieldError: Unknown field(s) (application) specified for Resume

During handling of the above exception, another exception occurred:

Traceback (most recent call last):
  File "C:\Users\sqw12\.virtualenvs\Django_rapid_program-979I0A3D\lib\site-packages\django\core\handlers\exception.py", line 47, in inner
    response = get_response(request)
  File "C:\Users\sqw12\.virtualenvs\Django_rapid_program-979I0A3D\lib\site-packages\django\core\handlers\base.py", line 181, in _get_response
    response = wrapped_callback(request, *callback_args, **callback_kwargs)
  File "C:\Users\sqw12\.virtualenvs\Django_rapid_program-979I0A3D\lib\site-packages\django\contrib\admin\options.py", line 614, in wrapper
    return self.admin_site.admin_view(view)(*args, **kwargs)
  File "C:\Users\sqw12\.virtualenvs\Django_rapid_program-979I0A3D\lib\site-packages\django\utils\decorators.py", line 130, in _wrapped_view
    response = view_func(request, *args, **kwargs)
  File "C:\Users\sqw12\.virtualenvs\Django_rapid_program-979I0A3D\lib\site-packages\django\views\decorators\cache.py", line 44, in _wrapped_view_func
    response = view_func(request, *args, **kwargs)
  File "C:\Users\sqw12\.virtualenvs\Django_rapid_program-979I0A3D\lib\site-packages\django\contrib\admin\sites.py", line 233, in inner
    return view(request, *args, **kwargs)
  File "C:\Users\sqw12\.virtualenvs\Django_rapid_program-979I0A3D\lib\site-packages\django\contrib\admin\options.py", line 1653, in add_view
    return self.changeform_view(request, None, form_url, extra_context)
  File "C:\Users\sqw12\.virtualenvs\Django_rapid_program-979I0A3D\lib\site-packages\django\utils\decorators.py", line 43, in _wrapper
    return bound_method(*args, **kwargs)
  File "C:\Users\sqw12\.virtualenvs\Django_rapid_program-979I0A3D\lib\site-packages\django\utils\decorators.py", line 130, in _wrapped_view
    response = view_func(request, *args, **kwargs)
  File "C:\Users\sqw12\.virtualenvs\Django_rapid_program-979I0A3D\lib\site-packages\django\contrib\admin\options.py", line 1534, in changeform_view
    return self._changeform_view(request, object_id, form_url, extra_context)
  File "C:\Users\sqw12\.virtualenvs\Django_rapid_program-979I0A3D\lib\site-packages\django\contrib\admin\options.py", line 1569, in _changeform_view
    request, obj, change=not add, fields=flatten_fieldsets(fieldsets)
  File "C:\Users\sqw12\.virtualenvs\Django_rapid_program-979I0A3D\lib\site-packages\django\contrib\admin\options.py", line 713, in get_form
    % (e, self.__class__.__name__)
django.core.exceptions.FieldError: Unknown field(s) (application) specified for Resume. Check fields/fieldsets/exclude attributes of class ResumeAdmin.
2021-01-12 17:41:58,760 django.utils.autoreload 240 INFO     D:\PythonProject\Django_rapid_program\recruitment\jobs\admin.py changed, reloading.
2021-01-12 17:41:59,844 django.utils.autoreload 617 INFO     Watching for file changes with StatReloader
2021-01-12 17:42:30,651 django.utils.autoreload 240 INFO     D:\PythonProject\Django_rapid_program\recruitment\jobs\admin.py changed, reloading.
2021-01-12 17:42:31,647 django.utils.autoreload 617 INFO     Watching for file changes with StatReloader
2021-01-12 17:47:30,613 django.utils.autoreload 240 INFO     D:\PythonProject\Django_rapid_program\recruitment\settings\base.py changed, reloading.
2021-01-12 17:47:31,689 django.utils.autoreload 617 INFO     Watching for file changes with StatReloader
2021-01-12 17:47:38,855 django.request 230 WARNING  Not Found: /favicon.ico
2021-01-12 17:49:00,087 django.utils.autoreload 240 INFO     D:\PythonProject\Django_rapid_program\recruitment\settings\base.py changed, reloading.
2021-01-12 17:49:01,329 django.utils.autoreload 617 INFO     Watching for file changes with StatReloader
2021-01-12 17:50:53,950 django.request 230 WARNING  Not Found: /accounts
2021-01-12 17:51:03,358 django.request 230 WARNING  Not Found: /accounts
2021-01-12 17:51:08,148 django.request 230 WARNING  Not Found: /accounts
2021-01-12 17:51:14,455 django.utils.autoreload 240 INFO     D:\PythonProject\Django_rapid_program\recruitment\settings\base.py changed, reloading.
2021-01-12 17:51:15,487 django.utils.autoreload 617 INFO     Watching for file changes with StatReloader
2021-01-12 17:51:17,980 django.request 230 WARNING  Not Found: /accounts
2021-01-12 17:52:25,595 django.request 230 WARNING  Not Found: /accounts/
2021-01-13 13:18:10,883 django.utils.autoreload 617 INFO     Watching for file changes with StatReloader
2021-01-13 13:18:16,550 django.utils.autoreload 240 INFO     D:\PythonProject\Django_rapid_program\recruitment\jobs\urls.py changed, reloading.
2021-01-13 13:18:17,595 django.utils.autoreload 617 INFO     Watching for file changes with StatReloader
2021-01-13 13:18:26,171 django.request 230 WARNING  Not Found: /favicon.ico
2021-01-13 13:18:37,952 django_python3_ldap.ldap 184 WARNING  LDAP bind failed: LDAPInvalidCredentialsResult - 49 - invalidCredentials - None - None - bindResponse - None
2021-01-13 13:18:37,952 django_python3_ldap.ldap 184 WARNING  LDAP bind failed: LDAPInvalidCredentialsResult - 49 - invalidCredentials - None - None - bindResponse - None
2021-01-13 13:24:55,873 django.utils.autoreload 240 INFO     D:\PythonProject\Django_rapid_program\recruitment\jobs\views.py changed, reloading.
2021-01-13 13:24:56,887 django.utils.autoreload 617 INFO     Watching for file changes with StatReloader
2021-01-13 13:27:16,063 django.request 230 ERROR    Internal Server Error: /resume/add/
Traceback (most recent call last):
  File "C:\Users\sqw12\.virtualenvs\Django_rapid_program-979I0A3D\lib\site-packages\django\core\handlers\exception.py", line 47, in inner
    response = get_response(request)
  File "C:\Users\sqw12\.virtualenvs\Django_rapid_program-979I0A3D\lib\site-packages\django\core\handlers\base.py", line 181, in _get_response
    response = wrapped_callback(request, *callback_args, **callback_kwargs)
  File "C:\Users\sqw12\.virtualenvs\Django_rapid_program-979I0A3D\lib\site-packages\django\views\generic\base.py", line 70, in view
    return self.dispatch(request, *args, **kwargs)
  File "C:\Users\sqw12\.virtualenvs\Django_rapid_program-979I0A3D\lib\site-packages\django\contrib\auth\mixins.py", line 52, in dispatch
    return super().dispatch(request, *args, **kwargs)
  File "C:\Users\sqw12\.virtualenvs\Django_rapid_program-979I0A3D\lib\site-packages\django\views\generic\base.py", line 98, in dispatch
    return handler(request, *args, **kwargs)
  File "C:\Users\sqw12\.virtualenvs\Django_rapid_program-979I0A3D\lib\site-packages\django\views\generic\edit.py", line 168, in get
    return super().get(request, *args, **kwargs)
  File "C:\Users\sqw12\.virtualenvs\Django_rapid_program-979I0A3D\lib\site-packages\django\views\generic\edit.py", line 133, in get
    return self.render_to_response(self.get_context_data())
  File "C:\Users\sqw12\.virtualenvs\Django_rapid_program-979I0A3D\lib\site-packages\django\views\generic\edit.py", line 66, in get_context_data
    kwargs['form'] = self.get_form()
  File "C:\Users\sqw12\.virtualenvs\Django_rapid_program-979I0A3D\lib\site-packages\django\views\generic\edit.py", line 33, in get_form
    return form_class(**self.get_form_kwargs())
  File "C:\Users\sqw12\.virtualenvs\Django_rapid_program-979I0A3D\lib\site-packages\django\views\generic\edit.py", line 105, in get_form_kwargs
    kwargs = super().get_form_kwargs()
  File "C:\Users\sqw12\.virtualenvs\Django_rapid_program-979I0A3D\lib\site-packages\django\views\generic\edit.py", line 38, in get_form_kwargs
    'initial': self.get_initial(),
  File "D:\PythonProject\Django_rapid_program\recruitment\jobs\views.py", line 53, in get_initial
    for x in self.request.user:
  File "C:\Users\sqw12\.virtualenvs\Django_rapid_program-979I0A3D\lib\site-packages\django\utils\functional.py", line 241, in inner
    return func(self._wrapped, *args)
TypeError: 'User' object is not iterable
2021-01-13 13:28:39,077 django.utils.autoreload 240 INFO     D:\PythonProject\Django_rapid_program\recruitment\jobs\views.py changed, reloading.
2021-01-13 13:28:40,265 django.utils.autoreload 617 INFO     Watching for file changes with StatReloader
2021-01-13 13:35:59,578 django.utils.autoreload 240 INFO     D:\PythonProject\Django_rapid_program\recruitment\settings\base.py changed, reloading.
2021-01-13 13:36:00,897 django.utils.autoreload 617 INFO     Watching for file changes with StatReloader
2021-01-13 13:38:31,899 django.utils.autoreload 240 INFO     D:\PythonProject\Django_rapid_program\recruitment\settings\base.py changed, reloading.
2021-01-13 13:38:33,445 django.utils.autoreload 617 INFO     Watching for file changes with StatReloader
2021-01-13 13:39:47,714 django.utils.autoreload 240 INFO     D:\PythonProject\Django_rapid_program\recruitment\settings\base.py changed, reloading.
2021-01-13 13:39:48,751 django.utils.autoreload 617 INFO     Watching for file changes with StatReloader
2021-01-13 13:45:48,621 django.request 230 ERROR    Internal Server Error: /resume/add/
Traceback (most recent call last):
  File "C:\Users\sqw12\.virtualenvs\Django_rapid_program-979I0A3D\lib\site-packages\django\template\base.py", line 470, in parse
    compile_func = self.tags[command]
KeyError: 'bootstrap_message'

During handling of the above exception, another exception occurred:

Traceback (most recent call last):
  File "C:\Users\sqw12\.virtualenvs\Django_rapid_program-979I0A3D\lib\site-packages\django\core\handlers\exception.py", line 47, in inner
    response = get_response(request)
  File "C:\Users\sqw12\.virtualenvs\Django_rapid_program-979I0A3D\lib\site-packages\django\core\handlers\base.py", line 204, in _get_response
    response = response.render()
  File "C:\Users\sqw12\.virtualenvs\Django_rapid_program-979I0A3D\lib\site-packages\django\template\response.py", line 105, in render
    self.content = self.rendered_content
  File "C:\Users\sqw12\.virtualenvs\Django_rapid_program-979I0A3D\lib\site-packages\django\template\response.py", line 81, in rendered_content
    template = self.resolve_template(self.template_name)
  File "C:\Users\sqw12\.virtualenvs\Django_rapid_program-979I0A3D\lib\site-packages\django\template\response.py", line 63, in resolve_template
    return select_template(template, using=self.using)
  File "C:\Users\sqw12\.virtualenvs\Django_rapid_program-979I0A3D\lib\site-packages\django\template\loader.py", line 42, in select_template
    return engine.get_template(template_name)
  File "C:\Users\sqw12\.virtualenvs\Django_rapid_program-979I0A3D\lib\site-packages\django\template\backends\django.py", line 34, in get_template
    return Template(self.engine.get_template(template_name), self)
  File "C:\Users\sqw12\.virtualenvs\Django_rapid_program-979I0A3D\lib\site-packages\django\template\engine.py", line 143, in get_template
    template, origin = self.find_template(template_name)
  File "C:\Users\sqw12\.virtualenvs\Django_rapid_program-979I0A3D\lib\site-packages\django\template\engine.py", line 125, in find_template
    template = loader.get_template(name, skip=skip)
  File "C:\Users\sqw12\.virtualenvs\Django_rapid_program-979I0A3D\lib\site-packages\django\template\loaders\base.py", line 30, in get_template
    contents, origin, origin.template_name, self.engine,
  File "C:\Users\sqw12\.virtualenvs\Django_rapid_program-979I0A3D\lib\site-packages\django\template\base.py", line 155, in __init__
    self.nodelist = self.compile_nodelist()
  File "C:\Users\sqw12\.virtualenvs\Django_rapid_program-979I0A3D\lib\site-packages\django\template\base.py", line 193, in compile_nodelist
    return parser.parse()
  File "C:\Users\sqw12\.virtualenvs\Django_rapid_program-979I0A3D\lib\site-packages\django\template\base.py", line 472, in parse
    self.invalid_block_tag(token, command, parse_until)
  File "C:\Users\sqw12\.virtualenvs\Django_rapid_program-979I0A3D\lib\site-packages\django\template\base.py", line 534, in invalid_block_tag
    "or load this tag?" % (token.lineno, command)
django.template.exceptions.TemplateSyntaxError: Invalid block tag on line 9: 'bootstrap_message'. Did you forget to register or load this tag?
2021-01-13 13:50:08,927 django.utils.autoreload 240 INFO     D:\PythonProject\Django_rapid_program\recruitment\settings\base.py changed, reloading.
2021-01-13 13:50:10,021 django.utils.autoreload 617 INFO     Watching for file changes with StatReloader
2021-01-13 13:50:12,519 django.utils.autoreload 240 INFO     D:\PythonProject\Django_rapid_program\recruitment\settings\base.py changed, reloading.
2021-01-13 13:50:13,658 django.utils.autoreload 617 INFO     Watching for file changes with StatReloader
2021-01-13 14:06:38,057 django.utils.autoreload 240 INFO     D:\PythonProject\Django_rapid_program\recruitment\jobs\admin.py changed, reloading.
2021-01-13 14:06:39,176 django.utils.autoreload 617 INFO     Watching for file changes with StatReloader
2021-01-13 14:10:25,560 django.utils.autoreload 240 INFO     D:\PythonProject\Django_rapid_program\recruitment\jobs\admin.py changed, reloading.
2021-01-13 14:10:26,682 django.utils.autoreload 617 INFO     Watching for file changes with StatReloader
2021-01-13 14:10:46,523 django.utils.autoreload 240 INFO     D:\PythonProject\Django_rapid_program\recruitment\jobs\admin.py changed, reloading.
2021-01-13 14:10:47,592 django.utils.autoreload 617 INFO     Watching for file changes with StatReloader
2021-01-13 14:10:58,754 django.utils.autoreload 240 INFO     D:\PythonProject\Django_rapid_program\recruitment\jobs\admin.py changed, reloading.
2021-01-13 14:10:59,735 django.utils.autoreload 617 INFO     Watching for file changes with StatReloader
2021-01-13 14:11:20,826 django.utils.autoreload 240 INFO     D:\PythonProject\Django_rapid_program\recruitment\jobs\admin.py changed, reloading.
2021-01-13 14:11:22,266 django.utils.autoreload 617 INFO     Watching for file changes with StatReloader
2021-01-13 14:12:02,980 django.utils.autoreload 240 INFO     D:\PythonProject\Django_rapid_program\recruitment\jobs\admin.py changed, reloading.
2021-01-13 14:12:04,136 django.utils.autoreload 617 INFO     Watching for file changes with StatReloader
2021-01-13 14:13:36,885 django.utils.autoreload 240 INFO     D:\PythonProject\Django_rapid_program\recruitment\jobs\admin.py changed, reloading.
2021-01-13 14:13:37,996 django.utils.autoreload 617 INFO     Watching for file changes with StatReloader
2021-01-13 14:13:51,418 django.utils.autoreload 240 INFO     D:\PythonProject\Django_rapid_program\recruitment\jobs\admin.py changed, reloading.
2021-01-13 14:13:52,571 django.utils.autoreload 617 INFO     Watching for file changes with StatReloader
2021-01-13 14:16:14,615 django.utils.autoreload 240 INFO     D:\PythonProject\Django_rapid_program\recruitment\interview\admin.py changed, reloading.
2021-01-13 14:16:15,753 django.utils.autoreload 617 INFO     Watching for file changes with StatReloader
2021-01-13 14:16:45,576 django.utils.autoreload 240 INFO     D:\PythonProject\Django_rapid_program\recruitment\interview\admin.py changed, reloading.
2021-01-13 14:16:46,528 django.utils.autoreload 617 INFO     Watching for file changes with StatReloader
2021-01-13 14:45:11,048 django.utils.autoreload 240 INFO     D:\PythonProject\Django_rapid_program\recruitment\jobs\views.py changed, reloading.
2021-01-13 14:45:12,569 django.utils.autoreload 617 INFO     Watching for file changes with StatReloader
2021-01-13 14:46:06,312 django.utils.autoreload 240 INFO     D:\PythonProject\Django_rapid_program\recruitment\jobs\views.py changed, reloading.
2021-01-13 14:46:07,421 django.utils.autoreload 617 INFO     Watching for file changes with StatReloader
2021-01-13 14:46:53,297 django.utils.autoreload 240 INFO     D:\PythonProject\Django_rapid_program\recruitment\jobs\views.py changed, reloading.
2021-01-13 14:46:54,520 django.utils.autoreload 617 INFO     Watching for file changes with StatReloader
2021-01-13 15:15:08,310 django.utils.autoreload 240 INFO     D:\PythonProject\Django_rapid_program\recruitment\jobs\urls.py changed, reloading.
2021-01-13 15:15:09,498 django.utils.autoreload 617 INFO     Watching for file changes with StatReloader
2021-01-13 15:15:28,265 django.utils.autoreload 240 INFO     D:\PythonProject\Django_rapid_program\recruitment\jobs\urls.py changed, reloading.
2021-01-13 15:15:29,399 django.utils.autoreload 617 INFO     Watching for file changes with StatReloader
2021-01-13 15:17:48,895 django.utils.autoreload 240 INFO     D:\PythonProject\Django_rapid_program\recruitment\interview\admin.py changed, reloading.
2021-01-13 15:17:49,770 django.utils.autoreload 617 INFO     Watching for file changes with StatReloader
2021-01-13 15:19:08,666 django.utils.autoreload 240 INFO     D:\PythonProject\Django_rapid_program\recruitment\interview\admin.py changed, reloading.
2021-01-13 15:19:09,575 django.utils.autoreload 617 INFO     Watching for file changes with StatReloader
2021-01-13 15:24:22,924 django.utils.autoreload 240 INFO     D:\PythonProject\Django_rapid_program\recruitment\interview\admin.py changed, reloading.
2021-01-13 15:24:24,141 django.utils.autoreload 617 INFO     Watching for file changes with StatReloader
2021-01-13 15:24:53,936 django.utils.autoreload 240 INFO     D:\PythonProject\Django_rapid_program\recruitment\interview\admin.py changed, reloading.
2021-01-13 15:24:55,017 django.utils.autoreload 617 INFO     Watching for file changes with StatReloader
2021-01-13 15:25:47,537 django.utils.autoreload 240 INFO     D:\PythonProject\Django_rapid_program\recruitment\interview\admin.py changed, reloading.
2021-01-13 15:25:48,619 django.utils.autoreload 617 INFO     Watching for file changes with StatReloader
2021-01-13 15:28:07,264 django.utils.autoreload 240 INFO     D:\PythonProject\Django_rapid_program\recruitment\interview\admin.py changed, reloading.
2021-01-13 15:28:08,260 django.utils.autoreload 617 INFO     Watching for file changes with StatReloader
2021-01-13 15:28:25,162 django.utils.autoreload 240 INFO     D:\PythonProject\Django_rapid_program\recruitment\interview\admin.py changed, reloading.
2021-01-13 15:28:26,171 django.utils.autoreload 617 INFO     Watching for file changes with StatReloader
2021-01-13 16:13:13,598 django.utils.autoreload 617 INFO     Watching for file changes with StatReloader
2021-01-13 16:14:40,651 django.utils.autoreload 240 INFO     D:\PythonProject\Django_rapid_program\recruitment\settings\base.py changed, reloading.
2021-01-13 16:14:41,712 django.utils.autoreload 617 INFO     Watching for file changes with StatReloader
2021-01-13 16:15:57,205 django.utils.autoreload 240 INFO     D:\PythonProject\Django_rapid_program\recruitment\settings\base.py changed, reloading.
2021-01-13 16:15:58,271 django.utils.autoreload 617 INFO     Watching for file changes with StatReloader
2021-01-13 16:16:31,324 django.utils.autoreload 240 INFO     D:\PythonProject\Django_rapid_program\recruitment\interview\performance.py changed, reloading.
2021-01-13 16:16:32,615 django.utils.autoreload 617 INFO     Watching for file changes with StatReloader
2021-01-13 16:22:35,962 django.utils.autoreload 240 INFO     D:\PythonProject\Django_rapid_program\recruitment\settings\base.py changed, reloading.
2021-01-13 16:22:36,966 django.utils.autoreload 617 INFO     Watching for file changes with StatReloader
2021-01-13 16:24:38,674 django.utils.autoreload 617 INFO     Watching for file changes with StatReloader
2021-01-13 16:25:04,351 django.utils.autoreload 240 INFO     D:\PythonProject\Django_rapid_program\recruitment\settings\base.py changed, reloading.
2021-01-13 16:25:05,486 django.utils.autoreload 617 INFO     Watching for file changes with StatReloader
2021-01-13 16:27:39,393 django.utils.autoreload 240 INFO     D:\PythonProject\Django_rapid_program\recruitment\interview\performance.py changed, reloading.
2021-01-13 16:27:40,567 django.utils.autoreload 617 INFO     Watching for file changes with StatReloader
2021-01-13 16:31:34,093 django.utils.autoreload 240 INFO     D:\PythonProject\Django_rapid_program\recruitment\jobs\models.py changed, reloading.
2021-01-13 16:31:35,554 django.utils.autoreload 617 INFO     Watching for file changes with StatReloader
2021-01-13 16:31:56,665 django.utils.autoreload 240 INFO     D:\PythonProject\Django_rapid_program\recruitment\jobs\models.py changed, reloading.
2021-01-13 16:31:57,753 django.utils.autoreload 617 INFO     Watching for file changes with StatReloader
2021-01-13 16:37:57,850 django.utils.autoreload 240 INFO     D:\PythonProject\Django_rapid_program\recruitment\jobs\models.py changed, reloading.
2021-01-13 16:37:59,255 django.utils.autoreload 617 INFO     Watching for file changes with StatReloader
2021-01-13 16:38:24,878 django.utils.autoreload 240 INFO     D:\PythonProject\Django_rapid_program\recruitment\jobs\models.py changed, reloading.
2021-01-13 16:38:25,966 django.utils.autoreload 617 INFO     Watching for file changes with StatReloader
2021-01-13 16:39:12,999 django.utils.autoreload 240 INFO     D:\PythonProject\Django_rapid_program\recruitment\jobs\models.py changed, reloading.
2021-01-13 16:39:14,323 django.utils.autoreload 617 INFO     Watching for file changes with StatReloader
2021-01-13 16:47:41,432 django.utils.autoreload 240 INFO     D:\PythonProject\Django_rapid_program\recruitment\jobs\models.py changed, reloading.
2021-01-13 16:47:42,735 django.utils.autoreload 617 INFO     Watching for file changes with StatReloader
2021-01-13 17:06:03,860 django.utils.autoreload 617 INFO     Watching for file changes with StatReloader
2021-01-13 17:08:17,453 django.utils.autoreload 240 INFO     D:\PythonProject\Django_rapid_program\recruitment\jobs\models.py changed, reloading.
2021-01-13 17:08:18,840 django.utils.autoreload 617 INFO     Watching for file changes with StatReloader
2021-01-13 17:08:22,401 django.utils.autoreload 240 INFO     D:\PythonProject\Django_rapid_program\recruitment\jobs\models.py changed, reloading.
2021-01-13 17:08:23,578 django.utils.autoreload 617 INFO     Watching for file changes with StatReloader
2021-01-13 17:09:30,221 django.utils.autoreload 240 INFO     D:\PythonProject\Django_rapid_program\recruitment\recruitment\urls.py changed, reloading.
2021-01-13 17:09:31,574 django.utils.autoreload 617 INFO     Watching for file changes with StatReloader
2021-01-13 17:10:23,593 django.utils.autoreload 240 INFO     D:\PythonProject\Django_rapid_program\recruitment\recruitment\urls.py changed, reloading.
2021-01-13 17:10:24,603 django.utils.autoreload 617 INFO     Watching for file changes with StatReloader
2021-01-13 17:14:54,586 django.utils.autoreload 240 INFO     D:\PythonProject\Django_rapid_program\recruitment\settings\base.py changed, reloading.
2021-01-13 17:14:55,712 django.utils.autoreload 617 INFO     Watching for file changes with StatReloader
2021-01-13 17:15:39,721 django.utils.autoreload 240 INFO     D:\PythonProject\Django_rapid_program\recruitment\settings\base.py changed, reloading.
2021-01-13 17:15:40,787 django.utils.autoreload 617 INFO     Watching for file changes with StatReloader
2021-01-13 17:24:46,797 django.utils.autoreload 240 INFO     D:\PythonProject\Django_rapid_program\recruitment\settings\base.py changed, reloading.
2021-01-13 17:24:48,124 django.utils.autoreload 617 INFO     Watching for file changes with StatReloader
2021-01-13 17:25:23,320 django.utils.autoreload 240 INFO     D:\PythonProject\Django_rapid_program\recruitment\settings\base.py changed, reloading.
2021-01-13 17:25:24,478 django.utils.autoreload 617 INFO     Watching for file changes with StatReloader
2021-01-13 17:25:34,651 django.utils.autoreload 240 INFO     D:\PythonProject\Django_rapid_program\recruitment\settings\base.py changed, reloading.
2021-01-13 17:25:35,840 django.utils.autoreload 617 INFO     Watching for file changes with StatReloader
2021-01-14 13:30:37,998 django.utils.autoreload 617 INFO     Watching for file changes with StatReloader
2021-01-14 13:30:43,739 django.request 230 WARNING  Not Found: /favicon.ico
2021-01-14 13:30:59,841 django.request 230 ERROR    Internal Server Error: /sentry-debug/
Traceback (most recent call last):
  File "C:\Users\sqw12\.virtualenvs\Django_rapid_program-979I0A3D\lib\site-packages\django\core\handlers\exception.py", line 47, in inner
    response = get_response(request)
  File "C:\Users\sqw12\.virtualenvs\Django_rapid_program-979I0A3D\lib\site-packages\django\core\handlers\base.py", line 181, in _get_response
    response = wrapped_callback(request, *callback_args, **callback_kwargs)
  File "C:\Users\sqw12\.virtualenvs\Django_rapid_program-979I0A3D\lib\site-packages\sentry_sdk\integrations\django\views.py", line 67, in sentry_wrapped_callback
    return callback(request, *args, **kwargs)
  File "D:\PythonProject\Django_rapid_program\recruitment\recruitment\urls.py", line 25, in trigger_error
    division_by_zero = 1 / 0
ZeroDivisionError: division by zero
2021-01-14 13:33:58,455 django.utils.autoreload 240 INFO     D:\PythonProject\Django_rapid_program\recruitment\interview\admin.py changed, reloading.
2021-01-14 13:34:00,255 django.utils.autoreload 617 INFO     Watching for file changes with StatReloader
2021-01-14 13:34:18,651 interview.admin 76 ERROR    admin exported 2 candidate records
2021-01-14 14:34:22,243 django.utils.autoreload 240 INFO     D:\PythonProject\Django_rapid_program\recruitment\interview\performance.py changed, reloading.
2021-01-14 14:34:23,759 django.utils.autoreload 617 INFO     Watching for file changes with StatReloader
2021-01-14 14:36:47,717 django.utils.autoreload 240 INFO     D:\PythonProject\Django_rapid_program\recruitment\interview\admin.py changed, reloading.
2021-01-14 14:36:48,854 django.utils.autoreload 617 INFO     Watching for file changes with StatReloader
2021-01-14 14:37:43,584 django.utils.autoreload 240 INFO     D:\PythonProject\Django_rapid_program\recruitment\interview\performance.py changed, reloading.
2021-01-14 14:37:44,894 django.utils.autoreload 617 INFO     Watching for file changes with StatReloader
2021-01-14 14:39:32,075 django.utils.autoreload 240 INFO     D:\PythonProject\Django_rapid_program\recruitment\interview\performance.py changed, reloading.
2021-01-14 14:39:33,320 django.utils.autoreload 617 INFO     Watching for file changes with StatReloader
2021-01-14 14:41:19,150 django.utils.autoreload 240 INFO     D:\PythonProject\Django_rapid_program\recruitment\interview\performance.py changed, reloading.
2021-01-14 14:41:20,381 django.utils.autoreload 617 INFO     Watching for file changes with StatReloader
2021-01-14 14:41:31,720 django.utils.autoreload 240 INFO     D:\PythonProject\Django_rapid_program\recruitment\interview\performance.py changed, reloading.
2021-01-14 14:41:33,028 django.utils.autoreload 617 INFO     Watching for file changes with StatReloader
2021-01-14 14:42:46,413 django.utils.autoreload 240 INFO     D:\PythonProject\Django_rapid_program\recruitment\interview\performance.py changed, reloading.
2021-01-14 14:42:47,536 django.utils.autoreload 617 INFO     Watching for file changes with StatReloader
2021-01-14 14:46:04,167 django.utils.autoreload 240 INFO     D:\PythonProject\Django_rapid_program\recruitment\interview\performance.py changed, reloading.
2021-01-14 14:46:05,727 django.utils.autoreload 617 INFO     Watching for file changes with StatReloader
2021-01-14 14:48:04,926 django.utils.autoreload 240 INFO     D:\PythonProject\Django_rapid_program\recruitment\interview\performance.py changed, reloading.
2021-01-14 14:48:06,175 django.utils.autoreload 617 INFO     Watching for file changes with StatReloader
2021-01-14 14:48:22,850 django.utils.autoreload 240 INFO     D:\PythonProject\Django_rapid_program\recruitment\interview\performance.py changed, reloading.
2021-01-14 14:48:24,332 django.utils.autoreload 617 INFO     Watching for file changes with StatReloader
2021-01-14 14:49:14,861 django.utils.autoreload 240 INFO     D:\PythonProject\Django_rapid_program\recruitment\settings\base.py changed, reloading.
2021-01-14 14:49:16,002 django.utils.autoreload 617 INFO     Watching for file changes with StatReloader
2021-01-14 14:50:19,675 django.request 230 ERROR    Internal Server Error: /resume/9/
2021-01-14 14:56:21,834 django.utils.autoreload 240 INFO     D:\PythonProject\Django_rapid_program\recruitment\jobs\views.py changed, reloading.
2021-01-14 14:56:22,954 django.utils.autoreload 617 INFO     Watching for file changes with StatReloader
2021-01-14 14:57:36,354 django.utils.autoreload 240 INFO     D:\PythonProject\Django_rapid_program\recruitment\jobs\urls.py changed, reloading.
2021-01-14 14:57:37,798 django.utils.autoreload 617 INFO     Watching for file changes with StatReloader
2021-01-14 14:58:02,127 django.utils.autoreload 240 INFO     D:\PythonProject\Django_rapid_program\recruitment\jobs\urls.py changed, reloading.
2021-01-14 14:58:03,216 django.utils.autoreload 617 INFO     Watching for file changes with StatReloader
2021-01-14 15:00:31,396 django.utils.autoreload 240 INFO     D:\PythonProject\Django_rapid_program\recruitment\jobs\urls.py changed, reloading.
2021-01-14 15:00:32,583 django.utils.autoreload 617 INFO     Watching for file changes with StatReloader
2021-01-14 15:22:12,214 django.utils.autoreload 240 INFO     D:\PythonProject\Django_rapid_program\recruitment\jobs\views.py changed, reloading.
2021-01-14 15:22:13,481 django.utils.autoreload 617 INFO     Watching for file changes with StatReloader
2021-01-14 15:23:23,177 django.utils.autoreload 240 INFO     D:\PythonProject\Django_rapid_program\recruitment\jobs\views.py changed, reloading.
2021-01-14 15:23:24,341 django.utils.autoreload 617 INFO     Watching for file changes with StatReloader
2021-01-14 15:27:58,830 django.utils.autoreload 240 INFO     D:\PythonProject\Django_rapid_program\recruitment\jobs\urls.py changed, reloading.
2021-01-14 15:27:59,940 django.utils.autoreload 617 INFO     Watching for file changes with StatReloader
2021-01-14 15:40:24,469 django.utils.autoreload 240 INFO     D:\PythonProject\Django_rapid_program\recruitment\jobs\views.py changed, reloading.
2021-01-14 15:40:25,707 django.utils.autoreload 617 INFO     Watching for file changes with StatReloader
2021-01-14 15:40:38,840 django.security.csrf 230 WARNING  Forbidden (CSRF token missing or incorrect.): /create_hr_user/
2021-01-14 15:42:25,187 django.security.csrf 230 WARNING  Forbidden (CSRF token missing or incorrect.): /create_hr_user/
2021-01-14 15:42:29,573 django.security.csrf 230 WARNING  Forbidden (CSRF token missing or incorrect.): /create_hr_user/
2021-01-14 15:42:35,539 django.security.csrf 230 WARNING  Forbidden (CSRF token missing or incorrect.): /create_hr_user/
2021-01-14 15:43:04,309 django.security.csrf 230 WARNING  Forbidden (CSRF token missing or incorrect.): /create_hr_user/
2021-01-14 15:43:06,106 django.security.csrf 230 WARNING  Forbidden (CSRF token missing or incorrect.): /create_hr_user/
2021-01-14 15:50:13,216 django.utils.autoreload 240 INFO     D:\PythonProject\Django_rapid_program\recruitment\settings\base.py changed, reloading.
2021-01-14 15:50:14,222 django.utils.autoreload 617 INFO     Watching for file changes with StatReloader
2021-01-14 15:59:16,778 django.utils.autoreload 617 INFO     Watching for file changes with StatReloader
2021-01-14 15:59:24,727 django.request 230 WARNING  Not Found: /aip
2021-01-14 16:10:11,543 django.utils.autoreload 617 INFO     Watching for file changes with StatReloader
2021-01-14 16:11:41,291 django.utils.autoreload 240 INFO     D:\PythonProject\Django_rapid_program\recruitment\settings\base.py changed, reloading.
2021-01-14 16:11:42,473 django.utils.autoreload 617 INFO     Watching for file changes with StatReloader
2021-01-14 16:12:06,680 django.utils.autoreload 240 INFO     D:\PythonProject\Django_rapid_program\recruitment\settings\base.py changed, reloading.
2021-01-14 16:12:07,904 django.utils.autoreload 617 INFO     Watching for file changes with StatReloader
2021-01-14 16:12:43,393 django.utils.autoreload 240 INFO     D:\PythonProject\Django_rapid_program\recruitment\settings\base.py changed, reloading.
2021-01-14 16:12:44,496 django.utils.autoreload 617 INFO     Watching for file changes with StatReloader
2021-01-14 16:15:38,622 django.utils.autoreload 240 INFO     D:\PythonProject\Django_rapid_program\recruitment\jobs\views.py changed, reloading.
2021-01-14 16:15:39,805 django.utils.autoreload 617 INFO     Watching for file changes with StatReloader
2021-01-14 16:16:00,550 django.utils.autoreload 240 INFO     D:\PythonProject\Django_rapid_program\recruitment\jobs\views.py changed, reloading.
2021-01-14 16:16:02,093 django.utils.autoreload 617 INFO     Watching for file changes with StatReloader
2021-01-14 16:16:25,351 django.utils.autoreload 240 INFO     D:\PythonProject\Django_rapid_program\recruitment\jobs\views.py changed, reloading.
2021-01-14 16:16:26,677 django.utils.autoreload 617 INFO     Watching for file changes with StatReloader
2021-01-14 16:16:37,373 django.utils.autoreload 240 INFO     D:\PythonProject\Django_rapid_program\recruitment\jobs\views.py changed, reloading.
2021-01-14 16:16:38,843 django.utils.autoreload 617 INFO     Watching for file changes with StatReloader
2021-01-14 16:19:42,777 jobs.views   38 INFO     job info fetched from database jobid:2
2021-01-14 16:20:19,131 django.utils.autoreload 240 INFO     D:\PythonProject\Django_rapid_program\recruitment\jobs\views.py changed, reloading.
2021-01-14 16:20:20,345 django.utils.autoreload 617 INFO     Watching for file changes with StatReloader
2021-01-14 18:28:46,662 django.utils.autoreload 617 INFO     Watching for file changes with StatReloader
2021-01-14 18:29:50,435 flower.command 137 INFO     Visit me at http://localhost:5555
2021-01-14 18:29:50,451 flower.command 142 INFO     Broker: redis://localhost:6379/0
2021-01-14 18:29:50,455 flower.command 145 INFO     Registered tasks: 
['celery.accumulate',
 'celery.backend_cleanup',
 'celery.chain',
 'celery.chord',
 'celery.chord_unlock',
 'celery.chunks',
 'celery.group',
 'celery.map',
 'celery.starmap',
 'interview.tasks.send_dingtalk_message',
 'recruitment.celery.debug_task']
2021-01-14 18:29:54,479 kombu.mixins 229 INFO     Connected to redis://localhost:6379/0
2021-01-14 18:30:42,604 jobs.views   38 INFO     job info fetched from database jobid:2
2021-01-15 13:19:35,058 flower.command 137 INFO     Visit me at http://localhost:5555
2021-01-15 13:19:35,115 flower.command 142 INFO     Broker: redis://localhost:6379/0
2021-01-15 13:19:35,118 flower.command 145 INFO     Registered tasks: 
['celery.accumulate',
 'celery.backend_cleanup',
 'celery.chain',
 'celery.chord',
 'celery.chord_unlock',
 'celery.chunks',
 'celery.group',
 'celery.map',
 'celery.starmap',
 'interview.tasks.send_dingtalk_message',
 'recruitment.celery.debug_task']
2021-01-15 13:19:39,141 kombu.mixins 229 INFO     Connected to redis://localhost:6379/0
2021-01-15 13:20:30,164 django.utils.autoreload 617 INFO     Watching for file changes with StatReloader
2021-01-15 13:20:32,681 django.request 230 WARNING  Not Found: /favicon.ico
2021-01-15 13:21:57,798 django.utils.autoreload 240 INFO     D:\PythonProject\Django_rapid_program\recruitment\settings\base.py changed, reloading.
2021-01-15 13:22:03,801 django.utils.autoreload 617 INFO     Watching for file changes with StatReloader
2021-01-15 13:29:08,247 django.utils.autoreload 240 INFO     D:\PythonProject\Django_rapid_program\recruitment\recruitment\celery.py changed, reloading.
2021-01-15 13:29:10,285 django.utils.autoreload 617 INFO     Watching for file changes with StatReloader
2021-01-15 13:33:18,541 django.utils.autoreload 240 INFO     D:\PythonProject\Django_rapid_program\recruitment\recruitment\celery.py changed, reloading.
2021-01-15 13:33:20,405 django.utils.autoreload 617 INFO     Watching for file changes with StatReloader
2021-01-15 13:33:50,129 django.utils.autoreload 240 INFO     D:\PythonProject\Django_rapid_program\recruitment\recruitment\celery.py changed, reloading.
2021-01-15 13:33:52,119 django.utils.autoreload 617 INFO     Watching for file changes with StatReloader
2021-01-15 13:38:08,592 django.utils.autoreload 240 INFO     D:\PythonProject\Django_rapid_program\recruitment\recruitment\celery.py changed, reloading.
2021-01-15 13:38:10,614 django.utils.autoreload 617 INFO     Watching for file changes with StatReloader
2021-01-15 13:38:54,265 django.utils.autoreload 240 INFO     D:\PythonProject\Django_rapid_program\recruitment\recruitment\celery.py changed, reloading.
2021-01-15 13:38:56,304 django.utils.autoreload 617 INFO     Watching for file changes with StatReloader
2021-01-15 13:39:20,144 django.utils.autoreload 240 INFO     D:\PythonProject\Django_rapid_program\recruitment\recruitment\tasks.py changed, reloading.
2021-01-15 13:39:22,263 django.utils.autoreload 617 INFO     Watching for file changes with StatReloader
2021-01-15 13:40:32,864 django.utils.autoreload 240 INFO     D:\PythonProject\Django_rapid_program\recruitment\recruitment\celery.py changed, reloading.
2021-01-15 13:40:34,909 django.utils.autoreload 617 INFO     Watching for file changes with StatReloader
2021-01-15 13:42:15,391 django.utils.autoreload 240 INFO     D:\PythonProject\Django_rapid_program\recruitment\recruitment\celery.py changed, reloading.
2021-01-15 13:42:17,345 django.utils.autoreload 617 INFO     Watching for file changes with StatReloader
2021-01-15 13:43:33,413 django.utils.autoreload 240 INFO     D:\PythonProject\Django_rapid_program\recruitment\recruitment\celery.py changed, reloading.
2021-01-15 13:43:35,579 django.utils.autoreload 617 INFO     Watching for file changes with StatReloader
2021-01-15 13:46:55,705 django.utils.autoreload 617 INFO     Watching for file changes with StatReloader
2021-01-15 13:50:23,349 django.utils.autoreload 240 INFO     D:\PythonProject\Django_rapid_program\recruitment\settings\base.py changed, reloading.
2021-01-15 13:50:25,226 django.utils.autoreload 617 INFO     Watching for file changes with StatReloader
2021-01-15 13:50:43,778 django.utils.autoreload 240 INFO     D:\PythonProject\Django_rapid_program\recruitment\settings\base.py changed, reloading.
2021-01-15 13:50:45,711 django.utils.autoreload 617 INFO     Watching for file changes with StatReloader
2021-01-15 13:55:46,043 django.utils.autoreload 240 INFO     D:\PythonProject\Django_rapid_program\recruitment\settings\base.py changed, reloading.
2021-01-15 13:55:47,976 django.utils.autoreload 617 INFO     Watching for file changes with StatReloader
2021-01-15 14:03:00,441 django.utils.autoreload 617 INFO     Watching for file changes with StatReloader
2021-01-15 14:06:25,777 django.utils.autoreload 240 INFO     D:\PythonProject\Django_rapid_program\recruitment\settings\base.py changed, reloading.
2021-01-15 14:06:28,045 django.utils.autoreload 617 INFO     Watching for file changes with StatReloader
2021-01-15 14:08:46,602 django.utils.autoreload 240 INFO     D:\PythonProject\Django_rapid_program\recruitment\recruitment\urls.py changed, reloading.
2021-01-15 14:08:48,650 django.utils.autoreload 617 INFO     Watching for file changes with StatReloader
2021-01-15 14:09:32,314 django.utils.autoreload 240 INFO     D:\PythonProject\Django_rapid_program\recruitment\jobs\models.py changed, reloading.
2021-01-15 14:09:33,758 django.utils.autoreload 617 INFO     Watching for file changes with StatReloader
2021-01-15 14:10:29,746 django.utils.autoreload 240 INFO     D:\PythonProject\Django_rapid_program\recruitment\jobs\models.py changed, reloading.
2021-01-15 14:10:31,829 django.utils.autoreload 617 INFO     Watching for file changes with StatReloader
2021-01-15 14:10:49,856 django.utils.autoreload 240 INFO     D:\PythonProject\Django_rapid_program\recruitment\jobs\models.py changed, reloading.
2021-01-15 14:10:52,010 django.utils.autoreload 617 INFO     Watching for file changes with StatReloader
2021-01-15 14:14:27,067 django.utils.autoreload 240 INFO     D:\PythonProject\Django_rapid_program\recruitment\jobs\views.py changed, reloading.
2021-01-15 14:14:29,469 django.utils.autoreload 617 INFO     Watching for file changes with StatReloader
2021-01-15 14:15:00,640 django.request 230 ERROR    Internal Server Error: /admin/jobs/resume/
2021-01-15 14:15:10,271 django.request 230 ERROR    Internal Server Error: /admin/jobs/resume/
2021-01-15 14:15:26,180 django.request 230 ERROR    Internal Server Error: /resume/add/
2021-01-15 14:15:52,298 jobs.views   38 INFO     job info fetched from database jobid:1
2021-01-15 14:15:53,919 django.request 230 ERROR    Internal Server Error: /resume/add/
2021-01-15 14:16:06,845 jobs.views   38 INFO     job info fetched from database jobid:1
2021-01-15 14:16:08,255 django.request 230 ERROR    Internal Server Error: /resume/add/
2021-01-15 14:16:52,073 django.utils.autoreload 240 INFO     D:\PythonProject\Django_rapid_program\recruitment\jobs\views.py changed, reloading.
2021-01-15 14:16:54,040 django.utils.autoreload 617 INFO     Watching for file changes with StatReloader
2021-01-15 14:17:33,086 django_python3_ldap.ldap 181 INFO     LDAP connect succeeded
2021-01-15 14:17:33,086 django_python3_ldap.ldap 181 INFO     LDAP connect succeeded
2021-01-15 14:17:33,098 django_python3_ldap.ldap 116 WARNING  LDAP user lookup failed
2021-01-15 14:17:33,098 django_python3_ldap.ldap 116 WARNING  LDAP user lookup failed
2021-01-15 14:17:45,015 django.request 230 ERROR    Internal Server Error: /admin/jobs/resume/
2021-01-15 14:17:51,364 django.request 230 ERROR    Internal Server Error: /admin/jobs/resume/
2021-01-15 14:20:04,475 django.utils.autoreload 240 INFO     D:\PythonProject\Django_rapid_program\recruitment\jobs\admin.py changed, reloading.
2021-01-15 14:20:06,391 django.utils.autoreload 617 INFO     Watching for file changes with StatReloader
2021-01-15 14:20:08,305 django.utils.autoreload 240 INFO     D:\PythonProject\Django_rapid_program\recruitment\jobs\admin.py changed, reloading.
2021-01-15 14:20:10,347 django.utils.autoreload 617 INFO     Watching for file changes with StatReloader
2021-01-15 14:23:59,389 django.utils.autoreload 240 INFO     D:\PythonProject\Django_rapid_program\recruitment\jobs\admin.py changed, reloading.
2021-01-15 14:24:01,524 django.utils.autoreload 617 INFO     Watching for file changes with StatReloader
2021-01-15 14:24:59,644 django.utils.autoreload 240 INFO     D:\PythonProject\Django_rapid_program\recruitment\jobs\admin.py changed, reloading.
2021-01-15 14:25:01,904 django.utils.autoreload 617 INFO     Watching for file changes with StatReloader
2021-01-15 14:28:04,103 django.utils.autoreload 240 INFO     D:\PythonProject\Django_rapid_program\recruitment\settings\base.py changed, reloading.
2021-01-15 14:28:07,470 django.utils.autoreload 617 INFO     Watching for file changes with StatReloader
2021-01-15 14:29:31,710 django.utils.autoreload 617 INFO     Watching for file changes with StatReloader
2021-01-15 14:51:34,792 django.utils.autoreload 240 INFO     D:\PythonProject\Django_rapid_program\recruitment\settings\base.py changed, reloading.
2021-01-15 14:51:37,516 django.utils.autoreload 617 INFO     Watching for file changes with StatReloader
2021-01-15 14:57:24,410 django.utils.autoreload 240 INFO     D:\PythonProject\Django_rapid_program\recruitment\settings\base.py changed, reloading.
2021-01-15 14:57:26,443 django.utils.autoreload 617 INFO     Watching for file changes with StatReloader
2021-01-15 14:58:00,126 django.utils.autoreload 240 INFO     D:\PythonProject\Django_rapid_program\recruitment\settings\base.py changed, reloading.
2021-01-15 14:58:02,424 django.utils.autoreload 617 INFO     Watching for file changes with StatReloader
2021-01-15 14:59:27,236 django.utils.autoreload 240 INFO     D:\PythonProject\Django_rapid_program\recruitment\settings\base.py changed, reloading.
2021-01-15 14:59:29,428 django.utils.autoreload 617 INFO     Watching for file changes with StatReloader
2021-01-15 15:14:17,124 django.utils.autoreload 240 INFO     D:\PythonProject\Django_rapid_program\recruitment\settings\base.py changed, reloading.
2021-01-15 15:14:19,289 django.utils.autoreload 617 INFO     Watching for file changes with StatReloader
2021-01-15 15:15:11,337 django.utils.autoreload 240 INFO     D:\PythonProject\Django_rapid_program\recruitment\recruitment\urls.py changed, reloading.
2021-01-15 15:15:13,285 django.utils.autoreload 617 INFO     Watching for file changes with StatReloader
2021-01-15 15:15:16,309 django.utils.autoreload 240 INFO     D:\PythonProject\Django_rapid_program\recruitment\recruitment\urls.py changed, reloading.
2021-01-15 15:15:18,458 django.utils.autoreload 617 INFO     Watching for file changes with StatReloader
2021-01-15 15:53:03,660 django.utils.autoreload 240 INFO     D:\PythonProject\Django_rapid_program\recruitment\settings\base.py changed, reloading.
2021-01-15 15:53:05,611 django.utils.autoreload 617 INFO     Watching for file changes with StatReloader
2021-01-15 16:30:54,087 django.utils.autoreload 240 INFO     D:\PythonProject\Django_rapid_program\recruitment\settings\base.py changed, reloading.
2021-01-15 16:30:55,891 jobs.apps    12 INFO     JobConfig ready
2021-01-15 16:30:56,162 django.utils.autoreload 617 INFO     Watching for file changes with StatReloader
2021-01-15 16:31:27,855 jobs.signal_processor 23 INFO     Resume for lily 高级移动开发工程师 has been saved 
2021-01-15 17:17:43,771 django.utils.autoreload 240 INFO     D:\PythonProject\Django_rapid_program\recruitment\settings\base.py changed, reloading.
2021-01-15 17:17:46,105 jobs.apps    12 INFO     JobConfig ready
2021-01-15 17:17:46,452 django.utils.autoreload 617 INFO     Watching for file changes with StatReloader
2021-01-15 17:20:10,443 django.utils.autoreload 240 INFO     D:\PythonProject\Django_rapid_program\recruitment\settings\base.py changed, reloading.
2021-01-15 17:20:13,168 jobs.apps    12 INFO     JobConfig ready
2021-01-15 17:20:13,756 django.utils.autoreload 617 INFO     Watching for file changes with StatReloader
2021-01-15 17:22:37,715 django.utils.autoreload 240 INFO     D:\PythonProject\Django_rapid_program\recruitment\recruitment\urls.py changed, reloading.
2021-01-15 17:22:39,710 jobs.apps    12 INFO     JobConfig ready
2021-01-15 17:22:39,976 django.utils.autoreload 617 INFO     Watching for file changes with StatReloader
2021-01-15 17:23:45,749 django.utils.autoreload 240 INFO     D:\PythonProject\Django_rapid_program\recruitment\settings\base.py changed, reloading.
2021-01-15 17:23:48,001 jobs.apps    12 INFO     JobConfig ready
2021-01-15 17:23:48,347 django.utils.autoreload 617 INFO     Watching for file changes with StatReloader
2021-01-15 17:24:25,273 django.utils.autoreload 240 INFO     D:\PythonProject\Django_rapid_program\recruitment\recruitment\urls.py changed, reloading.
2021-01-15 17:24:27,341 jobs.apps    12 INFO     JobConfig ready
2021-01-15 17:24:27,598 django.utils.autoreload 617 INFO     Watching for file changes with StatReloader
2021-01-15 17:25:11,821 jobs.apps    12 INFO     JobConfig ready
2021-01-15 17:25:13,746 jobs.apps    12 INFO     JobConfig ready
2021-01-15 17:25:14,001 django.utils.autoreload 617 INFO     Watching for file changes with StatReloader
2021-01-15 17:26:37,735 django.utils.autoreload 240 INFO     D:\PythonProject\Django_rapid_program\recruitment\recruitment\urls.py changed, reloading.
2021-01-15 17:26:39,645 jobs.apps    12 INFO     JobConfig ready
2021-01-15 17:26:39,920 django.utils.autoreload 617 INFO     Watching for file changes with StatReloader
2021-01-15 17:26:49,142 django.request 230 WARNING  Not Found: /favicon.ico
2021-01-15 17:26:51,991 django.request 230 WARNING  Not Found: /favicon.ico
2021-01-15 17:26:52,884 django.request 230 WARNING  Not Found: /favicon.ico
2021-01-15 17:26:53,757 django.request 230 WARNING  Not Found: /favicon.ico
2021-01-15 17:27:09,020 django.request 230 WARNING  Not Found: /__debug__/
2021-01-15 17:27:33,512 django.request 230 ERROR    Internal Server Error: /__debug__/history_sidebar/
2021-01-15 17:30:12,720 django.utils.autoreload 240 INFO     D:\PythonProject\Django_rapid_program\recruitment\settings\base.py changed, reloading.
2021-01-15 17:30:14,545 jobs.apps    12 INFO     JobConfig ready
2021-01-15 17:30:14,796 django.utils.autoreload 617 INFO     Watching for file changes with StatReloader
2021-01-15 17:30:18,699 django.request 230 ERROR    Internal Server Error: /__debug__/history_sidebar/
2021-01-15 17:31:51,817 django.utils.autoreload 240 INFO     D:\PythonProject\Django_rapid_program\recruitment\settings\base.py changed, reloading.
2021-01-15 17:31:53,699 jobs.apps    12 INFO     JobConfig ready
2021-01-15 17:31:53,962 django.utils.autoreload 617 INFO     Watching for file changes with StatReloader
2021-01-15 17:33:04,916 django.utils.autoreload 240 INFO     D:\PythonProject\Django_rapid_program\recruitment\settings\base.py changed, reloading.
2021-01-15 17:33:06,804 jobs.apps    12 INFO     JobConfig ready
2021-01-15 17:33:07,074 django.utils.autoreload 617 INFO     Watching for file changes with StatReloader
2021-01-15 17:35:19,690 django.utils.autoreload 240 INFO     D:\PythonProject\Django_rapid_program\recruitment\settings\base.py changed, reloading.
2021-01-15 17:35:21,698 jobs.apps    12 INFO     JobConfig ready
2021-01-15 17:35:21,952 django.utils.autoreload 617 INFO     Watching for file changes with StatReloader
2021-01-15 17:36:14,135 django.utils.autoreload 240 INFO     D:\PythonProject\Django_rapid_program\recruitment\settings\base.py changed, reloading.
2021-01-15 17:36:16,084 jobs.apps    12 INFO     JobConfig ready
2021-01-15 17:36:16,337 django.utils.autoreload 617 INFO     Watching for file changes with StatReloader
2021-01-15 17:36:33,197 django.utils.autoreload 240 INFO     D:\PythonProject\Django_rapid_program\recruitment\settings\base.py changed, reloading.
2021-01-15 17:36:35,295 jobs.apps    12 INFO     JobConfig ready
2021-01-15 17:36:35,646 django.utils.autoreload 617 INFO     Watching for file changes with StatReloader
2021-01-16 18:21:09,771 jobs.apps    12 INFO     JobConfig ready
2021-01-16 18:21:11,073 jobs.apps    12 INFO     JobConfig ready
2021-01-16 18:21:11,098 django.utils.autoreload 617 INFO     Watching for file changes with StatReloader
2021-01-16 18:25:15,455 jobs.apps    12 INFO     JobConfig ready
2021-01-16 18:25:16,633 jobs.apps    12 INFO     JobConfig ready
2021-01-16 18:25:16,651 django.utils.autoreload 617 INFO     Watching for file changes with StatReloader
2021-01-16 18:26:12,617 jobs.apps    12 INFO     JobConfig ready
2021-01-16 18:26:13,692 jobs.apps    12 INFO     JobConfig ready
2021-01-16 18:26:13,710 django.utils.autoreload 617 INFO     Watching for file changes with StatReloader
2021-01-16 18:28:04,760 jobs.apps    12 INFO     JobConfig ready
2021-01-16 18:28:06,964 jobs.apps    12 INFO     JobConfig ready
2021-01-16 18:28:06,984 django.utils.autoreload 617 INFO     Watching for file changes with StatReloader
2021-01-16 18:28:09,847 django.request 224 ERROR    Internal Server Error: /
Traceback (most recent call last):
  File "/Users/sqw/.local/share/virtualenvs/Django_rapid_program-dg1zeGe0/lib/python3.8/site-packages/django_redis/cache.py", line 27, in _decorator
    return method(self, *args, **kwargs)
  File "/Users/sqw/.local/share/virtualenvs/Django_rapid_program-dg1zeGe0/lib/python3.8/site-packages/django_redis/cache.py", line 94, in _get
    return self.client.get(key, default=default, version=version, client=client)
  File "/Users/sqw/.local/share/virtualenvs/Django_rapid_program-dg1zeGe0/lib/python3.8/site-packages/django_redis/client/default.py", line 222, in get
    raise ConnectionInterrupted(connection=client) from e
django_redis.exceptions.ConnectionInterrupted: Redis ConnectionError: Error 61 connecting to 127.0.0.1:6379. Connection refused.

During handling of the above exception, another exception occurred:

Traceback (most recent call last):
  File "/Users/sqw/.local/share/virtualenvs/Django_rapid_program-dg1zeGe0/lib/python3.8/site-packages/django/core/handlers/exception.py", line 47, in inner
    response = get_response(request)
  File "/Users/sqw/.local/share/virtualenvs/Django_rapid_program-dg1zeGe0/lib/python3.8/site-packages/sentry_sdk/integrations/django/middleware.py", line 134, in __call__
    return f(*args, **kwargs)
  File "/Users/sqw/.local/share/virtualenvs/Django_rapid_program-dg1zeGe0/lib/python3.8/site-packages/sentry_sdk/integrations/django/middleware.py", line 90, in sentry_wrapped_method
    return old_method(*args, **kwargs)
  File "/Users/sqw/.local/share/virtualenvs/Django_rapid_program-dg1zeGe0/lib/python3.8/site-packages/django/utils/deprecation.py", line 113, in __call__
    response = self.process_request(request)
  File "/Users/sqw/.local/share/virtualenvs/Django_rapid_program-dg1zeGe0/lib/python3.8/site-packages/django/middleware/cache.py", line 145, in process_request
    cache_key = get_cache_key(request, self.key_prefix, 'GET', cache=self.cache)
  File "/Users/sqw/.local/share/virtualenvs/Django_rapid_program-dg1zeGe0/lib/python3.8/site-packages/django/utils/cache.py", line 360, in get_cache_key
    headerlist = cache.get(cache_key)
  File "/Users/sqw/.local/share/virtualenvs/Django_rapid_program-dg1zeGe0/lib/python3.8/site-packages/debug_toolbar/panels/cache.py", line 29, in wrapped
    value = method(self, *args, **kwargs)
  File "/Users/sqw/.local/share/virtualenvs/Django_rapid_program-dg1zeGe0/lib/python3.8/site-packages/debug_toolbar/panels/cache.py", line 80, in get
    return self.cache.get(*args, **kwargs)
  File "/Users/sqw/.local/share/virtualenvs/Django_rapid_program-dg1zeGe0/lib/python3.8/site-packages/django_redis/cache.py", line 87, in get
    value = self._get(key, default, version, client)
  File "/Users/sqw/.local/share/virtualenvs/Django_rapid_program-dg1zeGe0/lib/python3.8/site-packages/django_redis/cache.py", line 34, in _decorator
    raise e.__cause__
  File "/Users/sqw/.local/share/virtualenvs/Django_rapid_program-dg1zeGe0/lib/python3.8/site-packages/django_redis/client/default.py", line 220, in get
    value = client.get(key)
  File "/Users/sqw/.local/share/virtualenvs/Django_rapid_program-dg1zeGe0/lib/python3.8/site-packages/redis/client.py", line 1606, in get
    return self.execute_command('GET', name)
  File "/Users/sqw/.local/share/virtualenvs/Django_rapid_program-dg1zeGe0/lib/python3.8/site-packages/redis/client.py", line 898, in execute_command
    conn = self.connection or pool.get_connection(command_name, **options)
  File "/Users/sqw/.local/share/virtualenvs/Django_rapid_program-dg1zeGe0/lib/python3.8/site-packages/redis/connection.py", line 1192, in get_connection
    connection.connect()
  File "/Users/sqw/.local/share/virtualenvs/Django_rapid_program-dg1zeGe0/lib/python3.8/site-packages/redis/connection.py", line 563, in connect
    raise ConnectionError(self._error_message(e))
redis.exceptions.ConnectionError: Error 61 connecting to 127.0.0.1:6379. Connection refused.
2021-01-16 18:28:09,900 django.security.SuspiciousSession 131 WARNING  Session data corrupted
2021-01-16 18:28:10,325 django.request 224 ERROR    Internal Server Error: /favicon.ico
Traceback (most recent call last):
  File "/Users/sqw/.local/share/virtualenvs/Django_rapid_program-dg1zeGe0/lib/python3.8/site-packages/django_redis/cache.py", line 27, in _decorator
    return method(self, *args, **kwargs)
  File "/Users/sqw/.local/share/virtualenvs/Django_rapid_program-dg1zeGe0/lib/python3.8/site-packages/django_redis/cache.py", line 94, in _get
    return self.client.get(key, default=default, version=version, client=client)
  File "/Users/sqw/.local/share/virtualenvs/Django_rapid_program-dg1zeGe0/lib/python3.8/site-packages/django_redis/client/default.py", line 222, in get
    raise ConnectionInterrupted(connection=client) from e
django_redis.exceptions.ConnectionInterrupted: Redis ConnectionError: Error 61 connecting to 127.0.0.1:6379. Connection refused.

During handling of the above exception, another exception occurred:

Traceback (most recent call last):
  File "/Users/sqw/.local/share/virtualenvs/Django_rapid_program-dg1zeGe0/lib/python3.8/site-packages/django/core/handlers/exception.py", line 47, in inner
    response = get_response(request)
  File "/Users/sqw/.local/share/virtualenvs/Django_rapid_program-dg1zeGe0/lib/python3.8/site-packages/sentry_sdk/integrations/django/middleware.py", line 134, in __call__
    return f(*args, **kwargs)
  File "/Users/sqw/.local/share/virtualenvs/Django_rapid_program-dg1zeGe0/lib/python3.8/site-packages/sentry_sdk/integrations/django/middleware.py", line 90, in sentry_wrapped_method
    return old_method(*args, **kwargs)
  File "/Users/sqw/.local/share/virtualenvs/Django_rapid_program-dg1zeGe0/lib/python3.8/site-packages/django/utils/deprecation.py", line 113, in __call__
    response = self.process_request(request)
  File "/Users/sqw/.local/share/virtualenvs/Django_rapid_program-dg1zeGe0/lib/python3.8/site-packages/django/middleware/cache.py", line 145, in process_request
    cache_key = get_cache_key(request, self.key_prefix, 'GET', cache=self.cache)
  File "/Users/sqw/.local/share/virtualenvs/Django_rapid_program-dg1zeGe0/lib/python3.8/site-packages/django/utils/cache.py", line 360, in get_cache_key
    headerlist = cache.get(cache_key)
  File "/Users/sqw/.local/share/virtualenvs/Django_rapid_program-dg1zeGe0/lib/python3.8/site-packages/debug_toolbar/panels/cache.py", line 29, in wrapped
    value = method(self, *args, **kwargs)
  File "/Users/sqw/.local/share/virtualenvs/Django_rapid_program-dg1zeGe0/lib/python3.8/site-packages/debug_toolbar/panels/cache.py", line 80, in get
    return self.cache.get(*args, **kwargs)
  File "/Users/sqw/.local/share/virtualenvs/Django_rapid_program-dg1zeGe0/lib/python3.8/site-packages/django_redis/cache.py", line 87, in get
    value = self._get(key, default, version, client)
  File "/Users/sqw/.local/share/virtualenvs/Django_rapid_program-dg1zeGe0/lib/python3.8/site-packages/django_redis/cache.py", line 34, in _decorator
    raise e.__cause__
  File "/Users/sqw/.local/share/virtualenvs/Django_rapid_program-dg1zeGe0/lib/python3.8/site-packages/django_redis/client/default.py", line 220, in get
    value = client.get(key)
  File "/Users/sqw/.local/share/virtualenvs/Django_rapid_program-dg1zeGe0/lib/python3.8/site-packages/redis/client.py", line 1606, in get
    return self.execute_command('GET', name)
  File "/Users/sqw/.local/share/virtualenvs/Django_rapid_program-dg1zeGe0/lib/python3.8/site-packages/redis/client.py", line 898, in execute_command
    conn = self.connection or pool.get_connection(command_name, **options)
  File "/Users/sqw/.local/share/virtualenvs/Django_rapid_program-dg1zeGe0/lib/python3.8/site-packages/redis/connection.py", line 1192, in get_connection
    connection.connect()
  File "/Users/sqw/.local/share/virtualenvs/Django_rapid_program-dg1zeGe0/lib/python3.8/site-packages/redis/connection.py", line 563, in connect
    raise ConnectionError(self._error_message(e))
redis.exceptions.ConnectionError: Error 61 connecting to 127.0.0.1:6379. Connection refused.
2021-01-16 18:28:10,368 django.security.SuspiciousSession 131 WARNING  Session data corrupted
2021-01-16 18:28:19,565 django.request 224 ERROR    Internal Server Error: /admin/
Traceback (most recent call last):
  File "/Users/sqw/.local/share/virtualenvs/Django_rapid_program-dg1zeGe0/lib/python3.8/site-packages/django_redis/cache.py", line 27, in _decorator
    return method(self, *args, **kwargs)
  File "/Users/sqw/.local/share/virtualenvs/Django_rapid_program-dg1zeGe0/lib/python3.8/site-packages/django_redis/cache.py", line 94, in _get
    return self.client.get(key, default=default, version=version, client=client)
  File "/Users/sqw/.local/share/virtualenvs/Django_rapid_program-dg1zeGe0/lib/python3.8/site-packages/django_redis/client/default.py", line 222, in get
    raise ConnectionInterrupted(connection=client) from e
django_redis.exceptions.ConnectionInterrupted: Redis ConnectionError: Error 61 connecting to 127.0.0.1:6379. Connection refused.

During handling of the above exception, another exception occurred:

Traceback (most recent call last):
  File "/Users/sqw/.local/share/virtualenvs/Django_rapid_program-dg1zeGe0/lib/python3.8/site-packages/django/core/handlers/exception.py", line 47, in inner
    response = get_response(request)
  File "/Users/sqw/.local/share/virtualenvs/Django_rapid_program-dg1zeGe0/lib/python3.8/site-packages/sentry_sdk/integrations/django/middleware.py", line 134, in __call__
    return f(*args, **kwargs)
  File "/Users/sqw/.local/share/virtualenvs/Django_rapid_program-dg1zeGe0/lib/python3.8/site-packages/sentry_sdk/integrations/django/middleware.py", line 90, in sentry_wrapped_method
    return old_method(*args, **kwargs)
  File "/Users/sqw/.local/share/virtualenvs/Django_rapid_program-dg1zeGe0/lib/python3.8/site-packages/django/utils/deprecation.py", line 113, in __call__
    response = self.process_request(request)
  File "/Users/sqw/.local/share/virtualenvs/Django_rapid_program-dg1zeGe0/lib/python3.8/site-packages/django/middleware/cache.py", line 145, in process_request
    cache_key = get_cache_key(request, self.key_prefix, 'GET', cache=self.cache)
  File "/Users/sqw/.local/share/virtualenvs/Django_rapid_program-dg1zeGe0/lib/python3.8/site-packages/django/utils/cache.py", line 360, in get_cache_key
    headerlist = cache.get(cache_key)
  File "/Users/sqw/.local/share/virtualenvs/Django_rapid_program-dg1zeGe0/lib/python3.8/site-packages/debug_toolbar/panels/cache.py", line 29, in wrapped
    value = method(self, *args, **kwargs)
  File "/Users/sqw/.local/share/virtualenvs/Django_rapid_program-dg1zeGe0/lib/python3.8/site-packages/debug_toolbar/panels/cache.py", line 80, in get
    return self.cache.get(*args, **kwargs)
  File "/Users/sqw/.local/share/virtualenvs/Django_rapid_program-dg1zeGe0/lib/python3.8/site-packages/django_redis/cache.py", line 87, in get
    value = self._get(key, default, version, client)
  File "/Users/sqw/.local/share/virtualenvs/Django_rapid_program-dg1zeGe0/lib/python3.8/site-packages/django_redis/cache.py", line 34, in _decorator
    raise e.__cause__
  File "/Users/sqw/.local/share/virtualenvs/Django_rapid_program-dg1zeGe0/lib/python3.8/site-packages/django_redis/client/default.py", line 220, in get
    value = client.get(key)
  File "/Users/sqw/.local/share/virtualenvs/Django_rapid_program-dg1zeGe0/lib/python3.8/site-packages/redis/client.py", line 1606, in get
    return self.execute_command('GET', name)
  File "/Users/sqw/.local/share/virtualenvs/Django_rapid_program-dg1zeGe0/lib/python3.8/site-packages/redis/client.py", line 898, in execute_command
    conn = self.connection or pool.get_connection(command_name, **options)
  File "/Users/sqw/.local/share/virtualenvs/Django_rapid_program-dg1zeGe0/lib/python3.8/site-packages/redis/connection.py", line 1192, in get_connection
    connection.connect()
  File "/Users/sqw/.local/share/virtualenvs/Django_rapid_program-dg1zeGe0/lib/python3.8/site-packages/redis/connection.py", line 563, in connect
    raise ConnectionError(self._error_message(e))
redis.exceptions.ConnectionError: Error 61 connecting to 127.0.0.1:6379. Connection refused.
2021-01-16 18:28:19,597 django.security.SuspiciousSession 131 WARNING  Session data corrupted
2021-01-16 18:28:19,851 django.request 224 ERROR    Internal Server Error: /favicon.ico
Traceback (most recent call last):
  File "/Users/sqw/.local/share/virtualenvs/Django_rapid_program-dg1zeGe0/lib/python3.8/site-packages/django_redis/cache.py", line 27, in _decorator
    return method(self, *args, **kwargs)
  File "/Users/sqw/.local/share/virtualenvs/Django_rapid_program-dg1zeGe0/lib/python3.8/site-packages/django_redis/cache.py", line 94, in _get
    return self.client.get(key, default=default, version=version, client=client)
  File "/Users/sqw/.local/share/virtualenvs/Django_rapid_program-dg1zeGe0/lib/python3.8/site-packages/django_redis/client/default.py", line 222, in get
    raise ConnectionInterrupted(connection=client) from e
django_redis.exceptions.ConnectionInterrupted: Redis ConnectionError: Error 61 connecting to 127.0.0.1:6379. Connection refused.

During handling of the above exception, another exception occurred:

Traceback (most recent call last):
  File "/Users/sqw/.local/share/virtualenvs/Django_rapid_program-dg1zeGe0/lib/python3.8/site-packages/django/core/handlers/exception.py", line 47, in inner
    response = get_response(request)
  File "/Users/sqw/.local/share/virtualenvs/Django_rapid_program-dg1zeGe0/lib/python3.8/site-packages/sentry_sdk/integrations/django/middleware.py", line 134, in __call__
    return f(*args, **kwargs)
  File "/Users/sqw/.local/share/virtualenvs/Django_rapid_program-dg1zeGe0/lib/python3.8/site-packages/sentry_sdk/integrations/django/middleware.py", line 90, in sentry_wrapped_method
    return old_method(*args, **kwargs)
  File "/Users/sqw/.local/share/virtualenvs/Django_rapid_program-dg1zeGe0/lib/python3.8/site-packages/django/utils/deprecation.py", line 113, in __call__
    response = self.process_request(request)
  File "/Users/sqw/.local/share/virtualenvs/Django_rapid_program-dg1zeGe0/lib/python3.8/site-packages/django/middleware/cache.py", line 145, in process_request
    cache_key = get_cache_key(request, self.key_prefix, 'GET', cache=self.cache)
  File "/Users/sqw/.local/share/virtualenvs/Django_rapid_program-dg1zeGe0/lib/python3.8/site-packages/django/utils/cache.py", line 360, in get_cache_key
    headerlist = cache.get(cache_key)
  File "/Users/sqw/.local/share/virtualenvs/Django_rapid_program-dg1zeGe0/lib/python3.8/site-packages/debug_toolbar/panels/cache.py", line 29, in wrapped
    value = method(self, *args, **kwargs)
  File "/Users/sqw/.local/share/virtualenvs/Django_rapid_program-dg1zeGe0/lib/python3.8/site-packages/debug_toolbar/panels/cache.py", line 80, in get
    return self.cache.get(*args, **kwargs)
  File "/Users/sqw/.local/share/virtualenvs/Django_rapid_program-dg1zeGe0/lib/python3.8/site-packages/django_redis/cache.py", line 87, in get
    value = self._get(key, default, version, client)
  File "/Users/sqw/.local/share/virtualenvs/Django_rapid_program-dg1zeGe0/lib/python3.8/site-packages/django_redis/cache.py", line 34, in _decorator
    raise e.__cause__
  File "/Users/sqw/.local/share/virtualenvs/Django_rapid_program-dg1zeGe0/lib/python3.8/site-packages/django_redis/client/default.py", line 220, in get
    value = client.get(key)
  File "/Users/sqw/.local/share/virtualenvs/Django_rapid_program-dg1zeGe0/lib/python3.8/site-packages/redis/client.py", line 1606, in get
    return self.execute_command('GET', name)
  File "/Users/sqw/.local/share/virtualenvs/Django_rapid_program-dg1zeGe0/lib/python3.8/site-packages/redis/client.py", line 898, in execute_command
    conn = self.connection or pool.get_connection(command_name, **options)
  File "/Users/sqw/.local/share/virtualenvs/Django_rapid_program-dg1zeGe0/lib/python3.8/site-packages/redis/connection.py", line 1192, in get_connection
    connection.connect()
  File "/Users/sqw/.local/share/virtualenvs/Django_rapid_program-dg1zeGe0/lib/python3.8/site-packages/redis/connection.py", line 563, in connect
    raise ConnectionError(self._error_message(e))
redis.exceptions.ConnectionError: Error 61 connecting to 127.0.0.1:6379. Connection refused.
2021-01-16 18:28:19,878 django.security.SuspiciousSession 131 WARNING  Session data corrupted
2021-01-16 18:29:37,951 django.security.SuspiciousSession 131 WARNING  Session data corrupted
2021-01-16 18:29:38,069 django.security.SuspiciousSession 131 WARNING  Session data corrupted
2021-01-16 18:29:38,609 django.security.SuspiciousSession 131 WARNING  Session data corrupted
2021-01-16 18:29:38,618 django.request 224 WARNING  Not Found: /favicon.ico
2021-01-16 18:29:41,779 django.security.SuspiciousSession 131 WARNING  Session data corrupted
2021-01-17 17:30:35,970 jobs.apps    12 INFO     JobConfig ready
2021-01-17 17:30:37,119 jobs.apps    12 INFO     JobConfig ready
2021-01-17 17:30:37,136 django.utils.autoreload 617 INFO     Watching for file changes with StatReloader
2021-01-17 17:35:07,025 django.utils.autoreload 240 INFO     /Users/sqw/PycharmProjects/Django_rapid_program/recruitment/settings/base.py changed, reloading.
2021-01-17 17:35:08,297 jobs.apps    12 INFO     JobConfig ready
2021-01-17 17:35:08,315 django.utils.autoreload 617 INFO     Watching for file changes with StatReloader
2021-01-17 17:37:44,461 django.utils.autoreload 240 INFO     /Users/sqw/PycharmProjects/Django_rapid_program/recruitment/settings/base.py changed, reloading.
2021-01-17 17:37:45,853 jobs.apps    12 INFO     JobConfig ready
2021-01-17 17:37:45,874 django.utils.autoreload 617 INFO     Watching for file changes with StatReloader
